#
# A fatal error has been detected by the Java Runtime Environment:
#
#  EXCEPTION_ACCESS_VIOLATION (0xc0000005) at pc=0x000007f9dfc159c1, pid=4456, tid=5232
#
# JRE version: 7.0_25-b17
# Java VM: Java HotSpot(TM) 64-Bit Server VM (23.25-b01 mixed mode windows-amd64 compressed oops)
# Problematic frame:
# C  [ntdll.dll+0x59c1]  RtlInterlockedFlushSList+0x3d
#
# Failed to write core dump. Minidumps are not enabled by default on client versions of Windows
#
# If you would like to submit a bug report, please visit:
#   http://bugreport.sun.com/bugreport/crash.jsp
# The crash happened outside the Java Virtual Machine in native code.
# See problematic frame for where to report the bug.
#

---------------  T H R E A D  ---------------

Current thread (0x0000000012035000):  JavaThread "AWT-EventQueue-0" [_thread_in_native, id=5232, stack(0x0000000013310000,0x0000000013410000)]

siginfo: ExceptionCode=0xc0000005, reading address 0xffffffffffffffff

Registers:
RAX=0x43160000431d0000, RBX=0x4b0600004b7d7ff8, RCX=0x0000000000000000, RDX=0x00000000002b002b
RSP=0x000000001340cbc0, RBP=0x0000000002f602c8, RSI=0x000000001200adb0, RDI=0x0000000012039e70
R8 =0x43160000431d0000, R9 =0x43160000431d0000, R10=0x0000000000000073, R11=0x3f80000043040000
R12=0x0000000002f61800, R13=0x0000000002f60000, R14=0x00000000000000ff, R15=0x0000000000000400
RIP=0x000007f9dfc159c1, EFLAGS=0x0000000000010247

Top of Stack: (sp=0x000000001340cbc0)
0x000000001340cbc0:   0000000000000000 000000001340d100
0x000000001340cbd0:   000000001340ce90 000000001340ccd0
0x000000001340cbe0:   0000000011c28ae0 00000000034b1ff0
0x000000001340cbf0:   0000000002f602c8 0000000011d4a701
0x000000001340cc00:   00000000000000b0 0000000002f60cc0
0x000000001340cc10:   fffffff800000020 0000000000000000
0x000000001340cc20:   0000000000000000 0000000000000000
0x000000001340cc30:   0000000000000000 000000000000000b
0x000000001340cc40:   00000000034b0000 00000000000000b0
0x000000001340cc50:   00000000000000a0 000007f9dfc156ea
0x000000001340cc60:   0000000000000000 0000000000000000
0x000000001340cc70:   00000000000000a0 0000000000000000
0x000000001340cc80:   0000000000000048 000007f9dfc15740
0x000000001340cc90:   0000000000000002 0000000000000000
0x000000001340cca0:   0000000000000048 0000012c00000000
0x000000001340ccb0:   00000007c0cc77b8 0000000400000000 

Instructions: (pc=0x000007f9dfc159c1)
0x000007f9dfc159a1:   e0 e9 52 ac 09 00 cc 4c 3b cb 0f 84 fd 02 00 00
0x000007f9dfc159b1:   49 83 c1 08 eb 01 cc 4c 3b c8 0f 84 23 ad 09 00
0x000007f9dfc159c1:   49 83 39 ff 0f 85 19 ad 09 00 eb db cc 41 3b d1
0x000007f9dfc159d1:   0f 82 42 b7 09 00 49 8b 08 41 2b d1 3b 51 24 0f 


Register to memory mapping:

RAX=0x43160000431d0000 is an unknown value
RBX=0x4b0600004b7d7ff8 is an unknown value
RCX=0x0000000000000000 is an unknown value
RDX=0x00000000002b002b is an unknown value
RSP=0x000000001340cbc0 is pointing into the stack for thread: 0x0000000012035000
RBP=0x0000000002f602c8 is an unknown value
RSI=0x000000001200adb0 is an unknown value
RDI=0x0000000012039e70 is an unknown value
R8 =0x43160000431d0000 is an unknown value
R9 =0x43160000431d0000 is an unknown value
R10=0x0000000000000073 is an unknown value
R11=0x3f80000043040000 is an unknown value
R12=0x0000000002f61800 is an unknown value
R13=0x0000000002f60000 is an unknown value
R14=0x00000000000000ff is an unknown value
R15=0x0000000000000400 is an unknown value


Stack: [0x0000000013310000,0x0000000013410000],  sp=0x000000001340cbc0,  free space=1010k
Native frames: (J=compiled Java code, j=interpreted, Vv=VM code, C=native code)
C  [ntdll.dll+0x59c1]  RtlInterlockedFlushSList+0x3d

Java frames: (J=compiled Java code, j=interpreted, Vv=VM code)
j  java.awt.KeyboardFocusManager.isProxyActiveImpl(Ljava/awt/event/KeyEvent;)Z+6
j  java.awt.KeyboardFocusManager.isProxyActive(Ljava/awt/event/KeyEvent;)Z+7
j  java.awt.DefaultKeyboardFocusManager.preDispatchKeyEvent(Ljava/awt/event/KeyEvent;)Z+42
j  java.awt.DefaultKeyboardFocusManager.typeAheadAssertions(Ljava/awt/Component;Ljava/awt/AWTEvent;)Z+154
j  java.awt.DefaultKeyboardFocusManager.dispatchEvent(Ljava/awt/AWTEvent;)Z+1548
j  java.awt.Component.dispatchEventImpl(Ljava/awt/AWTEvent;)V+144
j  java.awt.Container.dispatchEventImpl(Ljava/awt/AWTEvent;)V+42
j  java.awt.Window.dispatchEventImpl(Ljava/awt/AWTEvent;)V+19
j  java.awt.Component.dispatchEvent(Ljava/awt/AWTEvent;)V+2
j  java.awt.EventQueue.dispatchEventImpl(Ljava/awt/AWTEvent;Ljava/lang/Object;)V+41
j  java.awt.EventQueue.access$200(Ljava/awt/EventQueue;Ljava/awt/AWTEvent;Ljava/lang/Object;)V+3
j  java.awt.EventQueue$3.run()Ljava/lang/Void;+12
j  java.awt.EventQueue$3.run()Ljava/lang/Object;+1
v  ~StubRoutines::call_stub
j  java.security.AccessController.doPrivileged(Ljava/security/PrivilegedAction;Ljava/security/AccessControlContext;)Ljava/lang/Object;+0
j  java.security.ProtectionDomain$1.doIntersectionPrivilege(Ljava/security/PrivilegedAction;Ljava/security/AccessControlContext;Ljava/security/AccessControlContext;)Ljava/lang/Object;+28
j  java.security.ProtectionDomain$1.doIntersectionPrivilege(Ljava/security/PrivilegedAction;Ljava/security/AccessControlContext;)Ljava/lang/Object;+6
j  java.awt.EventQueue$4.run()Ljava/lang/Void;+11
j  java.awt.EventQueue$4.run()Ljava/lang/Object;+1
v  ~StubRoutines::call_stub
j  java.security.AccessController.doPrivileged(Ljava/security/PrivilegedAction;Ljava/security/AccessControlContext;)Ljava/lang/Object;+0
j  java.security.ProtectionDomain$1.doIntersectionPrivilege(Ljava/security/PrivilegedAction;Ljava/security/AccessControlContext;Ljava/security/AccessControlContext;)Ljava/lang/Object;+28
j  java.awt.EventQueue.dispatchEvent(Ljava/awt/AWTEvent;)V+73
j  java.awt.EventDispatchThread.pumpOneEventForFilters(I)V+245
j  java.awt.EventDispatchThread.pumpEventsForFilter(ILjava/awt/Conditional;Ljava/awt/EventFilter;)V+35
j  java.awt.EventDispatchThread.pumpEventsForHierarchy(ILjava/awt/Conditional;Ljava/awt/Component;)V+11
j  java.awt.EventDispatchThread.pumpEvents(ILjava/awt/Conditional;)V+4
j  java.awt.EventDispatchThread.pumpEvents(Ljava/awt/Conditional;)V+3
j  java.awt.EventDispatchThread.run()V+9
v  ~StubRoutines::call_stub

---------------  P R O C E S S  ---------------

Java Threads: ( => current thread )
=>0x0000000012035000 JavaThread "AWT-EventQueue-0" [_thread_in_native, id=5232, stack(0x0000000013310000,0x0000000013410000)]
  0x0000000011cc5800 JavaThread "AWT-Windows" daemon [_thread_in_native, id=1304, stack(0x0000000012b70000,0x0000000012c70000)]
  0x0000000011cc4800 JavaThread "AWT-Shutdown" [_thread_blocked, id=4660, stack(0x0000000012a70000,0x0000000012b70000)]
  0x0000000012001800 JavaThread "Java2D Disposer" daemon [_thread_blocked, id=284, stack(0x0000000012970000,0x0000000012a70000)]
  0x000000000dcd9000 JavaThread "Service Thread" daemon [_thread_blocked, id=3148, stack(0x0000000011d50000,0x0000000011e50000)]
  0x000000000dcd4800 JavaThread "C2 CompilerThread1" daemon [_thread_blocked, id=1836, stack(0x0000000011850000,0x0000000011950000)]
  0x000000000dcca000 JavaThread "C2 CompilerThread0" daemon [_thread_blocked, id=5252, stack(0x0000000011750000,0x0000000011850000)]
  0x000000000dcc8800 JavaThread "Attach Listener" daemon [_thread_blocked, id=6036, stack(0x0000000011650000,0x0000000011750000)]
  0x000000000dcc3800 JavaThread "Signal Dispatcher" daemon [_thread_blocked, id=4512, stack(0x0000000011550000,0x0000000011650000)]
  0x000000000dc3f000 JavaThread "Finalizer" daemon [_thread_blocked, id=4684, stack(0x0000000011450000,0x0000000011550000)]
  0x000000000dc37800 JavaThread "Reference Handler" daemon [_thread_blocked, id=6096, stack(0x0000000011350000,0x0000000011450000)]
  0x00000000034be000 JavaThread "main" [_thread_blocked, id=6032, stack(0x0000000003320000,0x0000000003420000)]

Other Threads:
  0x000000000dc32000 VMThread [stack: 0x0000000011250000,0x0000000011350000] [id=3508]
  0x000000001196c800 WatcherThread [stack: 0x0000000011e50000,0x0000000011f50000] [id=5240]

VM state:not at safepoint (normal execution)

VM Mutex/Monitor currently owned by a thread: None

Heap
 PSYoungGen      total 57088K, used 10788K [0x00000007c0400000, 0x00000007c43b0000, 0x0000000800000000)
  eden space 48960K, 22% used [0x00000007c0400000,0x00000007c0e89260,0x00000007c33d0000)
  from space 8128K, 0% used [0x00000007c3bc0000,0x00000007c3bc0000,0x00000007c43b0000)
  to   space 8128K, 0% used [0x00000007c33d0000,0x00000007c33d0000,0x00000007c3bc0000)
 ParOldGen       total 130560K, used 0K [0x0000000740c00000, 0x0000000748b80000, 0x00000007c0400000)
  object space 130560K, 0% used [0x0000000740c00000,0x0000000740c00000,0x0000000748b80000)
 PSPermGen       total 21248K, used 9284K [0x000000073ba00000, 0x000000073cec0000, 0x0000000740c00000)
  object space 21248K, 43% used [0x000000073ba00000,0x000000073c311170,0x000000073cec0000)

Card table byte_map: [0x0000000006680000,0x0000000006cb0000] byte_map_base: 0x0000000002ca3000

Polling page: 0x0000000002ae0000

Code Cache  [0x00000000035c0000, 0x0000000003830000, 0x00000000065c0000)
 total_blobs=490 nmethods=45 adapters=396 free_code_cache=48552Kb largest_free_block=49695936

Compilation events (10 events):
Event: 0.544 Thread 0x000000000dcca000 nmethod 39 0x00000000036534d0 code [0x0000000003653600, 0x0000000003653678]
Event: 0.544 Thread 0x000000000dcca000   41             java.nio.Buffer::nextPutIndex (31 bytes)
Event: 0.544 Thread 0x000000000dcca000 nmethod 41 0x0000000003653290 code [0x00000000036533c0, 0x0000000003653438]
Event: 0.544 Thread 0x000000000dcca000   43             java.nio.DirectByteBuffer::get (15 bytes)
Event: 0.544 Thread 0x000000000dcd4800 nmethod 40 0x0000000003652f90 code [0x00000000036530c0, 0x0000000003653198]
Event: 0.544 Thread 0x000000000dcd4800   44             java.nio.DirectByteBuffer::ix (10 bytes)
Event: 0.545 Thread 0x000000000dcd4800 nmethod 44 0x0000000003652d90 code [0x0000000003652ec0, 0x0000000003652f18]
Event: 0.545 Thread 0x000000000dcca000 nmethod 43 0x0000000003652b10 code [0x0000000003652c40, 0x0000000003652cd8]
Event: 0.545 Thread 0x000000000dcd4800    1 %           com.googlecode.javacv.cpp.opencv_core$IplImage::flipCopyWithGamma @ 484 (608 bytes)
Event: 0.586 Thread 0x000000000dcd4800 nmethod 1% 0x0000000003658810 code [0x0000000003658ae0, 0x000000000365a5a0]

GC Heap History (0 events):
No events

Deoptimization events (1 events):
Event: 0.456 Thread 0x00000000034be000 Uncommon trap -12 fr.pc 0x000000000362e9d8

Internal exceptions (10 events):
Event: 0.408 Thread 0x00000000034be000 Threw 0x00000007c0b1b168 at C:\jdk7u2_64p\jdk7u25\hotspot\src\share\vm\prims\jvm.cpp:1235
Event: 0.408 Thread 0x00000000034be000 Threw 0x00000007c0b1fa40 at C:\jdk7u2_64p\jdk7u25\hotspot\src\share\vm\prims\jvm.cpp:1235
Event: 0.414 Thread 0x00000000034be000 Threw 0x00000007c0b28c00 at C:\jdk7u2_64p\jdk7u25\hotspot\src\share\vm\prims\jni.cpp:716
Event: 0.433 Thread 0x00000000034be000 Threw 0x00000007c0b48028 at C:\jdk7u2_64p\jdk7u25\hotspot\src\share\vm\prims\jni.cpp:716
Event: 0.455 Thread 0x00000000034be000 Implicit null exception at 0x000000000362e7d8 to 0x000000000362e9c9
Event: 0.467 Thread 0x00000000034be000 Threw 0x00000007c0ca7b48 at C:\jdk7u2_64p\jdk7u25\hotspot\src\share\vm\prims\jvm.cpp:1235
Event: 0.468 Thread 0x00000000034be000 Threw 0x00000007c0cabe38 at C:\jdk7u2_64p\jdk7u25\hotspot\src\share\vm\prims\jvm.cpp:1235
Event: 0.490 Thread 0x0000000012035000 Threw 0x00000007c0db7e88 at C:\jdk7u2_64p\jdk7u25\hotspot\src\share\vm\prims\jni.cpp:716
Event: 0.490 Thread 0x0000000012035000 Threw 0x00000007c0db8360 at C:\jdk7u2_64p\jdk7u25\hotspot\src\share\vm\interpreter\linkResolver.cpp:805
Event: 0.549 Thread 0x00000000034be000 Threw 0x00000007c0cc3cc0 at C:\jdk7u2_64p\jdk7u25\hotspot\src\share\vm\prims\jvm.cpp:1235

Events (10 events):
Event: 0.554 loading class 0x00000000120225a0 done
Event: 0.555 loading class 0x0000000012022720 done
Event: 0.555 loading class 0x0000000012006620 done
Event: 0.555 loading class 0x0000000011cc26e0
Event: 0.555 loading class 0x0000000011cac650
Event: 0.555 loading class 0x00000000120130e0
Event: 0.555 loading class 0x00000000120130e0 done
Event: 0.555 loading class 0x0000000011cac650 done
Event: 0.555 loading class 0x0000000011cc26e0 done
Event: 1.623 loading class 0x0000000011ffac60


Dynamic libraries:
0x000007f6a1ef0000 - 0x000007f6a1f23000 	C:\Program Files\Java\jre7\bin\javaw.exe
0x000007f9dfc10000 - 0x000007f9dfdd0000 	C:\Windows\SYSTEM32\ntdll.dll
0x000007f9dd150000 - 0x000007f9dd286000 	C:\Windows\system32\KERNEL32.DLL
0x000007f9dcb90000 - 0x000007f9dcc83000 	C:\Windows\system32\KERNELBASE.dll
0x000007f9df100000 - 0x000007f9df1de000 	C:\Windows\system32\ADVAPI32.dll
0x000007f9dfac0000 - 0x000007f9dfc0c000 	C:\Windows\system32\USER32.dll
0x000007f9d8990000 - 0x000007f9d8bfa000 	C:\Windows\WinSxS\amd64_microsoft.windows.common-controls_6595b64144ccf1df_6.0.9200.16579_none_418ab7ef718b27ef\COMCTL32.dll
0x000007f9dd450000 - 0x000007f9dd4f5000 	C:\Windows\system32\msvcrt.dll
0x000007f9df360000 - 0x000007f9df3a8000 	C:\Windows\SYSTEM32\sechost.dll
0x000007f9dd000000 - 0x000007f9dd145000 	C:\Windows\system32\RPCRT4.dll
0x000007f9dd9b0000 - 0x000007f9ddaf1000 	C:\Windows\system32\GDI32.dll
0x000007f9dd970000 - 0x000007f9dd9a9000 	C:\Windows\system32\IMM32.DLL
0x000007f9dd850000 - 0x000007f9dd965000 	C:\Windows\system32\MSCTF.dll
0x000007f9dca60000 - 0x000007f9dcaa1000 	C:\Windows\system32\nvinitx.dll
0x000000000f000000 - 0x000000000f006000 	C:\Program Files\NVIDIA Corporation\CoProcManager\detoured.dll
0x000007f9d8c60000 - 0x000007f9d8cb6000 	C:\Program Files\NVIDIA Corporation\CoProcManager\nvd3d9wrapx.dll
0x000007f9df3b0000 - 0x000007f9df580000 	C:\Windows\system32\SETUPAPI.dll
0x000007f9dcf80000 - 0x000007f9dcfcf000 	C:\Windows\system32\CFGMGR32.dll
0x000007f9dcfd0000 - 0x000007f9dcff2000 	C:\Windows\system32\DEVOBJ.dll
0x000007f9d8cd0000 - 0x000007f9d8d0d000 	C:\Program Files\NVIDIA Corporation\CoProcManager\nvdxgiwrapx.dll
0x000000006cd20000 - 0x000000006cdf1000 	C:\Program Files\Java\jre7\bin\msvcr100.dll
0x000000006c2f0000 - 0x000000006c9ff000 	C:\Program Files\Java\jre7\bin\server\jvm.dll
0x000007f9d8cc0000 - 0x000007f9d8cc9000 	C:\Windows\SYSTEM32\WSOCK32.dll
0x000007f9d5300000 - 0x000007f9d5320000 	C:\Windows\SYSTEM32\WINMM.dll
0x000007f9dd800000 - 0x000007f9dd807000 	C:\Windows\system32\PSAPI.DLL
0x000007f9df7b0000 - 0x000007f9df808000 	C:\Windows\system32\WS2_32.dll
0x000007f9d5230000 - 0x000007f9d5263000 	C:\Windows\SYSTEM32\WINMMBASE.dll
0x000007f9dd440000 - 0x000007f9dd449000 	C:\Windows\system32\NSI.dll
0x000000006cd10000 - 0x000000006cd1f000 	C:\Program Files\Java\jre7\bin\verify.dll
0x000000006cce0000 - 0x000000006cd08000 	C:\Program Files\Java\jre7\bin\java.dll
0x000000006ccc0000 - 0x000000006ccd5000 	C:\Program Files\Java\jre7\bin\zip.dll
0x000000006dd00000 - 0x000000006dd98000 	C:\Windows\System32\msvcp100.dll
0x000007f9c8af0000 - 0x000007f9c8d5f000 	C:\opencv\build\x64\vc10\bin\opencv_core246.dll
0x000007f9d2390000 - 0x000007f9d242a000 	C:\Users\±Ë«—º∫\AppData\Local\Temp\javacpp2598989061238\jniopencv_core.dll
0x0000000066840000 - 0x00000000675ca000 	C:\opencv\build\x64\vc10\bin\opencv_ffmpeg246_64.dll
0x000007f9c6fc0000 - 0x000007f9c7273000 	C:\opencv\build\x64\vc10\bin\opencv_imgproc246.dll
0x000007f9ca220000 - 0x000007f9ca470000 	C:\opencv\build\x64\vc10\bin\opencv_highgui246.dll
0x000007f9df1e0000 - 0x000007f9df35e000 	C:\Windows\system32\ole32.dll
0x000007f9df030000 - 0x000007f9df0f3000 	C:\Windows\system32\OLEAUT32.dll
0x000007f9d97f0000 - 0x000007f9d9810000 	C:\Windows\SYSTEM32\AVIFIL32.dll
0x000007f9d4fc0000 - 0x000007f9d4fe9000 	C:\Windows\SYSTEM32\MSVFW32.dll
0x000007f9d3c30000 - 0x000007f9d3c47000 	C:\Windows\SYSTEM32\AVICAP32.dll
0x000007f9df810000 - 0x000007f9df9c0000 	C:\Windows\SYSTEM32\combase.dll
0x000007f9d0d90000 - 0x000007f9d0da9000 	C:\Windows\SYSTEM32\MSACM32.dll
0x000007f9ddd50000 - 0x000007f9df030000 	C:\Windows\system32\SHELL32.dll
0x000007f9da420000 - 0x000007f9da429000 	C:\Windows\SYSTEM32\VERSION.dll
0x000007f9dd3f0000 - 0x000007f9dd440000 	C:\Windows\system32\SHLWAPI.dll
0x000007f9d3b50000 - 0x000007f9d3b63000 	C:\Users\±Ë«—º∫\AppData\Local\Temp\javacpp2598989061238\jniopencv_highgui.dll
0x000007f9d32c0000 - 0x000007f9d330c000 	C:\Users\±Ë«—º∫\AppData\Local\Temp\javacpp2598989061238\jniopencv_imgproc.dll
0x000000006c150000 - 0x000000006c2e5000 	C:\Program Files\Java\jre7\bin\awt.dll
0x000007f9d68c0000 - 0x000007f9d695f000 	C:\Windows\system32\apphelp.dll
0x000007f9da9c0000 - 0x000007f9da9e1000 	C:\Windows\system32\DWMAPI.DLL
0x000007f9db860000 - 0x000007f9db946000 	C:\Windows\system32\uxtheme.dll
0x0000000180000000 - 0x0000000180031000 	C:\Windows\system32\ImageSAFERFilter.dll
0x000000006df90000 - 0x000000006e063000 	C:\Windows\WinSxS\amd64_microsoft.vc90.crt_1fc8b3b9a1e18e3b_9.0.30729.6871_none_08e717a5a83adddf\MSVCP90.dll
0x000000006dee0000 - 0x000000006df83000 	C:\Windows\WinSxS\amd64_microsoft.vc90.crt_1fc8b3b9a1e18e3b_9.0.30729.6871_none_08e717a5a83adddf\MSVCR90.dll
0x000007f9d9270000 - 0x000007f9d929e000 	C:\Windows\SYSTEM32\ntmarta.dll
0x000007f9d2030000 - 0x000007f9d2037000 	C:\Windows\SYSTEM32\MSIMG32.dll
0x000007f9dc9e0000 - 0x000007f9dc9ea000 	C:\Windows\SYSTEM32\CRYPTBASE.dll
0x000007f9dc850000 - 0x000007f9dc8ac000 	C:\Windows\SYSTEM32\bcryptPrimitives.dll
0x000007f9dbc30000 - 0x000007f9dbcc6000 	C:\Windows\SYSTEM32\shcore.dll
0x000000006cc40000 - 0x000000006cc7f000 	C:\Program Files\Java\jre7\bin\fontmanager.dll
0x000007f9df9c0000 - 0x000007f9dfa56000 	C:\Windows\SYSTEM32\clbcatq.dll
0x000007f9d4eb0000 - 0x000007f9d4f72000 	C:\Windows\System32\IME\IMEKR\imkrtip.dll
0x000007f9d63b0000 - 0x000007f9d650a000 	C:\Windows\SYSTEM32\PROPSYS.dll
0x000007f9d4de0000 - 0x000007f9d4ea6000 	C:\Windows\System32\IME\shared\imetip.dll
0x000007f9d7f80000 - 0x000007f9d7fe9000 	C:\Windows\SYSTEM32\OLEACC.dll
0x000007f9da9f0000 - 0x000007f9daba9000 	C:\Windows\SYSTEM32\DUI70.dll
0x000007f9d4db0000 - 0x000007f9d4ddd000 	C:\Windows\System32\IME\IMEKR\imkrapi.dll
0x000007f9d4d80000 - 0x000007f9d4daf000 	C:\Windows\System32\IME\shared\imjkapi.dll
0x000007f9da800000 - 0x000007f9da963000 	C:\Windows\SYSTEM32\dbghelp.dll

VM Arguments:
jvm_args: -Dfile.encoding=UTF-8 
java_command: kr.hs.sshs.JavaPTS.Main_SingleImage
Launcher Type: SUN_STANDARD

Environment Variables:
CLASSPATH=.;C:\Program Files (x86)\Java\jre7\lib\ext\QTJava.zip
PATH=C:\Program Files (x86)\Haskell\bin;C:\Program Files (x86)\Haskell Platform\2013.2.0.0\lib\extralibs\bin;C:\Program Files (x86)\Haskell Platform\2013.2.0.0\bin;C:\Program Files (x86)\Ruby\bin;C:\Python33\;C:\Program Files (x86)\NVIDIA Corporation\PhysX\Common;C:\Windows\system32;C:\Windows;C:\Windows\System32\Wbem;C:\Windows\System32\WindowsPowerShell\v1.0\;C:\Program Files\Microsoft SQL Server\110\Tools\Binn\;D:\Program Files\Xuggle\bin;D:\Program Files\MATLAB\R2012a\runtime\win64;D:\Program Files\MATLAB\R2012a\bin;C:\Program Files (x86)\QuickTime\QTSystem\;C:\Program Files (x86)\Git\cmd;C:\Program Files (x86)\Haskell Platform\2013.2.0.0\mingw\bin;C:\ffmpeg\ffmpeg-20130915-git-7ac6c63-win64-shared\bin;C:\opencv\build\x64\vc10\bin;C:\Users\±Ë«—º∫\AppData\Roaming\cabal\bin;D:\Program Files\Midnight Commander;D:\MinGW\bin;D:\MinGW\msys\1.0\bin;C:\Users\±Ë«—º∫\.lein\bin;C:\ffmpeg\ffmpeg-20130915-git-7ac6c63-win64-shared\bin;C:\opencv\build\x64\vc10\bin
USERNAME=±Ë«—º∫
OS=Windows_NT
PROCESSOR_IDENTIFIER=Intel64 Family 6 Model 42 Stepping 7, GenuineIntel



---------------  S Y S T E M  ---------------

OS: Windows 8 , 64 bit Build 9200 

CPU:total 8 (4 cores per cpu, 2 threads per core) family 6 model 42 stepping 7, cmov, cx8, fxsr, mmx, sse, sse2, sse3, ssse3, sse4.1, sse4.2, popcnt, avx, ht, tsc, tscinvbit

Memory: 4k page, physical 12529500k(9537524k free), swap 14298972k(10734724k free)

vm_info: Java HotSpot(TM) 64-Bit Server VM (23.25-b01) for windows-amd64 JRE (1.7.0_25-b17), built on Jun 21 2013 12:58:32 by "java_re" with unknown MS VC++:1600

time: Thu Sep 26 22:17:25 2013
elapsed time: 1 seconds

