#
# A fatal error has been detected by the Java Runtime Environment:
#
#  EXCEPTION_UNCAUGHT_CXX_EXCEPTION (0xe06d7363) at pc=0x75bdc41f, pid=7228, tid=6912
#
# JRE version: 7.0_09-b05
# Java VM: Java HotSpot(TM) Client VM (23.5-b02 mixed mode, sharing windows-x86 )
# Problematic frame:
# C  [KERNELBASE.dll+0xc41f]  RaiseException+0x58
#
# Failed to write core dump. Minidumps are not enabled by default on client versions of Windows
#
# If you would like to submit a bug report, please visit:
#   http://bugreport.sun.com/bugreport/crash.jsp
# The crash happened outside the Java Virtual Machine in native code.
# See problematic frame for where to report the bug.
#

---------------  T H R E A D  ---------------

Current thread (0x0080b400):  JavaThread "main" [_thread_in_native, id=6912, stack(0x00860000,0x008b0000)]

siginfo: ExceptionCode=0xe06d7363, ExceptionInformation=0x19930520 0x0089f21c 0x64bc2598 

Registers:
EAX=0x0089f178, EBX=0x000001ef, ECX=0x00000003, EDX=0x00000000
ESP=0x0089f178, EBP=0x0089f1c8, ESI=0x008af2cc, EDI=0x6b8d1ec6
EIP=0x75bdc41f, EFLAGS=0x00000216

Top of Stack: (sp=0x0089f178)
0x0089f178:   e06d7363 00000001 00000000 75bdc41f
0x0089f188:   00000003 19930520 0089f21c 64bc2598
0x0089f198:   00000000 09180a98 0089f280 0089f18c
0x0089f1a8:   0089f280 0000002d 0089f1d0 64a03b1e
0x0089f1b8:   09180a98 09180a60 0000002d 008af2cc
0x0089f1c8:   0089f200 6b8e7819 e06d7363 00000001
0x0089f1d8:   00000003 0089f1f4 e06d7363 00000001
0x0089f1e8:   00000000 00000000 00000003 19930520 

Instructions: (pc=0x75bdc41f)
0x75bdc3ff:   02 50 ff 75 14 8d 45 c4 50 e8 05 ad 02 00 83 c4
0x75bdc40f:   0c eb 03 89 45 c0 8d 45 b0 50 ff 15 5c 11 bd 75
0x75bdc41f:   c9 c2 10 00 cc cc cc cc cc 8b ff 55 8b ec 56 8b
0x75bdc42f:   75 08 83 fe f4 72 18 83 fe f6 77 13 8d 45 08 50 


Register to memory mapping:

EAX=0x0089f178 is pointing into the stack for thread: 0x0080b400
EBX=0x000001ef is an unknown value
ECX=0x00000003 is an unknown value
EDX=0x00000000 is an unknown value
ESP=0x0089f178 is pointing into the stack for thread: 0x0080b400
EBP=0x0089f1c8 is pointing into the stack for thread: 0x0080b400
ESI=0x008af2cc is pointing into the stack for thread: 0x0080b400
EDI=0x6b8d1ec6 is an unknown value


Stack: [0x00860000,0x008b0000],  sp=0x0089f178,  free space=252k
Native frames: (J=compiled Java code, j=interpreted, Vv=VM code, C=native code)
C  [KERNELBASE.dll+0xc41f]  RaiseException+0x58
C  [msvcr100.dll+0x27819]  CxxThrowException+0x45

Java frames: (J=compiled Java code, j=interpreted, Vv=VM code)
j  com.googlecode.javacv.cpp.opencv_core.cvCopy(Lcom/googlecode/javacv/cpp/opencv_core$CvArr;Lcom/googlecode/javacv/cpp/opencv_core$CvArr;Lcom/googlecode/javacv/cpp/opencv_core$CvArr;)V+0
j  com.googlecode.javacv.cpp.opencv_core.cvCopy(Lcom/googlecode/javacv/cpp/opencv_core$CvArr;Lcom/googlecode/javacv/cpp/opencv_core$CvArr;)V+3
j  kr.hs.sshs.JavaPTS.Main.main([Ljava/lang/String;)V+266
v  ~StubRoutines::call_stub

---------------  P R O C E S S  ---------------

Java Threads: ( => current thread )
  0x04b80400 JavaThread "AWT-EventQueue-0" [_thread_blocked, id=1248, stack(0x059a0000,0x059f0000)]
  0x04b73c00 JavaThread "AWT-Windows" daemon [_thread_in_native, id=8040, stack(0x04e60000,0x04eb0000)]
  0x04b73400 JavaThread "AWT-Shutdown" [_thread_blocked, id=7500, stack(0x04e10000,0x04e60000)]
  0x04b6dc00 JavaThread "Java2D Disposer" daemon [_thread_blocked, id=5240, stack(0x04d80000,0x04dd0000)]
  0x04a38800 JavaThread "Service Thread" daemon [_thread_blocked, id=7324, stack(0x00dd0000,0x00e20000)]
  0x00f4d000 JavaThread "C1 CompilerThread0" daemon [_thread_blocked, id=6796, stack(0x049e0000,0x04a30000)]
  0x00f4c000 JavaThread "Attach Listener" daemon [_thread_blocked, id=6868, stack(0x01290000,0x012e0000)]
  0x00f48c00 JavaThread "Signal Dispatcher" daemon [_thread_blocked, id=8044, stack(0x01160000,0x011b0000)]
  0x00f24000 JavaThread "Finalizer" daemon [_thread_blocked, id=2432, stack(0x012f0000,0x01340000)]
  0x00f22400 JavaThread "Reference Handler" daemon [_thread_blocked, id=5672, stack(0x00d30000,0x00d80000)]
=>0x0080b400 JavaThread "main" [_thread_in_native, id=6912, stack(0x00860000,0x008b0000)]

Other Threads:
  0x00f20800 VMThread [stack: 0x010a0000,0x010f0000] [id=7692]
  0x00f54000 WatcherThread [stack: 0x00810000,0x00860000] [id=6076]

VM state:not at safepoint (normal execution)

VM Mutex/Monitor currently owned by a thread: None

Heap
 def new generation   total 11904K, used 6325K [0x24260000, 0x24f40000, 0x297b0000)
  eden space 10624K,  59% used [0x24260000, 0x2488d558, 0x24cc0000)
  from space 1280K,   0% used [0x24e00000, 0x24e00000, 0x24f40000)
  to   space 1280K,   0% used [0x24cc0000, 0x24cc0000, 0x24e00000)
 tenured generation   total 26340K, used 13172K [0x297b0000, 0x2b169000, 0x34260000)
   the space 26340K,  50% used [0x297b0000, 0x2a48d2d8, 0x2a48d400, 0x2b169000)
 compacting perm gen  total 12288K, used 2152K [0x34260000, 0x34e60000, 0x38260000)
   the space 12288K,  17% used [0x34260000, 0x3447a2f0, 0x3447a400, 0x34e60000)
    ro space 10240K,  42% used [0x38260000, 0x386a0348, 0x386a0400, 0x38c60000)
    rw space 12288K,  54% used [0x38c60000, 0x392e06f0, 0x392e0800, 0x39860000)

Card table byte_map: [0x00f70000,0x01020000] byte_map_base: 0x00e4ed00

Polling page: 0x000a0000

Code Cache  [0x027f0000, 0x02978000, 0x047f0000)
 total_blobs=814 nmethods=577 adapters=172 free_code_cache=31225Kb largest_free_block=31975232

Compilation events (10 events):
Event: 149.564 Thread 0x00f4d000  567   !         java.awt.DefaultKeyboardFocusManager::dispatchEvent (1556 bytes)
Event: 149.579 Thread 0x00f4d000 nmethod 567 0x02966588 code [0x02966f10, 0x0296c33c]
Event: 149.642 Thread 0x00f4d000  568   !         sun.java2d.SunGraphics2D::copyImage (107 bytes)
Event: 149.643 Thread 0x00f4d000 nmethod 568 0x02970a48 code [0x02970b80, 0x02970e14]
Event: 156.515 Thread 0x00f4d000  569             javax.swing.InputMap::getParent (5 bytes)
Event: 156.515 Thread 0x00f4d000 nmethod 569 0x02971188 code [0x02971280, 0x02971300]
Event: 157.239 Thread 0x00f4d000  570             java.util.IdentityHashMap::get (60 bytes)
Event: 157.240 Thread 0x00f4d000 nmethod 570 0x02971348 code [0x02971450, 0x0297158c]
Event: 161.178 Thread 0x00f4d000  571             com.googlecode.javacv.CanvasFrame::access$200 (5 bytes)
Event: 161.178 Thread 0x00f4d000 nmethod 571 0x029716c8 code [0x029717c0, 0x02971840]

GC Heap History (10 events):
Event: 155.727 GC heap before
{Heap before GC invocations=152 (full 57):
 def new generation   total 11904K, used 11904K [0x24260000, 0x24f40000, 0x297b0000)
  eden space 10624K, 100% used [0x24260000, 0x24cc0000, 0x24cc0000)
  from space 1280K, 100% used [0x24cc0000, 0x24e00000, 0x24e00000)
  to   space 1280K,   0% used [0x24e00000, 0x24e00000, 0x24f40000)
 tenured generation   total 26340K, used 23395K [0x297b0000, 0x2b169000, 0x34260000)
   the space 26340K,  88% used [0x297b0000, 0x2ae88ed0, 0x2ae89000, 0x2b169000)
 compacting perm gen  total 12288K, used 2152K [0x34260000, 0x34e60000, 0x38260000)
   the space 12288K,  17% used [0x34260000, 0x3447a2f0, 0x3447a400, 0x34e60000)
    ro space 10240K,  42% used [0x38260000, 0x386a0348, 0x386a0400, 0x38c60000)
    rw space 12288K,  54% used [0x38c60000, 0x392e06f0, 0x392e0800, 0x39860000)
Event: 155.766 GC heap after
Heap after GC invocations=153 (full 58):
 def new generation   total 11904K, used 0K [0x24260000, 0x24f40000, 0x297b0000)
  eden space 10624K,   0% used [0x24260000, 0x24260000, 0x24cc0000)
  from space 1280K,   0% used [0x24e00000, 0x24e00000, 0x24f40000)
  to   space 1280K,   0% used [0x24cc0000, 0x24cc0000, 0x24e00000)
 tenured generation   total 26340K, used 13176K [0x297b0000, 0x2b169000, 0x34260000)
   the space 26340K,  50% used [0x297b0000, 0x2a48e030, 0x2a48e200, 0x2b169000)
 compacting perm gen  total 12288K, used 2152K [0x34260000, 0x34e60000, 0x38260000)
   the space 12288K,  17% used [0x34260000, 0x3447a2f0, 0x3447a400, 0x34e60000)
    ro space 10240K,  42% used [0x38260000, 0x386a0348, 0x386a0400, 0x38c60000)
    rw space 12288K,  54% used [0x38c60000, 0x392e06f0, 0x392e0800, 0x39860000)
}
Event: 156.147 GC heap before
{Heap before GC invocations=153 (full 58):
 def new generation   total 11904K, used 10489K [0x24260000, 0x24f40000, 0x297b0000)
  eden space 10624K,  98% used [0x24260000, 0x24c9e7b8, 0x24cc0000)
  from space 1280K,   0% used [0x24e00000, 0x24e00000, 0x24f40000)
  to   space 1280K,   0% used [0x24cc0000, 0x24cc0000, 0x24e00000)
 tenured generation   total 26340K, used 13176K [0x297b0000, 0x2b169000, 0x34260000)
   the space 26340K,  50% used [0x297b0000, 0x2a48e030, 0x2a48e200, 0x2b169000)
 compacting perm gen  total 12288K, used 2152K [0x34260000, 0x34e60000, 0x38260000)
   the space 12288K,  17% used [0x34260000, 0x3447a2f0, 0x3447a400, 0x34e60000)
    ro space 10240K,  42% used [0x38260000, 0x386a0348, 0x386a0400, 0x38c60000)
    rw space 12288K,  54% used [0x38c60000, 0x392e06f0, 0x392e0800, 0x39860000)
Event: 156.151 GC heap after
Heap after GC invocations=154 (full 58):
 def new generation   total 11904K, used 1280K [0x24260000, 0x24f40000, 0x297b0000)
  eden space 10624K,   0% used [0x24260000, 0x24260000, 0x24cc0000)
  from space 1280K, 100% used [0x24cc0000, 0x24e00000, 0x24e00000)
  to   space 1280K,   0% used [0x24e00000, 0x24e00000, 0x24f40000)
 tenured generation   total 26340K, used 19780K [0x297b0000, 0x2b169000, 0x34260000)
   the space 26340K,  75% used [0x297b0000, 0x2ab01298, 0x2ab01400, 0x2b169000)
 compacting perm gen  total 12288K, used 2152K [0x34260000, 0x34e60000, 0x38260000)
   the space 12288K,  17% used [0x34260000, 0x3447a2f0, 0x3447a400, 0x34e60000)
    ro space 10240K,  42% used [0x38260000, 0x386a0348, 0x386a0400, 0x38c60000)
    rw space 12288K,  54% used [0x38c60000, 0x392e06f0, 0x392e0800, 0x39860000)
}
Event: 156.521 GC heap before
{Heap before GC invocations=154 (full 58):
 def new generation   total 11904K, used 11904K [0x24260000, 0x24f40000, 0x297b0000)
  eden space 10624K, 100% used [0x24260000, 0x24cc0000, 0x24cc0000)
  from space 1280K, 100% used [0x24cc0000, 0x24e00000, 0x24e00000)
  to   space 1280K,   0% used [0x24e00000, 0x24e00000, 0x24f40000)
 tenured generation   total 26340K, used 19780K [0x297b0000, 0x2b169000, 0x34260000)
   the space 26340K,  75% used [0x297b0000, 0x2ab01298, 0x2ab01400, 0x2b169000)
 compacting perm gen  total 12288K, used 2152K [0x34260000, 0x34e60000, 0x38260000)
   the space 12288K,  17% used [0x34260000, 0x3447a2f0, 0x3447a400, 0x34e60000)
    ro space 10240K,  42% used [0x38260000, 0x386a0348, 0x386a0400, 0x38c60000)
    rw space 12288K,  54% used [0x38c60000, 0x392e06f0, 0x392e0800, 0x39860000)
Event: 156.561 GC heap after
Heap after GC invocations=155 (full 59):
 def new generation   total 11904K, used 0K [0x24260000, 0x24f40000, 0x297b0000)
  eden space 10624K,   0% used [0x24260000, 0x24260000, 0x24cc0000)
  from space 1280K,   0% used [0x24e00000, 0x24e00000, 0x24f40000)
  to   space 1280K,   0% used [0x24cc0000, 0x24cc0000, 0x24e00000)
 tenured generation   total 26340K, used 13909K [0x297b0000, 0x2b169000, 0x34260000)
   the space 26340K,  52% used [0x297b0000, 0x2a545688, 0x2a545800, 0x2b169000)
 compacting perm gen  total 12288K, used 2152K [0x34260000, 0x34e60000, 0x38260000)
   the space 12288K,  17% used [0x34260000, 0x3447a2f0, 0x3447a400, 0x34e60000)
    ro space 10240K,  42% used [0x38260000, 0x386a0348, 0x386a0400, 0x38c60000)
    rw space 12288K,  54% used [0x38c60000, 0x392e06f0, 0x392e0800, 0x39860000)
}
Event: 157.003 GC heap before
{Heap before GC invocations=155 (full 59):
 def new generation   total 11904K, used 10624K [0x24260000, 0x24f40000, 0x297b0000)
  eden space 10624K, 100% used [0x24260000, 0x24cc0000, 0x24cc0000)
  from space 1280K,   0% used [0x24e00000, 0x24e00000, 0x24f40000)
  to   space 1280K,   0% used [0x24cc0000, 0x24cc0000, 0x24e00000)
 tenured generation   total 26340K, used 13909K [0x297b0000, 0x2b169000, 0x34260000)
   the space 26340K,  52% used [0x297b0000, 0x2a545688, 0x2a545800, 0x2b169000)
 compacting perm gen  total 12288K, used 2152K [0x34260000, 0x34e60000, 0x38260000)
   the space 12288K,  17% used [0x34260000, 0x3447a2f0, 0x3447a400, 0x34e60000)
    ro space 10240K,  42% used [0x38260000, 0x386a0348, 0x386a0400, 0x38c60000)
    rw space 12288K,  54% used [0x38c60000, 0x392e06f0, 0x392e0800, 0x39860000)
Event: 157.007 GC heap after
Heap after GC invocations=156 (full 59):
 def new generation   total 11904K, used 1280K [0x24260000, 0x24f40000, 0x297b0000)
  eden space 10624K,   0% used [0x24260000, 0x24260000, 0x24cc0000)
  from space 1280K, 100% used [0x24cc0000, 0x24e00000, 0x24e00000)
  to   space 1280K,   0% used [0x24e00000, 0x24e00000, 0x24f40000)
 tenured generation   total 26340K, used 20737K [0x297b0000, 0x2b169000, 0x34260000)
   the space 26340K,  78% used [0x297b0000, 0x2abf0518, 0x2abf0600, 0x2b169000)
 compacting perm gen  total 12288K, used 2152K [0x34260000, 0x34e60000, 0x38260000)
   the space 12288K,  17% used [0x34260000, 0x3447a2f0, 0x3447a400, 0x34e60000)
    ro space 10240K,  42% used [0x38260000, 0x386a0348, 0x386a0400, 0x38c60000)
    rw space 12288K,  54% used [0x38c60000, 0x392e06f0, 0x392e0800, 0x39860000)
}
Event: 161.462 GC heap before
{Heap before GC invocations=156 (full 59):
 def new generation   total 11904K, used 11723K [0x24260000, 0x24f40000, 0x297b0000)
  eden space 10624K,  98% used [0x24260000, 0x24c92e00, 0x24cc0000)
  from space 1280K, 100% used [0x24cc0000, 0x24e00000, 0x24e00000)
  to   space 1280K,   0% used [0x24e00000, 0x24e00000, 0x24f40000)
 tenured generation   total 26340K, used 20737K [0x297b0000, 0x2b169000, 0x34260000)
   the space 26340K,  78% used [0x297b0000, 0x2abf0518, 0x2abf0600, 0x2b169000)
 compacting perm gen  total 12288K, used 2152K [0x34260000, 0x34e60000, 0x38260000)
   the space 12288K,  17% used [0x34260000, 0x3447a2f0, 0x3447a400, 0x34e60000)
    ro space 10240K,  42% used [0x38260000, 0x386a0348, 0x386a0400, 0x38c60000)
    rw space 12288K,  54% used [0x38c60000, 0x392e06f0, 0x392e0800, 0x39860000)
Event: 161.500 GC heap after
Heap after GC invocations=157 (full 60):
 def new generation   total 11904K, used 0K [0x24260000, 0x24f40000, 0x297b0000)
  eden space 10624K,   0% used [0x24260000, 0x24260000, 0x24cc0000)
  from space 1280K,   0% used [0x24e00000, 0x24e00000, 0x24f40000)
  to   space 1280K,   0% used [0x24cc0000, 0x24cc0000, 0x24e00000)
 tenured generation   total 26340K, used 13172K [0x297b0000, 0x2b169000, 0x34260000)
   the space 26340K,  50% used [0x297b0000, 0x2a48d2d8, 0x2a48d400, 0x2b169000)
 compacting perm gen  total 12288K, used 2152K [0x34260000, 0x34e60000, 0x38260000)
   the space 12288K,  17% used [0x34260000, 0x3447a2f0, 0x3447a400, 0x34e60000)
    ro space 10240K,  42% used [0x38260000, 0x386a0348, 0x386a0400, 0x38c60000)
    rw space 12288K,  54% used [0x38c60000, 0x392e06f0, 0x392e0800, 0x39860000)
}

Deoptimization events (0 events):
No events

Internal exceptions (10 events):
Event: 6.297 Thread 0x0080b400 Threw 0x242fd698 at C:\jdk7u1_32P\jdk7u9_3984_new\hotspot\src\share\vm\prims\jvm.cpp:1166
Event: 6.298 Thread 0x0080b400 Threw 0x24302f78 at C:\jdk7u1_32P\jdk7u9_3984_new\hotspot\src\share\vm\prims\jvm.cpp:1166
Event: 6.299 Thread 0x0080b400 Threw 0x24309b78 at C:\jdk7u1_32P\jdk7u9_3984_new\hotspot\src\share\vm\prims\jvm.cpp:1166
Event: 6.299 Thread 0x0080b400 Threw 0x2430f878 at C:\jdk7u1_32P\jdk7u9_3984_new\hotspot\src\share\vm\prims\jvm.cpp:1166
Event: 6.344 Thread 0x0080b400 Threw 0x24445f98 at C:\jdk7u1_32P\jdk7u9_3984_new\hotspot\src\share\vm\prims\jvm.cpp:1166
Event: 26.257 Thread 0x0080b400 Threw 0x243526b8 at C:\jdk7u1_32P\jdk7u9_3984_new\hotspot\src\share\vm\prims\jvm.cpp:1166
Event: 26.349 Thread 0x0080b400 Threw 0x2481e000 at C:\jdk7u1_32P\jdk7u9_3984_new\hotspot\src\share\vm\prims\jvm.cpp:1166
Event: 26.384 Thread 0x0080b400 Threw 0x24494960 at C:\jdk7u1_32P\jdk7u9_3984_new\hotspot\src\share\vm\prims\jvm.cpp:1166
Event: 26.429 Thread 0x0080b400 Threw 0x244eb060 at C:\jdk7u1_32P\jdk7u9_3984_new\hotspot\src\share\vm\prims\jvm.cpp:1166
Event: 26.430 Thread 0x0080b400 Threw 0x244ee990 at C:\jdk7u1_32P\jdk7u9_3984_new\hotspot\src\share\vm\prims\jvm.cpp:1166

Events (10 events):
Event: 156.146 Executing VM operation: GenCollectForAllocation
Event: 156.151 Executing VM operation: GenCollectForAllocation done
Event: 156.521 Executing VM operation: GenCollectForAllocation
Event: 156.561 Executing VM operation: GenCollectForAllocation done
Event: 157.003 Executing VM operation: GenCollectForAllocation
Event: 157.007 Executing VM operation: GenCollectForAllocation done
Event: 160.336 Executing VM operation: BulkRevokeBias
Event: 160.336 Executing VM operation: BulkRevokeBias done
Event: 161.462 Executing VM operation: GenCollectForAllocation
Event: 161.500 Executing VM operation: GenCollectForAllocation done


Dynamic libraries:
0x013c0000 - 0x013ef000 	C:\Program Files (x86)\Java\jre7\bin\javaw.exe
0x77d80000 - 0x77f00000 	C:\windows\SysWOW64\ntdll.dll
0x76510000 - 0x76620000 	C:\windows\syswow64\kernel32.dll
0x75bd0000 - 0x75c17000 	C:\windows\syswow64\KERNELBASE.dll
0x76470000 - 0x76510000 	C:\windows\syswow64\ADVAPI32.dll
0x75d30000 - 0x75ddc000 	C:\windows\syswow64\msvcrt.dll
0x75690000 - 0x756a9000 	C:\windows\SysWOW64\sechost.dll
0x75c40000 - 0x75d30000 	C:\windows\syswow64\RPCRT4.dll
0x75460000 - 0x754c0000 	C:\windows\syswow64\SspiCli.dll
0x75450000 - 0x7545c000 	C:\windows\syswow64\CRYPTBASE.dll
0x75fd0000 - 0x760d0000 	C:\windows\syswow64\USER32.dll
0x77350000 - 0x773e0000 	C:\windows\syswow64\GDI32.dll
0x77d50000 - 0x77d5a000 	C:\windows\syswow64\LPK.dll
0x754c0000 - 0x7555d000 	C:\windows\syswow64\USP10.dll
0x72790000 - 0x7292e000 	C:\windows\WinSxS\x86_microsoft.windows.common-controls_6595b64144ccf1df_6.0.7601.17514_none_41e6975e2bd6f2b2\COMCTL32.dll
0x77460000 - 0x774b7000 	C:\windows\syswow64\SHLWAPI.dll
0x75b70000 - 0x75bd0000 	C:\windows\system32\IMM32.DLL
0x77280000 - 0x7734c000 	C:\windows\syswow64\MSCTF.dll
0x72930000 - 0x72968000 	C:\windows\SysWOW64\nvinit.dll
0x6b8c0000 - 0x6b97e000 	C:\Program Files (x86)\Java\jre7\bin\msvcr100.dll
0x61bb0000 - 0x61efd000 	C:\Program Files (x86)\Java\jre7\bin\client\jvm.dll
0x724a0000 - 0x724a7000 	C:\windows\system32\WSOCK32.dll
0x756b0000 - 0x756e5000 	C:\windows\syswow64\WS2_32.dll
0x75680000 - 0x75686000 	C:\windows\syswow64\NSI.dll
0x724b0000 - 0x724e2000 	C:\windows\system32\WINMM.dll
0x76620000 - 0x76625000 	C:\windows\syswow64\PSAPI.DLL
0x73970000 - 0x7397c000 	C:\Program Files (x86)\Java\jre7\bin\verify.dll
0x6b600000 - 0x6b620000 	C:\Program Files (x86)\Java\jre7\bin\java.dll
0x6b8a0000 - 0x6b8b3000 	C:\Program Files (x86)\Java\jre7\bin\zip.dll
0x722f0000 - 0x72359000 	C:\Windows\System32\msvcp100.dll
0x6b500000 - 0x6b528000 	C:\opencv\build\common\tbb\ia32\vc10\tbb.dll
0x64a00000 - 0x64bed000 	C:\opencv\build\x86\vc10\bin\opencv_core242.dll
0x68300000 - 0x68370000 	C:\Users\Ryu\AppData\Local\Temp\javacpp29993741418429\jniopencv_core.dll
0x67530000 - 0x67672000 	C:\Program Files (x86)\Java\jre7\bin\awt.dll
0x75f00000 - 0x75f8f000 	C:\windows\syswow64\OLEAUT32.dll
0x75a10000 - 0x75b6c000 	C:\windows\syswow64\ole32.dll
0x70810000 - 0x70823000 	C:\windows\system32\DWMAPI.DLL
0x711f0000 - 0x71270000 	C:\windows\system32\uxtheme.dll
0x10000000 - 0x10039000 	C:\Program Files (x86)\Samsung\Easy Settings\WinCRT.dll
0x72a20000 - 0x72a71000 	C:\windows\system32\WINSPOOL.DRV
0x71650000 - 0x7169c000 	C:\windows\system32\apphelp.dll
0x70980000 - 0x709e9000 	C:\windows\system32\IMKR12.IME
0x76630000 - 0x7727a000 	C:\windows\syswow64\SHELL32.dll
0x70a60000 - 0x70afb000 	C:\windows\WinSxS\x86_microsoft.vc80.crt_1fc8b3b9a1e18e3b_8.0.50727.6195_none_d09154e044272b9a\MSVCR80.dll
0x70b00000 - 0x70b87000 	C:\windows\WinSxS\x86_microsoft.vc80.crt_1fc8b3b9a1e18e3b_8.0.50727.6195_none_d09154e044272b9a\MSVCP80.dll
0x6b530000 - 0x6b55a000 	C:\Program Files (x86)\Java\jre7\bin\fontmanager.dll
0x758c0000 - 0x75943000 	C:\windows\syswow64\CLBCatQ.DLL
0x73d30000 - 0x73dca000 	C:\PROGRA~2\COMMON~1\MICROS~1\IME12\IMEKR\IMKRTIP.DLL
0x73c40000 - 0x73ce5000 	C:\PROGRA~2\COMMON~1\MICROS~1\IME12\SHARED\IMETIP.DLL
0x73610000 - 0x73632000 	C:\PROGRA~2\COMMON~1\MICROS~1\IME12\IMEKR\IMKRAPI.DLL
0x71ca0000 - 0x71ca9000 	C:\windows\system32\VERSION.dll
0x735e0000 - 0x7360d000 	C:\PROGRA~2\COMMON~1\MICROS~1\IME12\SHARED\IMJKAPI.DLL
0x68b80000 - 0x68bbd000 	C:\ffmpeg\ffmpeg-20120720-git-85761ef-win32-shared\bin\avutil-51.dll
0x6b5e0000 - 0x6b5f6000 	C:\Users\Ryu\AppData\Local\Temp\javacpp29993741418429\jniavutil.dll
0x06440000 - 0x0792e000 	C:\ffmpeg\ffmpeg-20120720-git-85761ef-win32-shared\bin\avcodec-54.dll
0x6ad80000 - 0x6adcb000 	C:\Users\Ryu\AppData\Local\Temp\javacpp29993741418429\jniavcodec.dll
0x69900000 - 0x69bc2000 	C:\ffmpeg\ffmpeg-20120720-git-85761ef-win32-shared\bin\avformat-54.dll
0x6b4e0000 - 0x6b4f9000 	C:\windows\system32\AVIFIL32.DLL
0x73990000 - 0x739a4000 	C:\windows\system32\MSACM32.dll
0x011b0000 - 0x011d1000 	C:\windows\system32\MSVFW32.dll
0x682d0000 - 0x682f4000 	C:\Users\Ryu\AppData\Local\Temp\javacpp29993741418429\jniavformat.dll
0x6afc0000 - 0x6aff3000 	C:\ffmpeg\ffmpeg-20120720-git-85761ef-win32-shared\bin\postproc-52.dll
0x73980000 - 0x73989000 	C:\Users\Ryu\AppData\Local\Temp\javacpp29993741418429\jnipostproc.dll
0x707c0000 - 0x707e2000 	C:\ffmpeg\ffmpeg-20120720-git-85761ef-win32-shared\bin\swresample-0.dll
0x6bbe0000 - 0x6bbea000 	C:\Users\Ryu\AppData\Local\Temp\javacpp29993741418429\jniswresample.dll
0x6ab00000 - 0x6ab5c000 	C:\ffmpeg\ffmpeg-20120720-git-85761ef-win32-shared\bin\swscale-2.dll
0x6b5c0000 - 0x6b5cd000 	C:\Users\Ryu\AppData\Local\Temp\javacpp29993741418429\jniswscale.dll
0x682a0000 - 0x682c4000 	C:\Users\Ryu\AppData\Local\Temp\javacpp29993741418429\jniavfilter.dll
0x624c0000 - 0x6261f000 	C:\ffmpeg\ffmpeg-20120720-git-85761ef-win32-shared\bin\avfilter-3.dll
0x6dd40000 - 0x6ddb0000 	C:\ffmpeg\ffmpeg-20120720-git-85761ef-win32-shared\bin\avdevice-54.dll
0x6b4c0000 - 0x6b4d3000 	C:\windows\system32\AVICAP32.DLL
0x6b490000 - 0x6b498000 	C:\Users\Ryu\AppData\Local\Temp\javacpp29993741418429\jniavdevice.dll
0x61710000 - 0x6195a000 	C:\opencv\build\x86\vc10\bin\opencv_imgproc242.dll
0x681d0000 - 0x68204000 	C:\Users\Ryu\AppData\Local\Temp\javacpp29993741418429\jniopencv_imgproc.dll
0x6be30000 - 0x6bf1b000 	C:\windows\system32\dbghelp.dll

VM Arguments:
jvm_args: -Dfile.encoding=UTF-8 
java_command: kr.hs.sshs.JavaPTS.Main
Launcher Type: SUN_STANDARD

Environment Variables:
CLASSPATH=.
PATH=C:\ffmpeg\ffmpeg-20120720-git-85761ef-win32-shared\bin\;C:\Program Files\Common Files\Microsoft Shared\Windows Live;C:\Program Files (x86)\Common Files\Microsoft Shared\Windows Live;C:\Program Files (x86)\NVIDIA Corporation\PhysX\Common;C:\Program Files (x86)\Intel\iCLS Client\;C:\Program Files\Intel\iCLS Client\;C:\windows\system32;C:\windows;C:\windows\System32\Wbem;C:\windows\System32\WindowsPowerShell\v1.0\;C:\Program Files\Intel\Intel(R) Management Engine Components\DAL;C:\Program Files\Intel\Intel(R) Management Engine Components\IPT;C:\Program Files (x86)\Intel\Intel(R) Management Engine Components\DAL;C:\Program Files (x86)\Intel\Intel(R) Management Engine Components\IPT;C:\Program Files (x86)\Intel\OpenCL SDK\2.0\bin\x86;C:\Program Files (x86)\Intel\OpenCL SDK\2.0\bin\x64;C:\Program Files\Intel\WiFi\bin\;C:\Program Files\Common Files\Intel\WirelessCommon\;C:\Program Files (x86)\Windows Live\Shared;C:\Program Files (x86)\Microsoft SQL Server\100\Tools\Binn\;C:\Program Files\Microsoft SQL Server\100\Tools\Binn\;C:\Program Files\Microsoft SQL Server\100\DTS\Binn\;C:\Program Files (x86)\Java\jdk1.7.0_07\bin
USERNAME=Ryu
OS=Windows_NT
PROCESSOR_IDENTIFIER=Intel64 Family 6 Model 58 Stepping 9, GenuineIntel



---------------  S Y S T E M  ---------------

OS: Windows 7 , 64 bit Build 7601 Service Pack 1

CPU:total 4 (2 cores per cpu, 2 threads per core) family 6 model 58 stepping 9, cmov, cx8, fxsr, mmx, sse, sse2, sse3, ssse3, sse4.1, sse4.2, popcnt, avx, ht, tsc, tscinvbit, tscinv

Memory: 4k page, physical 8283524k(4550180k free), swap 16565196k(12439280k free)

vm_info: Java HotSpot(TM) Client VM (23.5-b02) for windows-x86 JRE (1.7.0_09-b05), built on Sep 24 2012 22:01:33 by "java_re" with unknown MS VC++:1600

time: Sun Dec 02 17:14:51 2012
elapsed time: 163 seconds

