#
# A fatal error has been detected by the Java Runtime Environment:
#
#  EXCEPTION_UNCAUGHT_CXX_EXCEPTION (0xe06d7363) at pc=0x75bdc41f, pid=8052, tid=3824
#
# JRE version: 7.0_09-b05
# Java VM: Java HotSpot(TM) Client VM (23.5-b02 mixed mode, sharing windows-x86 )
# Problematic frame:
# C  [KERNELBASE.dll+0xc41f]  RaiseException+0x58
#
# Failed to write core dump. Minidumps are not enabled by default on client versions of Windows
#
# If you would like to submit a bug report, please visit:
#   http://bugreport.sun.com/bugreport/crash.jsp
# The crash happened outside the Java Virtual Machine in native code.
# See problematic frame for where to report the bug.
#

---------------  T H R E A D  ---------------

Current thread (0x003ab400):  JavaThread "main" [_thread_in_native, id=3824, stack(0x00950000,0x009a0000)]

siginfo: ExceptionCode=0xe06d7363, ExceptionInformation=0x19930520 0x0098f4ec 0x67652598 

Registers:
EAX=0x0098f448, EBX=0x000001ef, ECX=0x00000003, EDX=0x00000000
ESP=0x0098f448, EBP=0x0098f498, ESI=0x0099f59c, EDI=0x6b8d1ec6
EIP=0x75bdc41f, EFLAGS=0x00000216

Top of Stack: (sp=0x0098f448)
0x0098f448:   e06d7363 00000001 00000000 75bdc41f
0x0098f458:   00000003 19930520 0098f4ec 67652598
0x0098f468:   00000000 04a15df8 0098f550 0098f45c
0x0098f478:   0098f550 0000002d 0098f4a0 67493b1e
0x0098f488:   04a15df8 04a15dc0 0000002d 0099f59c
0x0098f498:   0098f4d0 6b8e7819 e06d7363 00000001
0x0098f4a8:   00000003 0098f4c4 e06d7363 00000001
0x0098f4b8:   00000000 00000000 00000003 19930520 

Instructions: (pc=0x75bdc41f)
0x75bdc3ff:   02 50 ff 75 14 8d 45 c4 50 e8 05 ad 02 00 83 c4
0x75bdc40f:   0c eb 03 89 45 c0 8d 45 b0 50 ff 15 5c 11 bd 75
0x75bdc41f:   c9 c2 10 00 cc cc cc cc cc 8b ff 55 8b ec 56 8b
0x75bdc42f:   75 08 83 fe f4 72 18 83 fe f6 77 13 8d 45 08 50 


Register to memory mapping:

EAX=0x0098f448 is pointing into the stack for thread: 0x003ab400
EBX=0x000001ef is an unknown value
ECX=0x00000003 is an unknown value
EDX=0x00000000 is an unknown value
ESP=0x0098f448 is pointing into the stack for thread: 0x003ab400
EBP=0x0098f498 is pointing into the stack for thread: 0x003ab400
ESI=0x0099f59c is pointing into the stack for thread: 0x003ab400
EDI=0x6b8d1ec6 is an unknown value


Stack: [0x00950000,0x009a0000],  sp=0x0098f448,  free space=253k
Native frames: (J=compiled Java code, j=interpreted, Vv=VM code, C=native code)
C  [KERNELBASE.dll+0xc41f]  RaiseException+0x58
C  [msvcr100.dll+0x27819]  CxxThrowException+0x45

Java frames: (J=compiled Java code, j=interpreted, Vv=VM code)
j  com.googlecode.javacv.cpp.opencv_core.cvCopy(Lcom/googlecode/javacv/cpp/opencv_core$CvArr;Lcom/googlecode/javacv/cpp/opencv_core$CvArr;Lcom/googlecode/javacv/cpp/opencv_core$CvArr;)V+0
j  com.googlecode.javacv.cpp.opencv_core.cvCopy(Lcom/googlecode/javacv/cpp/opencv_core$CvArr;Lcom/googlecode/javacv/cpp/opencv_core$CvArr;)V+3
j  kr.hs.sshs.JavaPTS.Main.main([Ljava/lang/String;)V+266
v  ~StubRoutines::call_stub

---------------  P R O C E S S  ---------------

Java Threads: ( => current thread )
  0x04b13000 JavaThread "AWT-EventQueue-0" [_thread_blocked, id=4848, stack(0x05160000,0x051b0000)]
  0x04b06000 JavaThread "AWT-Windows" daemon [_thread_in_native, id=8068, stack(0x04f70000,0x04fc0000)]
  0x04affc00 JavaThread "AWT-Shutdown" [_thread_blocked, id=6944, stack(0x04e10000,0x04e60000)]
  0x04aff800 JavaThread "Java2D Disposer" daemon [_thread_blocked, id=6916, stack(0x04d40000,0x04d90000)]
  0x00f72000 JavaThread "Service Thread" daemon [_thread_blocked, id=7876, stack(0x01360000,0x013b0000)]
  0x00f6d800 JavaThread "C1 CompilerThread0" daemon [_thread_blocked, id=8064, stack(0x04970000,0x049c0000)]
  0x00f6c000 JavaThread "Attach Listener" daemon [_thread_blocked, id=8060, stack(0x04870000,0x048c0000)]
  0x00f69000 JavaThread "Signal Dispatcher" daemon [_thread_blocked, id=7352, stack(0x01040000,0x01090000)]
  0x00f44000 JavaThread "Finalizer" daemon [_thread_blocked, id=5764, stack(0x012c0000,0x01310000)]
  0x00f42400 JavaThread "Reference Handler" daemon [_thread_blocked, id=7828, stack(0x01200000,0x01250000)]
=>0x003ab400 JavaThread "main" [_thread_in_native, id=3824, stack(0x00950000,0x009a0000)]

Other Threads:
  0x00f40800 VMThread [stack: 0x01130000,0x01180000] [id=6184]
  0x049d8c00 WatcherThread [stack: 0x047f0000,0x04840000] [id=5304]

VM state:not at safepoint (normal execution)

VM Mutex/Monitor currently owned by a thread: None

Heap
 def new generation   total 11776K, used 9070K [0x24260000, 0x24f20000, 0x297b0000)
  eden space 10496K,  74% used [0x24260000, 0x249fb820, 0x24ca0000)
  from space 1280K, 100% used [0x24de0000, 0x24f20000, 0x24f20000)
  to   space 1280K,   0% used [0x24ca0000, 0x24ca0000, 0x24de0000)
 tenured generation   total 25972K, used 19267K [0x297b0000, 0x2b10d000, 0x34260000)
   the space 25972K,  74% used [0x297b0000, 0x2aa80f68, 0x2aa81000, 0x2b10d000)
 compacting perm gen  total 12288K, used 2074K [0x34260000, 0x34e60000, 0x38260000)
   the space 12288K,  16% used [0x34260000, 0x34466840, 0x34466a00, 0x34e60000)
    ro space 10240K,  42% used [0x38260000, 0x386a0348, 0x386a0400, 0x38c60000)
    rw space 12288K,  54% used [0x38c60000, 0x392e06f0, 0x392e0800, 0x39860000)

Card table byte_map: [0x00a00000,0x00ab0000] byte_map_base: 0x008ded00

Polling page: 0x00110000

Code Cache  [0x027f0000, 0x02970000, 0x047f0000)
 total_blobs=801 nmethods=564 adapters=172 free_code_cache=31252Kb largest_free_block=32002112

Compilation events (10 events):
Event: 206.536 Thread 0x00f6d800  554             sun.awt.image.BufImgSurfaceData::getBounds (22 bytes)
Event: 206.537 Thread 0x00f6d800 nmethod 554 0x02969a08 code [0x02969b00, 0x02969be0]
Event: 214.634 Thread 0x00f6d800  555             javax.swing.SortingFocusTraversalPolicy::enumerateCycle (129 bytes)
Event: 214.635 Thread 0x00f6d800 nmethod 555 0x02969c88 code [0x02969de0, 0x0296a08c]
Event: 214.721 Thread 0x00f6d800  556             sun.java2d.SunGraphics2D::validatePipe (29 bytes)
Event: 214.722 Thread 0x00f6d800 nmethod 556 0x0296a388 code [0x0296a4a0, 0x0296a5b8]
Event: 214.730 Thread 0x00f6d800  557   !         sun.java2d.SunGraphics2D::copyImage (107 bytes)
Event: 214.731 Thread 0x00f6d800 nmethod 557 0x0296a688 code [0x0296a7c0, 0x0296aa54]
Event: 216.324 Thread 0x00f6d800  558             java.util.Collections$UnmodifiableCollection::contains (11 bytes)
Event: 216.325 Thread 0x00f6d800 nmethod 558 0x0296adc8 code [0x0296aed0, 0x0296af6c]

GC Heap History (10 events):
Event: 206.339 GC heap before
{Heap before GC invocations=188 (full 72):
 def new generation   total 11776K, used 10496K [0x24260000, 0x24f20000, 0x297b0000)
  eden space 10496K, 100% used [0x24260000, 0x24ca0000, 0x24ca0000)
  from space 1280K,   0% used [0x24ca0000, 0x24ca0000, 0x24de0000)
  to   space 1280K,   0% used [0x24de0000, 0x24de0000, 0x24f20000)
 tenured generation   total 25972K, used 13142K [0x297b0000, 0x2b10d000, 0x34260000)
   the space 25972K,  50% used [0x297b0000, 0x2a485898, 0x2a485a00, 0x2b10d000)
 compacting perm gen  total 12288K, used 2074K [0x34260000, 0x34e60000, 0x38260000)
   the space 12288K,  16% used [0x34260000, 0x34466800, 0x34466800, 0x34e60000)
    ro space 10240K,  42% used [0x38260000, 0x386a0348, 0x386a0400, 0x38c60000)
    rw space 12288K,  54% used [0x38c60000, 0x392e06f0, 0x392e0800, 0x39860000)
Event: 206.343 GC heap after
Heap after GC invocations=189 (full 72):
 def new generation   total 11776K, used 1280K [0x24260000, 0x24f20000, 0x297b0000)
  eden space 10496K,   0% used [0x24260000, 0x24260000, 0x24ca0000)
  from space 1280K, 100% used [0x24de0000, 0x24f20000, 0x24f20000)
  to   space 1280K,   0% used [0x24ca0000, 0x24ca0000, 0x24de0000)
 tenured generation   total 25972K, used 19794K [0x297b0000, 0x2b10d000, 0x34260000)
   the space 25972K,  76% used [0x297b0000, 0x2ab049a8, 0x2ab04a00, 0x2b10d000)
 compacting perm gen  total 12288K, used 2074K [0x34260000, 0x34e60000, 0x38260000)
   the space 12288K,  16% used [0x34260000, 0x34466800, 0x34466800, 0x34e60000)
    ro space 10240K,  42% used [0x38260000, 0x386a0348, 0x386a0400, 0x38c60000)
    rw space 12288K,  54% used [0x38c60000, 0x392e06f0, 0x392e0800, 0x39860000)
}
Event: 206.712 GC heap before
{Heap before GC invocations=189 (full 72):
 def new generation   total 11776K, used 11776K [0x24260000, 0x24f20000, 0x297b0000)
  eden space 10496K, 100% used [0x24260000, 0x24ca0000, 0x24ca0000)
  from space 1280K, 100% used [0x24de0000, 0x24f20000, 0x24f20000)
  to   space 1280K,   0% used [0x24ca0000, 0x24ca0000, 0x24de0000)
 tenured generation   total 25972K, used 19794K [0x297b0000, 0x2b10d000, 0x34260000)
   the space 25972K,  76% used [0x297b0000, 0x2ab049a8, 0x2ab04a00, 0x2b10d000)
 compacting perm gen  total 12288K, used 2074K [0x34260000, 0x34e60000, 0x38260000)
   the space 12288K,  16% used [0x34260000, 0x34466800, 0x34466800, 0x34e60000)
    ro space 10240K,  42% used [0x38260000, 0x386a0348, 0x386a0400, 0x38c60000)
    rw space 12288K,  54% used [0x38c60000, 0x392e06f0, 0x392e0800, 0x39860000)
Event: 206.749 GC heap after
Heap after GC invocations=190 (full 73):
 def new generation   total 11776K, used 0K [0x24260000, 0x24f20000, 0x297b0000)
  eden space 10496K,   0% used [0x24260000, 0x24260000, 0x24ca0000)
  from space 1280K,   0% used [0x24ca0000, 0x24ca0000, 0x24de0000)
  to   space 1280K,   0% used [0x24de0000, 0x24de0000, 0x24f20000)
 tenured generation   total 25972K, used 13983K [0x297b0000, 0x2b10d000, 0x34260000)
   the space 25972K,  53% used [0x297b0000, 0x2a557c88, 0x2a557e00, 0x2b10d000)
 compacting perm gen  total 12288K, used 2074K [0x34260000, 0x34e60000, 0x38260000)
   the space 12288K,  16% used [0x34260000, 0x34466800, 0x34466800, 0x34e60000)
    ro space 10240K,  42% used [0x38260000, 0x386a0348, 0x386a0400, 0x38c60000)
    rw space 12288K,  54% used [0x38c60000, 0x392e06f0, 0x392e0800, 0x39860000)
}
Event: 207.227 GC heap before
{Heap before GC invocations=190 (full 73):
 def new generation   total 11776K, used 10496K [0x24260000, 0x24f20000, 0x297b0000)
  eden space 10496K, 100% used [0x24260000, 0x24ca0000, 0x24ca0000)
  from space 1280K,   0% used [0x24ca0000, 0x24ca0000, 0x24de0000)
  to   space 1280K,   0% used [0x24de0000, 0x24de0000, 0x24f20000)
 tenured generation   total 25972K, used 13983K [0x297b0000, 0x2b10d000, 0x34260000)
   the space 25972K,  53% used [0x297b0000, 0x2a557c88, 0x2a557e00, 0x2b10d000)
 compacting perm gen  total 12288K, used 2074K [0x34260000, 0x34e60000, 0x38260000)
   the space 12288K,  16% used [0x34260000, 0x34466800, 0x34466800, 0x34e60000)
    ro space 10240K,  42% used [0x38260000, 0x386a0348, 0x386a0400, 0x38c60000)
    rw space 12288K,  54% used [0x38c60000, 0x392e06f0, 0x392e0800, 0x39860000)
Event: 207.232 GC heap after
Heap after GC invocations=191 (full 73):
 def new generation   total 11776K, used 1280K [0x24260000, 0x24f20000, 0x297b0000)
  eden space 10496K,   0% used [0x24260000, 0x24260000, 0x24ca0000)
  from space 1280K, 100% used [0x24de0000, 0x24f20000, 0x24f20000)
  to   space 1280K,   0% used [0x24ca0000, 0x24ca0000, 0x24de0000)
 tenured generation   total 25972K, used 21836K [0x297b0000, 0x2b10d000, 0x34260000)
   the space 25972K,  84% used [0x297b0000, 0x2ad03250, 0x2ad03400, 0x2b10d000)
 compacting perm gen  total 12288K, used 2074K [0x34260000, 0x34e60000, 0x38260000)
   the space 12288K,  16% used [0x34260000, 0x34466800, 0x34466800, 0x34e60000)
    ro space 10240K,  42% used [0x38260000, 0x386a0348, 0x386a0400, 0x38c60000)
    rw space 12288K,  54% used [0x38c60000, 0x392e06f0, 0x392e0800, 0x39860000)
}
Event: 208.473 GC heap before
{Heap before GC invocations=191 (full 73):
 def new generation   total 11776K, used 11776K [0x24260000, 0x24f20000, 0x297b0000)
  eden space 10496K, 100% used [0x24260000, 0x24ca0000, 0x24ca0000)
  from space 1280K, 100% used [0x24de0000, 0x24f20000, 0x24f20000)
  to   space 1280K,   0% used [0x24ca0000, 0x24ca0000, 0x24de0000)
 tenured generation   total 25972K, used 21836K [0x297b0000, 0x2b10d000, 0x34260000)
   the space 25972K,  84% used [0x297b0000, 0x2ad03250, 0x2ad03400, 0x2b10d000)
 compacting perm gen  total 12288K, used 2074K [0x34260000, 0x34e60000, 0x38260000)
   the space 12288K,  16% used [0x34260000, 0x34466800, 0x34466800, 0x34e60000)
    ro space 10240K,  42% used [0x38260000, 0x386a0348, 0x386a0400, 0x38c60000)
    rw space 12288K,  54% used [0x38c60000, 0x392e06f0, 0x392e0800, 0x39860000)
Event: 208.513 GC heap after
Heap after GC invocations=192 (full 74):
 def new generation   total 11776K, used 0K [0x24260000, 0x24f20000, 0x297b0000)
  eden space 10496K,   0% used [0x24260000, 0x24260000, 0x24ca0000)
  from space 1280K,   0% used [0x24ca0000, 0x24ca0000, 0x24de0000)
  to   space 1280K,   0% used [0x24de0000, 0x24de0000, 0x24f20000)
 tenured generation   total 25972K, used 15113K [0x297b0000, 0x2b10d000, 0x34260000)
   the space 25972K,  58% used [0x297b0000, 0x2a6727c0, 0x2a672800, 0x2b10d000)
 compacting perm gen  total 12288K, used 2074K [0x34260000, 0x34e60000, 0x38260000)
   the space 12288K,  16% used [0x34260000, 0x34466800, 0x34466800, 0x34e60000)
    ro space 10240K,  42% used [0x38260000, 0x386a0348, 0x386a0400, 0x38c60000)
    rw space 12288K,  54% used [0x38c60000, 0x392e06f0, 0x392e0800, 0x39860000)
}
Event: 215.088 GC heap before
{Heap before GC invocations=192 (full 74):
 def new generation   total 11776K, used 10407K [0x24260000, 0x24f20000, 0x297b0000)
  eden space 10496K,  99% used [0x24260000, 0x24c89ce0, 0x24ca0000)
  from space 1280K,   0% used [0x24ca0000, 0x24ca0000, 0x24de0000)
  to   space 1280K,   0% used [0x24de0000, 0x24de0000, 0x24f20000)
 tenured generation   total 25972K, used 15113K [0x297b0000, 0x2b10d000, 0x34260000)
   the space 25972K,  58% used [0x297b0000, 0x2a6727c0, 0x2a672800, 0x2b10d000)
 compacting perm gen  total 12288K, used 2074K [0x34260000, 0x34e60000, 0x38260000)
   the space 12288K,  16% used [0x34260000, 0x34466840, 0x34466a00, 0x34e60000)
    ro space 10240K,  42% used [0x38260000, 0x386a0348, 0x386a0400, 0x38c60000)
    rw space 12288K,  54% used [0x38c60000, 0x392e06f0, 0x392e0800, 0x39860000)
Event: 215.091 GC heap after
Heap after GC invocations=193 (full 74):
 def new generation   total 11776K, used 1280K [0x24260000, 0x24f20000, 0x297b0000)
  eden space 10496K,   0% used [0x24260000, 0x24260000, 0x24ca0000)
  from space 1280K, 100% used [0x24de0000, 0x24f20000, 0x24f20000)
  to   space 1280K,   0% used [0x24ca0000, 0x24ca0000, 0x24de0000)
 tenured generation   total 25972K, used 19267K [0x297b0000, 0x2b10d000, 0x34260000)
   the space 25972K,  74% used [0x297b0000, 0x2aa80f68, 0x2aa81000, 0x2b10d000)
 compacting perm gen  total 12288K, used 2074K [0x34260000, 0x34e60000, 0x38260000)
   the space 12288K,  16% used [0x34260000, 0x34466840, 0x34466a00, 0x34e60000)
    ro space 10240K,  42% used [0x38260000, 0x386a0348, 0x386a0400, 0x38c60000)
    rw space 12288K,  54% used [0x38c60000, 0x392e06f0, 0x392e0800, 0x39860000)
}

Deoptimization events (0 events):
No events

Internal exceptions (10 events):
Event: 6.371 Thread 0x003ab400 Threw 0x242fd580 at C:\jdk7u1_32P\jdk7u9_3984_new\hotspot\src\share\vm\prims\jvm.cpp:1166
Event: 6.372 Thread 0x003ab400 Threw 0x24302e60 at C:\jdk7u1_32P\jdk7u9_3984_new\hotspot\src\share\vm\prims\jvm.cpp:1166
Event: 6.373 Thread 0x003ab400 Threw 0x24309a60 at C:\jdk7u1_32P\jdk7u9_3984_new\hotspot\src\share\vm\prims\jvm.cpp:1166
Event: 6.373 Thread 0x003ab400 Threw 0x2430f760 at C:\jdk7u1_32P\jdk7u9_3984_new\hotspot\src\share\vm\prims\jvm.cpp:1166
Event: 6.420 Thread 0x003ab400 Threw 0x244451f8 at C:\jdk7u1_32P\jdk7u9_3984_new\hotspot\src\share\vm\prims\jvm.cpp:1166
Event: 39.315 Thread 0x003ab400 Threw 0x24638c00 at C:\jdk7u1_32P\jdk7u9_3984_new\hotspot\src\share\vm\prims\jvm.cpp:1166
Event: 39.441 Thread 0x003ab400 Threw 0x245056d0 at C:\jdk7u1_32P\jdk7u9_3984_new\hotspot\src\share\vm\prims\jvm.cpp:1166
Event: 39.443 Thread 0x003ab400 Threw 0x2476d040 at C:\jdk7u1_32P\jdk7u9_3984_new\hotspot\src\share\vm\prims\jvm.cpp:1166
Event: 39.489 Thread 0x003ab400 Threw 0x247d0f68 at C:\jdk7u1_32P\jdk7u9_3984_new\hotspot\src\share\vm\prims\jvm.cpp:1166
Event: 39.490 Thread 0x003ab400 Threw 0x247d4898 at C:\jdk7u1_32P\jdk7u9_3984_new\hotspot\src\share\vm\prims\jvm.cpp:1166

Events (10 events):
Event: 206.339 Executing VM operation: GenCollectForAllocation
Event: 206.343 Executing VM operation: GenCollectForAllocation done
Event: 206.712 Executing VM operation: GenCollectForAllocation
Event: 206.749 Executing VM operation: GenCollectForAllocation done
Event: 207.227 Executing VM operation: GenCollectForAllocation
Event: 207.232 Executing VM operation: GenCollectForAllocation done
Event: 208.473 Executing VM operation: GenCollectForAllocation
Event: 208.513 Executing VM operation: GenCollectForAllocation done
Event: 215.088 Executing VM operation: GenCollectForAllocation
Event: 215.091 Executing VM operation: GenCollectForAllocation done


Dynamic libraries:
0x013c0000 - 0x013ef000 	C:\Program Files (x86)\Java\jre7\bin\javaw.exe
0x77d80000 - 0x77f00000 	C:\windows\SysWOW64\ntdll.dll
0x76510000 - 0x76620000 	C:\windows\syswow64\kernel32.dll
0x75bd0000 - 0x75c17000 	C:\windows\syswow64\KERNELBASE.dll
0x76470000 - 0x76510000 	C:\windows\syswow64\ADVAPI32.dll
0x75d30000 - 0x75ddc000 	C:\windows\syswow64\msvcrt.dll
0x75690000 - 0x756a9000 	C:\windows\SysWOW64\sechost.dll
0x75c40000 - 0x75d30000 	C:\windows\syswow64\RPCRT4.dll
0x75460000 - 0x754c0000 	C:\windows\syswow64\SspiCli.dll
0x75450000 - 0x7545c000 	C:\windows\syswow64\CRYPTBASE.dll
0x75fd0000 - 0x760d0000 	C:\windows\syswow64\USER32.dll
0x77350000 - 0x773e0000 	C:\windows\syswow64\GDI32.dll
0x77d50000 - 0x77d5a000 	C:\windows\syswow64\LPK.dll
0x754c0000 - 0x7555d000 	C:\windows\syswow64\USP10.dll
0x72790000 - 0x7292e000 	C:\windows\WinSxS\x86_microsoft.windows.common-controls_6595b64144ccf1df_6.0.7601.17514_none_41e6975e2bd6f2b2\COMCTL32.dll
0x77460000 - 0x774b7000 	C:\windows\syswow64\SHLWAPI.dll
0x75b70000 - 0x75bd0000 	C:\windows\system32\IMM32.DLL
0x77280000 - 0x7734c000 	C:\windows\syswow64\MSCTF.dll
0x72930000 - 0x72968000 	C:\windows\SysWOW64\nvinit.dll
0x6b8c0000 - 0x6b97e000 	C:\Program Files (x86)\Java\jre7\bin\msvcr100.dll
0x61bb0000 - 0x61efd000 	C:\Program Files (x86)\Java\jre7\bin\client\jvm.dll
0x724a0000 - 0x724a7000 	C:\windows\system32\WSOCK32.dll
0x756b0000 - 0x756e5000 	C:\windows\syswow64\WS2_32.dll
0x75680000 - 0x75686000 	C:\windows\syswow64\NSI.dll
0x724b0000 - 0x724e2000 	C:\windows\system32\WINMM.dll
0x76620000 - 0x76625000 	C:\windows\syswow64\PSAPI.DLL
0x73970000 - 0x7397c000 	C:\Program Files (x86)\Java\jre7\bin\verify.dll
0x6bb20000 - 0x6bb40000 	C:\Program Files (x86)\Java\jre7\bin\java.dll
0x6b8a0000 - 0x6b8b3000 	C:\Program Files (x86)\Java\jre7\bin\zip.dll
0x722f0000 - 0x72359000 	C:\Windows\System32\msvcp100.dll
0x6b5f0000 - 0x6b618000 	C:\opencv\build\common\tbb\ia32\vc10\tbb.dll
0x67490000 - 0x6767d000 	C:\opencv\build\x86\vc10\bin\opencv_core242.dll
0x6b4f0000 - 0x6b560000 	C:\Users\Ryu\AppData\Local\Temp\javacpp29549153534949\jniopencv_core.dll
0x64e40000 - 0x64f82000 	C:\Program Files (x86)\Java\jre7\bin\awt.dll
0x75f00000 - 0x75f8f000 	C:\windows\syswow64\OLEAUT32.dll
0x75a10000 - 0x75b6c000 	C:\windows\syswow64\ole32.dll
0x70810000 - 0x70823000 	C:\windows\system32\DWMAPI.DLL
0x711f0000 - 0x71270000 	C:\windows\system32\uxtheme.dll
0x10000000 - 0x10039000 	C:\Program Files (x86)\Samsung\Easy Settings\WinCRT.dll
0x72a20000 - 0x72a71000 	C:\windows\system32\WINSPOOL.DRV
0x71650000 - 0x7169c000 	C:\windows\system32\apphelp.dll
0x70980000 - 0x709e9000 	C:\windows\system32\IMKR12.IME
0x76630000 - 0x7727a000 	C:\windows\syswow64\SHELL32.dll
0x70a60000 - 0x70afb000 	C:\windows\WinSxS\x86_microsoft.vc80.crt_1fc8b3b9a1e18e3b_8.0.50727.6195_none_d09154e044272b9a\MSVCR80.dll
0x70b00000 - 0x70b87000 	C:\windows\WinSxS\x86_microsoft.vc80.crt_1fc8b3b9a1e18e3b_8.0.50727.6195_none_d09154e044272b9a\MSVCP80.dll
0x6b5c0000 - 0x6b5ea000 	C:\Program Files (x86)\Java\jre7\bin\fontmanager.dll
0x758c0000 - 0x75943000 	C:\windows\syswow64\CLBCatQ.DLL
0x73d30000 - 0x73dca000 	C:\PROGRA~2\COMMON~1\MICROS~1\IME12\IMEKR\IMKRTIP.DLL
0x73c40000 - 0x73ce5000 	C:\PROGRA~2\COMMON~1\MICROS~1\IME12\SHARED\IMETIP.DLL
0x73610000 - 0x73632000 	C:\PROGRA~2\COMMON~1\MICROS~1\IME12\IMEKR\IMKRAPI.DLL
0x71ca0000 - 0x71ca9000 	C:\windows\system32\VERSION.dll
0x735e0000 - 0x7360d000 	C:\PROGRA~2\COMMON~1\MICROS~1\IME12\SHARED\IMJKAPI.DLL
0x68b80000 - 0x68bbd000 	C:\ffmpeg\ffmpeg-20120720-git-85761ef-win32-shared\bin\avutil-51.dll
0x6b4d0000 - 0x6b4e6000 	C:\Users\Ryu\AppData\Local\Temp\javacpp29549153534949\jniavutil.dll
0x06300000 - 0x077ee000 	C:\ffmpeg\ffmpeg-20120720-git-85761ef-win32-shared\bin\avcodec-54.dll
0x6ad80000 - 0x6adcb000 	C:\Users\Ryu\AppData\Local\Temp\javacpp29549153534949\jniavcodec.dll
0x69900000 - 0x69bc2000 	C:\ffmpeg\ffmpeg-20120720-git-85761ef-win32-shared\bin\avformat-54.dll
0x6b480000 - 0x6b499000 	C:\windows\system32\AVIFIL32.DLL
0x73990000 - 0x739a4000 	C:\windows\system32\MSACM32.dll
0x01100000 - 0x01121000 	C:\windows\system32\MSVFW32.dll
0x68340000 - 0x68364000 	C:\Users\Ryu\AppData\Local\Temp\javacpp29549153534949\jniavformat.dll
0x6afc0000 - 0x6aff3000 	C:\ffmpeg\ffmpeg-20120720-git-85761ef-win32-shared\bin\postproc-52.dll
0x73980000 - 0x73989000 	C:\Users\Ryu\AppData\Local\Temp\javacpp29549153534949\jnipostproc.dll
0x707c0000 - 0x707e2000 	C:\ffmpeg\ffmpeg-20120720-git-85761ef-win32-shared\bin\swresample-0.dll
0x6bbe0000 - 0x6bbea000 	C:\Users\Ryu\AppData\Local\Temp\javacpp29549153534949\jniswresample.dll
0x6ab00000 - 0x6ab5c000 	C:\ffmpeg\ffmpeg-20120720-git-85761ef-win32-shared\bin\swscale-2.dll
0x6b890000 - 0x6b89d000 	C:\Users\Ryu\AppData\Local\Temp\javacpp29549153534949\jniswscale.dll
0x68310000 - 0x68334000 	C:\Users\Ryu\AppData\Local\Temp\javacpp29549153534949\jniavfilter.dll
0x624c0000 - 0x6261f000 	C:\ffmpeg\ffmpeg-20120720-git-85761ef-win32-shared\bin\avfilter-3.dll
0x6dd40000 - 0x6ddb0000 	C:\ffmpeg\ffmpeg-20120720-git-85761ef-win32-shared\bin\avdevice-54.dll
0x69e80000 - 0x69e93000 	C:\windows\system32\AVICAP32.DLL
0x6b4c0000 - 0x6b4c8000 	C:\Users\Ryu\AppData\Local\Temp\javacpp29549153534949\jniavdevice.dll
0x64bf0000 - 0x64e3a000 	C:\opencv\build\x86\vc10\bin\opencv_imgproc242.dll
0x682d0000 - 0x68304000 	C:\Users\Ryu\AppData\Local\Temp\javacpp29549153534949\jniopencv_imgproc.dll
0x6be30000 - 0x6bf1b000 	C:\windows\system32\dbghelp.dll

VM Arguments:
jvm_args: -Dfile.encoding=UTF-8 
java_command: kr.hs.sshs.JavaPTS.Main
Launcher Type: SUN_STANDARD

Environment Variables:
CLASSPATH=.
PATH=C:\ffmpeg\ffmpeg-20120720-git-85761ef-win32-shared\bin\;C:\Program Files\Common Files\Microsoft Shared\Windows Live;C:\Program Files (x86)\Common Files\Microsoft Shared\Windows Live;C:\Program Files (x86)\NVIDIA Corporation\PhysX\Common;C:\Program Files (x86)\Intel\iCLS Client\;C:\Program Files\Intel\iCLS Client\;C:\windows\system32;C:\windows;C:\windows\System32\Wbem;C:\windows\System32\WindowsPowerShell\v1.0\;C:\Program Files\Intel\Intel(R) Management Engine Components\DAL;C:\Program Files\Intel\Intel(R) Management Engine Components\IPT;C:\Program Files (x86)\Intel\Intel(R) Management Engine Components\DAL;C:\Program Files (x86)\Intel\Intel(R) Management Engine Components\IPT;C:\Program Files (x86)\Intel\OpenCL SDK\2.0\bin\x86;C:\Program Files (x86)\Intel\OpenCL SDK\2.0\bin\x64;C:\Program Files\Intel\WiFi\bin\;C:\Program Files\Common Files\Intel\WirelessCommon\;C:\Program Files (x86)\Windows Live\Shared;C:\Program Files (x86)\Microsoft SQL Server\100\Tools\Binn\;C:\Program Files\Microsoft SQL Server\100\Tools\Binn\;C:\Program Files\Microsoft SQL Server\100\DTS\Binn\;C:\Program Files (x86)\Java\jdk1.7.0_07\bin
USERNAME=Ryu
OS=Windows_NT
PROCESSOR_IDENTIFIER=Intel64 Family 6 Model 58 Stepping 9, GenuineIntel



---------------  S Y S T E M  ---------------

OS: Windows 7 , 64 bit Build 7601 Service Pack 1

CPU:total 4 (2 cores per cpu, 2 threads per core) family 6 model 58 stepping 9, cmov, cx8, fxsr, mmx, sse, sse2, sse3, ssse3, sse4.1, sse4.2, popcnt, avx, ht, tsc, tscinvbit, tscinv

Memory: 4k page, physical 8283524k(4567516k free), swap 16565196k(12451380k free)

vm_info: Java HotSpot(TM) Client VM (23.5-b02) for windows-x86 JRE (1.7.0_09-b05), built on Sep 24 2012 22:01:33 by "java_re" with unknown MS VC++:1600

time: Sun Dec 02 17:08:21 2012
elapsed time: 217 seconds

