#
# A fatal error has been detected by the Java Runtime Environment:
#
#  EXCEPTION_UNCAUGHT_CXX_EXCEPTION (0xe06d7363) at pc=0x75bdc41f, pid=6860, tid=7616
#
# JRE version: 7.0_09-b05
# Java VM: Java HotSpot(TM) Client VM (23.5-b02 mixed mode, sharing windows-x86 )
# Problematic frame:
# C  [KERNELBASE.dll+0xc41f]  RaiseException+0x58
#
# Failed to write core dump. Minidumps are not enabled by default on client versions of Windows
#
# If you would like to submit a bug report, please visit:
#   http://bugreport.sun.com/bugreport/crash.jsp
# The crash happened outside the Java Virtual Machine in native code.
# See problematic frame for where to report the bug.
#

---------------  T H R E A D  ---------------

Current thread (0x00cbb400):  JavaThread "main" [_thread_in_native, id=7616, stack(0x001b0000,0x00200000)]

siginfo: ExceptionCode=0xe06d7363, ExceptionInformation=0x19930520 0x001ef71c 0x64c12598 

Registers:
EAX=0x001ef678, EBX=0x000001ef, ECX=0x00000003, EDX=0x00000000
ESP=0x001ef678, EBP=0x001ef6c8, ESI=0x001ff7cc, EDI=0x682c1ec6
EIP=0x75bdc41f, EFLAGS=0x00000216

Top of Stack: (sp=0x001ef678)
0x001ef678:   e06d7363 00000001 00000000 75bdc41f
0x001ef688:   00000003 19930520 001ef71c 64c12598
0x001ef698:   00000000 0484a3b0 001ef780 001ef68c
0x001ef6a8:   001ef780 0000002d 001ef6d0 64a53b1e
0x001ef6b8:   0484a3b0 0484a378 0000002d 001ff7cc
0x001ef6c8:   001ef700 682d7819 e06d7363 00000001
0x001ef6d8:   00000003 001ef6f4 e06d7363 00000001
0x001ef6e8:   00000000 00000000 00000003 19930520 

Instructions: (pc=0x75bdc41f)
0x75bdc3ff:   02 50 ff 75 14 8d 45 c4 50 e8 05 ad 02 00 83 c4
0x75bdc40f:   0c eb 03 89 45 c0 8d 45 b0 50 ff 15 5c 11 bd 75
0x75bdc41f:   c9 c2 10 00 cc cc cc cc cc 8b ff 55 8b ec 56 8b
0x75bdc42f:   75 08 83 fe f4 72 18 83 fe f6 77 13 8d 45 08 50 


Register to memory mapping:

EAX=0x001ef678 is pointing into the stack for thread: 0x00cbb400
EBX=0x000001ef is an unknown value
ECX=0x00000003 is an unknown value
EDX=0x00000000 is an unknown value
ESP=0x001ef678 is pointing into the stack for thread: 0x00cbb400
EBP=0x001ef6c8 is pointing into the stack for thread: 0x00cbb400
ESI=0x001ff7cc is pointing into the stack for thread: 0x00cbb400
EDI=0x682c1ec6 is an unknown value


Stack: [0x001b0000,0x00200000],  sp=0x001ef678,  free space=253k
Native frames: (J=compiled Java code, j=interpreted, Vv=VM code, C=native code)
C  [KERNELBASE.dll+0xc41f]  RaiseException+0x58
C  [msvcr100.dll+0x27819]  CxxThrowException+0x45

Java frames: (J=compiled Java code, j=interpreted, Vv=VM code)
j  com.googlecode.javacv.cpp.opencv_core.cvCopy(Lcom/googlecode/javacv/cpp/opencv_core$CvArr;Lcom/googlecode/javacv/cpp/opencv_core$CvArr;Lcom/googlecode/javacv/cpp/opencv_core$CvArr;)V+0
j  com.googlecode.javacv.cpp.opencv_core.cvCopy(Lcom/googlecode/javacv/cpp/opencv_core$CvArr;Lcom/googlecode/javacv/cpp/opencv_core$CvArr;)V+3
j  kr.hs.sshs.JavaPTS.Main.main([Ljava/lang/String;)V+266
v  ~StubRoutines::call_stub

---------------  P R O C E S S  ---------------

Java Threads: ( => current thread )
  0x04936400 JavaThread "AWT-EventQueue-0" [_thread_blocked, id=7388, stack(0x05040000,0x05090000)]
  0x0492b000 JavaThread "AWT-Windows" daemon [_thread_in_native, id=7528, stack(0x04f10000,0x04f60000)]
  0x0492a800 JavaThread "AWT-Shutdown" [_thread_blocked, id=7536, stack(0x04e40000,0x04e90000)]
  0x04922400 JavaThread "Java2D Disposer" daemon [_thread_blocked, id=7024, stack(0x04cd0000,0x04d20000)]
  0x00ea6c00 JavaThread "Service Thread" daemon [_thread_blocked, id=7812, stack(0x00bc0000,0x00c10000)]
  0x00ea2c00 JavaThread "C1 CompilerThread0" daemon [_thread_blocked, id=7480, stack(0x04c20000,0x04c70000)]
  0x00ea2000 JavaThread "Attach Listener" daemon [_thread_blocked, id=2292, stack(0x04a70000,0x04ac0000)]
  0x00e9d800 JavaThread "Signal Dispatcher" daemon [_thread_blocked, id=7640, stack(0x01180000,0x011d0000)]
  0x00e74000 JavaThread "Finalizer" daemon [_thread_blocked, id=7264, stack(0x012e0000,0x01330000)]
  0x00e72400 JavaThread "Reference Handler" daemon [_thread_blocked, id=7568, stack(0x01200000,0x01250000)]
=>0x00cbb400 JavaThread "main" [_thread_in_native, id=7616, stack(0x001b0000,0x00200000)]

Other Threads:
  0x00e70800 VMThread [stack: 0x010a0000,0x010f0000] [id=7644]
  0x00ea9400 WatcherThread [stack: 0x04c70000,0x04cc0000] [id=7252]

VM state:not at safepoint (normal execution)

VM Mutex/Monitor currently owned by a thread: None

Heap
 def new generation   total 12736K, used 4729K [0x24260000, 0x25030000, 0x297b0000)
  eden space 11328K,  29% used [0x24260000, 0x2459e688, 0x24d70000)
  from space 1408K, 100% used [0x24ed0000, 0x25030000, 0x25030000)
  to   space 1408K,   0% used [0x24d70000, 0x24d70000, 0x24ed0000)
 tenured generation   total 28192K, used 28069K [0x297b0000, 0x2b338000, 0x34260000)
   the space 28192K,  99% used [0x297b0000, 0x2b319738, 0x2b319800, 0x2b338000)
 compacting perm gen  total 12288K, used 2074K [0x34260000, 0x34e60000, 0x38260000)
   the space 12288K,  16% used [0x34260000, 0x34466800, 0x34466800, 0x34e60000)
    ro space 10240K,  42% used [0x38260000, 0x386a0348, 0x386a0400, 0x38c60000)
    rw space 12288K,  54% used [0x38c60000, 0x392e06f0, 0x392e0800, 0x39860000)

Card table byte_map: [0x00ec0000,0x00f70000] byte_map_base: 0x00d9ed00

Polling page: 0x001a0000

Code Cache  [0x027f0000, 0x02978000, 0x047f0000)
 total_blobs=814 nmethods=577 adapters=172 free_code_cache=31219Kb largest_free_block=31968704

Compilation events (10 events):
Event: 286.537 Thread 0x00ea2c00  568             sun.awt.image.SunVolatileImage::getBackground (19 bytes)
Event: 286.537 Thread 0x00ea2c00 nmethod 568 0x02972648 code [0x02972750, 0x029727fc]
Event: 286.537 Thread 0x00ea2c00  569             sun.awt.image.SunVolatileImage::getFont (43 bytes)
Event: 286.538 Thread 0x00ea2c00 nmethod 569 0x02972848 code [0x02972960, 0x02972ae8]
Event: 295.463 Thread 0x00ea2c00  570             java.awt.image.Raster::getNumDataElements (8 bytes)
Event: 295.463 Thread 0x00ea2c00 nmethod 570 0x02972c08 code [0x02972d10, 0x02972dac]
Event: 298.188 Thread 0x00ea2c00  571             java.util.ArrayList::toArray (12 bytes)
Event: 298.188 Thread 0x00ea2c00 nmethod 571 0x02972e08 code [0x02972f10, 0x02972fbc]
Event: 340.010 Thread 0x00ea2c00  572             sun.java2d.SurfaceData::markDirty (8 bytes)
Event: 340.010 Thread 0x00ea2c00 nmethod 572 0x02973048 code [0x02973140, 0x029731d0]

GC Heap History (10 events):
Event: 295.200 GC heap before
{Heap before GC invocations=224 (full 85):
 def new generation   total 12736K, used 12736K [0x24260000, 0x25030000, 0x297b0000)
  eden space 11328K, 100% used [0x24260000, 0x24d70000, 0x24d70000)
  from space 1408K, 100% used [0x24d70000, 0x24ed0000, 0x24ed0000)
  to   space 1408K,   0% used [0x24ed0000, 0x24ed0000, 0x25030000)
 tenured generation   total 28192K, used 27240K [0x297b0000, 0x2b338000, 0x34260000)
   the space 28192K,  96% used [0x297b0000, 0x2b24a068, 0x2b24a200, 0x2b338000)
 compacting perm gen  total 12288K, used 2073K [0x34260000, 0x34e60000, 0x38260000)
   the space 12288K,  16% used [0x34260000, 0x344667d0, 0x34466800, 0x34e60000)
    ro space 10240K,  42% used [0x38260000, 0x386a0348, 0x386a0400, 0x38c60000)
    rw space 12288K,  54% used [0x38c60000, 0x392e06f0, 0x392e0800, 0x39860000)
Event: 295.243 GC heap after
Heap after GC invocations=225 (full 86):
 def new generation   total 12736K, used 0K [0x24260000, 0x25030000, 0x297b0000)
  eden space 11328K,   0% used [0x24260000, 0x24260000, 0x24d70000)
  from space 1408K,   0% used [0x24ed0000, 0x24ed0000, 0x25030000)
  to   space 1408K,   0% used [0x24d70000, 0x24d70000, 0x24ed0000)
 tenured generation   total 28192K, used 14824K [0x297b0000, 0x2b338000, 0x34260000)
   the space 28192K,  52% used [0x297b0000, 0x2a62a190, 0x2a62a200, 0x2b338000)
 compacting perm gen  total 12288K, used 2073K [0x34260000, 0x34e60000, 0x38260000)
   the space 12288K,  16% used [0x34260000, 0x344667d0, 0x34466800, 0x34e60000)
    ro space 10240K,  42% used [0x38260000, 0x386a0348, 0x386a0400, 0x38c60000)
    rw space 12288K,  54% used [0x38c60000, 0x392e06f0, 0x392e0800, 0x39860000)
}
Event: 295.879 GC heap before
{Heap before GC invocations=225 (full 86):
 def new generation   total 12736K, used 11328K [0x24260000, 0x25030000, 0x297b0000)
  eden space 11328K, 100% used [0x24260000, 0x24d70000, 0x24d70000)
  from space 1408K,   0% used [0x24ed0000, 0x24ed0000, 0x25030000)
  to   space 1408K,   0% used [0x24d70000, 0x24d70000, 0x24ed0000)
 tenured generation   total 28192K, used 14824K [0x297b0000, 0x2b338000, 0x34260000)
   the space 28192K,  52% used [0x297b0000, 0x2a62a190, 0x2a62a200, 0x2b338000)
 compacting perm gen  total 12288K, used 2073K [0x34260000, 0x34e60000, 0x38260000)
   the space 12288K,  16% used [0x34260000, 0x344667d0, 0x34466800, 0x34e60000)
    ro space 10240K,  42% used [0x38260000, 0x386a0348, 0x386a0400, 0x38c60000)
    rw space 12288K,  54% used [0x38c60000, 0x392e06f0, 0x392e0800, 0x39860000)
Event: 295.884 GC heap after
Heap after GC invocations=226 (full 86):
 def new generation   total 12736K, used 1408K [0x24260000, 0x25030000, 0x297b0000)
  eden space 11328K,   0% used [0x24260000, 0x24260000, 0x24d70000)
  from space 1408K, 100% used [0x24d70000, 0x24ed0000, 0x24ed0000)
  to   space 1408K,   0% used [0x24ed0000, 0x24ed0000, 0x25030000)
 tenured generation   total 28192K, used 22152K [0x297b0000, 0x2b338000, 0x34260000)
   the space 28192K,  78% used [0x297b0000, 0x2ad522f8, 0x2ad52400, 0x2b338000)
 compacting perm gen  total 12288K, used 2073K [0x34260000, 0x34e60000, 0x38260000)
   the space 12288K,  16% used [0x34260000, 0x344667d0, 0x34466800, 0x34e60000)
    ro space 10240K,  42% used [0x38260000, 0x386a0348, 0x386a0400, 0x38c60000)
    rw space 12288K,  54% used [0x38c60000, 0x392e06f0, 0x392e0800, 0x39860000)
}
Event: 296.463 GC heap before
{Heap before GC invocations=226 (full 86):
 def new generation   total 12736K, used 12736K [0x24260000, 0x25030000, 0x297b0000)
  eden space 11328K, 100% used [0x24260000, 0x24d70000, 0x24d70000)
  from space 1408K, 100% used [0x24d70000, 0x24ed0000, 0x24ed0000)
  to   space 1408K,   0% used [0x24ed0000, 0x24ed0000, 0x25030000)
 tenured generation   total 28192K, used 22152K [0x297b0000, 0x2b338000, 0x34260000)
   the space 28192K,  78% used [0x297b0000, 0x2ad522f8, 0x2ad52400, 0x2b338000)
 compacting perm gen  total 12288K, used 2073K [0x34260000, 0x34e60000, 0x38260000)
   the space 12288K,  16% used [0x34260000, 0x344667d0, 0x34466800, 0x34e60000)
    ro space 10240K,  42% used [0x38260000, 0x386a0348, 0x386a0400, 0x38c60000)
    rw space 12288K,  54% used [0x38c60000, 0x392e06f0, 0x392e0800, 0x39860000)
Event: 296.504 GC heap after
Heap after GC invocations=227 (full 87):
 def new generation   total 12736K, used 0K [0x24260000, 0x25030000, 0x297b0000)
  eden space 11328K,   0% used [0x24260000, 0x24260000, 0x24d70000)
  from space 1408K,   0% used [0x24ed0000, 0x24ed0000, 0x25030000)
  to   space 1408K,   0% used [0x24d70000, 0x24d70000, 0x24ed0000)
 tenured generation   total 28192K, used 14698K [0x297b0000, 0x2b338000, 0x34260000)
   the space 28192K,  52% used [0x297b0000, 0x2a60aa50, 0x2a60ac00, 0x2b338000)
 compacting perm gen  total 12288K, used 2073K [0x34260000, 0x34e60000, 0x38260000)
   the space 12288K,  16% used [0x34260000, 0x344667d0, 0x34466800, 0x34e60000)
    ro space 10240K,  42% used [0x38260000, 0x386a0348, 0x386a0400, 0x38c60000)
    rw space 12288K,  54% used [0x38c60000, 0x392e06f0, 0x392e0800, 0x39860000)
}
Event: 298.073 GC heap before
{Heap before GC invocations=227 (full 87):
 def new generation   total 12736K, used 11328K [0x24260000, 0x25030000, 0x297b0000)
  eden space 11328K, 100% used [0x24260000, 0x24d70000, 0x24d70000)
  from space 1408K,   0% used [0x24ed0000, 0x24ed0000, 0x25030000)
  to   space 1408K,   0% used [0x24d70000, 0x24d70000, 0x24ed0000)
 tenured generation   total 28192K, used 14698K [0x297b0000, 0x2b338000, 0x34260000)
   the space 28192K,  52% used [0x297b0000, 0x2a60aa50, 0x2a60ac00, 0x2b338000)
 compacting perm gen  total 12288K, used 2073K [0x34260000, 0x34e60000, 0x38260000)
   the space 12288K,  16% used [0x34260000, 0x344667d0, 0x34466800, 0x34e60000)
    ro space 10240K,  42% used [0x38260000, 0x386a0348, 0x386a0400, 0x38c60000)
    rw space 12288K,  54% used [0x38c60000, 0x392e06f0, 0x392e0800, 0x39860000)
Event: 298.078 GC heap after
Heap after GC invocations=228 (full 87):
 def new generation   total 12736K, used 1408K [0x24260000, 0x25030000, 0x297b0000)
  eden space 11328K,   0% used [0x24260000, 0x24260000, 0x24d70000)
  from space 1408K, 100% used [0x24d70000, 0x24ed0000, 0x24ed0000)
  to   space 1408K,   0% used [0x24ed0000, 0x24ed0000, 0x25030000)
 tenured generation   total 28192K, used 21904K [0x297b0000, 0x2b338000, 0x34260000)
   the space 28192K,  77% used [0x297b0000, 0x2ad142b0, 0x2ad14400, 0x2b338000)
 compacting perm gen  total 12288K, used 2073K [0x34260000, 0x34e60000, 0x38260000)
   the space 12288K,  16% used [0x34260000, 0x344667d0, 0x34466800, 0x34e60000)
    ro space 10240K,  42% used [0x38260000, 0x386a0348, 0x386a0400, 0x38c60000)
    rw space 12288K,  54% used [0x38c60000, 0x392e06f0, 0x392e0800, 0x39860000)
}
Event: 339.563 GC heap before
{Heap before GC invocations=228 (full 87):
 def new generation   total 12736K, used 12736K [0x24260000, 0x25030000, 0x297b0000)
  eden space 11328K, 100% used [0x24260000, 0x24d70000, 0x24d70000)
  from space 1408K, 100% used [0x24d70000, 0x24ed0000, 0x24ed0000)
  to   space 1408K,   0% used [0x24ed0000, 0x24ed0000, 0x25030000)
 tenured generation   total 28192K, used 21904K [0x297b0000, 0x2b338000, 0x34260000)
   the space 28192K,  77% used [0x297b0000, 0x2ad142b0, 0x2ad14400, 0x2b338000)
 compacting perm gen  total 12288K, used 2074K [0x34260000, 0x34e60000, 0x38260000)
   the space 12288K,  16% used [0x34260000, 0x34466800, 0x34466800, 0x34e60000)
    ro space 10240K,  42% used [0x38260000, 0x386a0348, 0x386a0400, 0x38c60000)
    rw space 12288K,  54% used [0x38c60000, 0x392e06f0, 0x392e0800, 0x39860000)
Event: 339.568 GC heap after
Heap after GC invocations=229 (full 87):
 def new generation   total 12736K, used 1408K [0x24260000, 0x25030000, 0x297b0000)
  eden space 11328K,   0% used [0x24260000, 0x24260000, 0x24d70000)
  from space 1408K, 100% used [0x24ed0000, 0x25030000, 0x25030000)
  to   space 1408K,   0% used [0x24d70000, 0x24d70000, 0x24ed0000)
 tenured generation   total 28192K, used 28069K [0x297b0000, 0x2b338000, 0x34260000)
   the space 28192K,  99% used [0x297b0000, 0x2b319738, 0x2b319800, 0x2b338000)
 compacting perm gen  total 12288K, used 2074K [0x34260000, 0x34e60000, 0x38260000)
   the space 12288K,  16% used [0x34260000, 0x34466800, 0x34466800, 0x34e60000)
    ro space 10240K,  42% used [0x38260000, 0x386a0348, 0x386a0400, 0x38c60000)
    rw space 12288K,  54% used [0x38c60000, 0x392e06f0, 0x392e0800, 0x39860000)
}

Deoptimization events (0 events):
No events

Internal exceptions (10 events):
Event: 6.453 Thread 0x00cbb400 Threw 0x242fd670 at C:\jdk7u1_32P\jdk7u9_3984_new\hotspot\src\share\vm\prims\jvm.cpp:1166
Event: 6.454 Thread 0x00cbb400 Threw 0x24302f70 at C:\jdk7u1_32P\jdk7u9_3984_new\hotspot\src\share\vm\prims\jvm.cpp:1166
Event: 6.455 Thread 0x00cbb400 Threw 0x24309b70 at C:\jdk7u1_32P\jdk7u9_3984_new\hotspot\src\share\vm\prims\jvm.cpp:1166
Event: 6.455 Thread 0x00cbb400 Threw 0x2430f870 at C:\jdk7u1_32P\jdk7u9_3984_new\hotspot\src\share\vm\prims\jvm.cpp:1166
Event: 6.499 Thread 0x00cbb400 Threw 0x24448b90 at C:\jdk7u1_32P\jdk7u9_3984_new\hotspot\src\share\vm\prims\jvm.cpp:1166
Event: 13.518 Thread 0x00cbb400 Threw 0x246c8ea8 at C:\jdk7u1_32P\jdk7u9_3984_new\hotspot\src\share\vm\prims\jvm.cpp:1166
Event: 13.617 Thread 0x00cbb400 Threw 0x244fde00 at C:\jdk7u1_32P\jdk7u9_3984_new\hotspot\src\share\vm\prims\jvm.cpp:1166
Event: 13.619 Thread 0x00cbb400 Threw 0x24762298 at C:\jdk7u1_32P\jdk7u9_3984_new\hotspot\src\share\vm\prims\jvm.cpp:1166
Event: 13.673 Thread 0x00cbb400 Threw 0x248017b0 at C:\jdk7u1_32P\jdk7u9_3984_new\hotspot\src\share\vm\prims\jvm.cpp:1166
Event: 13.675 Thread 0x00cbb400 Threw 0x248050e0 at C:\jdk7u1_32P\jdk7u9_3984_new\hotspot\src\share\vm\prims\jvm.cpp:1166

Events (10 events):
Event: 296.463 Executing VM operation: GenCollectForAllocation
Event: 296.504 Executing VM operation: GenCollectForAllocation done
Event: 298.073 Executing VM operation: GenCollectForAllocation
Event: 298.078 Executing VM operation: GenCollectForAllocation done
Event: 334.452 Executing VM operation: BulkRevokeBias
Event: 334.452 Executing VM operation: BulkRevokeBias done
Event: 337.840 Executing VM operation: BulkRevokeBias
Event: 337.840 Executing VM operation: BulkRevokeBias done
Event: 339.563 Executing VM operation: GenCollectForAllocation
Event: 339.568 Executing VM operation: GenCollectForAllocation done


Dynamic libraries:
0x013c0000 - 0x013ef000 	C:\Program Files (x86)\Java\jre7\bin\javaw.exe
0x77d80000 - 0x77f00000 	C:\windows\SysWOW64\ntdll.dll
0x76510000 - 0x76620000 	C:\windows\syswow64\kernel32.dll
0x75bd0000 - 0x75c17000 	C:\windows\syswow64\KERNELBASE.dll
0x76470000 - 0x76510000 	C:\windows\syswow64\ADVAPI32.dll
0x75d30000 - 0x75ddc000 	C:\windows\syswow64\msvcrt.dll
0x75690000 - 0x756a9000 	C:\windows\SysWOW64\sechost.dll
0x75c40000 - 0x75d30000 	C:\windows\syswow64\RPCRT4.dll
0x75460000 - 0x754c0000 	C:\windows\syswow64\SspiCli.dll
0x75450000 - 0x7545c000 	C:\windows\syswow64\CRYPTBASE.dll
0x75fd0000 - 0x760d0000 	C:\windows\syswow64\USER32.dll
0x77350000 - 0x773e0000 	C:\windows\syswow64\GDI32.dll
0x77d50000 - 0x77d5a000 	C:\windows\syswow64\LPK.dll
0x754c0000 - 0x7555d000 	C:\windows\syswow64\USP10.dll
0x72790000 - 0x7292e000 	C:\windows\WinSxS\x86_microsoft.windows.common-controls_6595b64144ccf1df_6.0.7601.17514_none_41e6975e2bd6f2b2\COMCTL32.dll
0x77460000 - 0x774b7000 	C:\windows\syswow64\SHLWAPI.dll
0x75b70000 - 0x75bd0000 	C:\windows\system32\IMM32.DLL
0x77280000 - 0x7734c000 	C:\windows\syswow64\MSCTF.dll
0x72930000 - 0x72968000 	C:\windows\SysWOW64\nvinit.dll
0x682b0000 - 0x6836e000 	C:\Program Files (x86)\Java\jre7\bin\msvcr100.dll
0x64c40000 - 0x64f8d000 	C:\Program Files (x86)\Java\jre7\bin\client\jvm.dll
0x724a0000 - 0x724a7000 	C:\windows\system32\WSOCK32.dll
0x756b0000 - 0x756e5000 	C:\windows\syswow64\WS2_32.dll
0x75680000 - 0x75686000 	C:\windows\syswow64\NSI.dll
0x724b0000 - 0x724e2000 	C:\windows\system32\WINMM.dll
0x76620000 - 0x76625000 	C:\windows\syswow64\PSAPI.DLL
0x73980000 - 0x7398c000 	C:\Program Files (x86)\Java\jre7\bin\verify.dll
0x6b8c0000 - 0x6b8e0000 	C:\Program Files (x86)\Java\jre7\bin\java.dll
0x6bb20000 - 0x6bb33000 	C:\Program Files (x86)\Java\jre7\bin\zip.dll
0x722f0000 - 0x72359000 	C:\Windows\System32\msvcp100.dll
0x6b5f0000 - 0x6b618000 	C:\opencv\build\common\tbb\ia32\vc10\tbb.dll
0x64a50000 - 0x64c3d000 	C:\opencv\build\x86\vc10\bin\opencv_core242.dll
0x6b4f0000 - 0x6b560000 	C:\Users\Ryu\AppData\Local\Temp\javacpp28913177344991\jniopencv_core.dll
0x67530000 - 0x67672000 	C:\Program Files (x86)\Java\jre7\bin\awt.dll
0x75f00000 - 0x75f8f000 	C:\windows\syswow64\OLEAUT32.dll
0x75a10000 - 0x75b6c000 	C:\windows\syswow64\ole32.dll
0x70810000 - 0x70823000 	C:\windows\system32\DWMAPI.DLL
0x711f0000 - 0x71270000 	C:\windows\system32\uxtheme.dll
0x10000000 - 0x10039000 	C:\Program Files (x86)\Samsung\Easy Settings\WinCRT.dll
0x72a20000 - 0x72a71000 	C:\windows\system32\WINSPOOL.DRV
0x71650000 - 0x7169c000 	C:\windows\system32\apphelp.dll
0x70980000 - 0x709e9000 	C:\windows\system32\IMKR12.IME
0x76630000 - 0x7727a000 	C:\windows\syswow64\SHELL32.dll
0x70a60000 - 0x70afb000 	C:\windows\WinSxS\x86_microsoft.vc80.crt_1fc8b3b9a1e18e3b_8.0.50727.6195_none_d09154e044272b9a\MSVCR80.dll
0x70b00000 - 0x70b87000 	C:\windows\WinSxS\x86_microsoft.vc80.crt_1fc8b3b9a1e18e3b_8.0.50727.6195_none_d09154e044272b9a\MSVCP80.dll
0x6b890000 - 0x6b8ba000 	C:\Program Files (x86)\Java\jre7\bin\fontmanager.dll
0x758c0000 - 0x75943000 	C:\windows\syswow64\CLBCatQ.DLL
0x73d30000 - 0x73dca000 	C:\PROGRA~2\COMMON~1\MICROS~1\IME12\IMEKR\IMKRTIP.DLL
0x73c40000 - 0x73ce5000 	C:\PROGRA~2\COMMON~1\MICROS~1\IME12\SHARED\IMETIP.DLL
0x73610000 - 0x73632000 	C:\PROGRA~2\COMMON~1\MICROS~1\IME12\IMEKR\IMKRAPI.DLL
0x71ca0000 - 0x71ca9000 	C:\windows\system32\VERSION.dll
0x735e0000 - 0x7360d000 	C:\PROGRA~2\COMMON~1\MICROS~1\IME12\SHARED\IMJKAPI.DLL
0x68b80000 - 0x68bbd000 	C:\ffmpeg\ffmpeg-20120720-git-85761ef-win32-shared\bin\avutil-51.dll
0x6b5d0000 - 0x6b5e6000 	C:\Users\Ryu\AppData\Local\Temp\javacpp28913177344991\jniavutil.dll
0x064b0000 - 0x0799e000 	C:\ffmpeg\ffmpeg-20120720-git-85761ef-win32-shared\bin\avcodec-54.dll
0x6ad80000 - 0x6adcb000 	C:\Users\Ryu\AppData\Local\Temp\javacpp28913177344991\jniavcodec.dll
0x69900000 - 0x69bc2000 	C:\ffmpeg\ffmpeg-20120720-git-85761ef-win32-shared\bin\avformat-54.dll
0x6b480000 - 0x6b499000 	C:\windows\system32\AVIFIL32.DLL
0x73990000 - 0x739a4000 	C:\windows\system32\MSACM32.dll
0x6b4c0000 - 0x6b4e1000 	C:\windows\system32\MSVFW32.dll
0x049f0000 - 0x04a14000 	C:\Users\Ryu\AppData\Local\Temp\javacpp28913177344991\jniavformat.dll
0x6afc0000 - 0x6aff3000 	C:\ffmpeg\ffmpeg-20120720-git-85761ef-win32-shared\bin\postproc-52.dll
0x73970000 - 0x73979000 	C:\Users\Ryu\AppData\Local\Temp\javacpp28913177344991\jnipostproc.dll
0x707c0000 - 0x707e2000 	C:\ffmpeg\ffmpeg-20120720-git-85761ef-win32-shared\bin\swresample-0.dll
0x6bbe0000 - 0x6bbea000 	C:\Users\Ryu\AppData\Local\Temp\javacpp28913177344991\jniswresample.dll
0x6ab00000 - 0x6ab5c000 	C:\ffmpeg\ffmpeg-20120720-git-85761ef-win32-shared\bin\swscale-2.dll
0x6b5c0000 - 0x6b5cd000 	C:\Users\Ryu\AppData\Local\Temp\javacpp28913177344991\jniswscale.dll
0x68280000 - 0x682a4000 	C:\Users\Ryu\AppData\Local\Temp\javacpp28913177344991\jniavfilter.dll
0x624c0000 - 0x6261f000 	C:\ffmpeg\ffmpeg-20120720-git-85761ef-win32-shared\bin\avfilter-3.dll
0x6dd40000 - 0x6ddb0000 	C:\ffmpeg\ffmpeg-20120720-git-85761ef-win32-shared\bin\avdevice-54.dll
0x69e80000 - 0x69e93000 	C:\windows\system32\AVICAP32.DLL
0x6af70000 - 0x6af78000 	C:\Users\Ryu\AppData\Local\Temp\javacpp28913177344991\jniavdevice.dll
0x61cb0000 - 0x61efa000 	C:\opencv\build\x86\vc10\bin\opencv_imgproc242.dll
0x681d0000 - 0x68204000 	C:\Users\Ryu\AppData\Local\Temp\javacpp28913177344991\jniopencv_imgproc.dll
0x6be30000 - 0x6bf1b000 	C:\windows\system32\dbghelp.dll

VM Arguments:
jvm_args: -Dfile.encoding=UTF-8 
java_command: kr.hs.sshs.JavaPTS.Main
Launcher Type: SUN_STANDARD

Environment Variables:
CLASSPATH=.
PATH=C:\ffmpeg\ffmpeg-20120720-git-85761ef-win32-shared\bin\;C:\Program Files\Common Files\Microsoft Shared\Windows Live;C:\Program Files (x86)\Common Files\Microsoft Shared\Windows Live;C:\Program Files (x86)\NVIDIA Corporation\PhysX\Common;C:\Program Files (x86)\Intel\iCLS Client\;C:\Program Files\Intel\iCLS Client\;C:\windows\system32;C:\windows;C:\windows\System32\Wbem;C:\windows\System32\WindowsPowerShell\v1.0\;C:\Program Files\Intel\Intel(R) Management Engine Components\DAL;C:\Program Files\Intel\Intel(R) Management Engine Components\IPT;C:\Program Files (x86)\Intel\Intel(R) Management Engine Components\DAL;C:\Program Files (x86)\Intel\Intel(R) Management Engine Components\IPT;C:\Program Files (x86)\Intel\OpenCL SDK\2.0\bin\x86;C:\Program Files (x86)\Intel\OpenCL SDK\2.0\bin\x64;C:\Program Files\Intel\WiFi\bin\;C:\Program Files\Common Files\Intel\WirelessCommon\;C:\Program Files (x86)\Windows Live\Shared;C:\Program Files (x86)\Microsoft SQL Server\100\Tools\Binn\;C:\Program Files\Microsoft SQL Server\100\Tools\Binn\;C:\Program Files\Microsoft SQL Server\100\DTS\Binn\;C:\Program Files (x86)\Java\jdk1.7.0_07\bin
USERNAME=Ryu
OS=Windows_NT
PROCESSOR_IDENTIFIER=Intel64 Family 6 Model 58 Stepping 9, GenuineIntel



---------------  S Y S T E M  ---------------

OS: Windows 7 , 64 bit Build 7601 Service Pack 1

CPU:total 4 (2 cores per cpu, 2 threads per core) family 6 model 58 stepping 9, cmov, cx8, fxsr, mmx, sse, sse2, sse3, ssse3, sse4.1, sse4.2, popcnt, avx, ht, tsc, tscinvbit, tscinv

Memory: 4k page, physical 8283524k(4439476k free), swap 16565196k(12307416k free)

vm_info: Java HotSpot(TM) Client VM (23.5-b02) for windows-x86 JRE (1.7.0_09-b05), built on Sep 24 2012 22:01:33 by "java_re" with unknown MS VC++:1600

time: Sun Dec 02 16:59:48 2012
elapsed time: 340 seconds

