#
# A fatal error has been detected by the Java Runtime Environment:
#
#  EXCEPTION_UNCAUGHT_CXX_EXCEPTION (0xe06d7363) at pc=0x759dc41f, pid=1632, tid=6220
#
# JRE version: 7.0_09-b05
# Java VM: Java HotSpot(TM) Client VM (23.5-b02 mixed mode, sharing windows-x86 )
# Problematic frame:
# C  [KERNELBASE.dll+0xc41f]  RaiseException+0x58
#
# Failed to write core dump. Minidumps are not enabled by default on client versions of Windows
#
# If you would like to submit a bug report, please visit:
#   http://bugreport.sun.com/bugreport/crash.jsp
# The crash happened outside the Java Virtual Machine in native code.
# See problematic frame for where to report the bug.
#

---------------  T H R E A D  ---------------

Current thread (0x0020b400):  JavaThread "main" [_thread_in_native, id=6220, stack(0x01fa0000,0x01ff0000)]

siginfo: ExceptionCode=0xe06d7363, ExceptionInformation=0x19930520 0x01fdf460 0x66662598 

Registers:
EAX=0x01fdf3bc, EBX=0x00000705, ECX=0x00000003, EDX=0x00000000
ESP=0x01fdf3bc, EBP=0x01fdf40c, ESI=0x01fef524, EDI=0x68631ec6
EIP=0x759dc41f, EFLAGS=0x00000202

Top of Stack: (sp=0x01fdf3bc)
0x01fdf3bc:   e06d7363 00000001 00000000 759dc41f
0x01fdf3cc:   00000003 19930520 01fdf460 66662598
0x01fdf3dc:   00000000 07fe6970 01fdf4c4 01fdf3d0
0x01fdf3ec:   01fdf4c4 0000002e 01fdf414 664a3b1e
0x01fdf3fc:   07fe6970 07fe6938 0000002e 01fef524
0x01fdf40c:   01fdf444 68647819 e06d7363 00000001
0x01fdf41c:   00000003 01fdf438 e06d7363 00000001
0x01fdf42c:   00000000 00000000 00000003 19930520 

Instructions: (pc=0x759dc41f)
0x759dc3ff:   02 50 ff 75 14 8d 45 c4 50 e8 05 ad 02 00 83 c4
0x759dc40f:   0c eb 03 89 45 c0 8d 45 b0 50 ff 15 5c 11 9d 75
0x759dc41f:   c9 c2 10 00 cc cc cc cc cc 8b ff 55 8b ec 56 8b
0x759dc42f:   75 08 83 fe f4 72 18 83 fe f6 77 13 8d 45 08 50 


Register to memory mapping:

EAX=0x01fdf3bc is pointing into the stack for thread: 0x0020b400
EBX=0x00000705 is an unknown value
ECX=0x00000003 is an unknown value
EDX=0x00000000 is an unknown value
ESP=0x01fdf3bc is pointing into the stack for thread: 0x0020b400
EBP=0x01fdf40c is pointing into the stack for thread: 0x0020b400
ESI=0x01fef524 is pointing into the stack for thread: 0x0020b400
EDI=0x68631ec6 is an unknown value


Stack: [0x01fa0000,0x01ff0000],  sp=0x01fdf3bc,  free space=252k
Native frames: (J=compiled Java code, j=interpreted, Vv=VM code, C=native code)
C  [KERNELBASE.dll+0xc41f]  RaiseException+0x58
C  [msvcr100.dll+0x27819]  CxxThrowException+0x45

Java frames: (J=compiled Java code, j=interpreted, Vv=VM code)
J  com.googlecode.javacv.cpp.opencv_core.cvSetReal2D(Lcom/googlecode/javacv/cpp/opencv_core$CvArr;IID)V
J  kr.hs.sshs.JavaPTS.Main.drawCandidate()V
J  kr.hs.sshs.JavaPTS.Main.process()V
j  kr.hs.sshs.JavaPTS.Main.main([Ljava/lang/String;)V+336
v  ~StubRoutines::call_stub

---------------  P R O C E S S  ---------------

Java Threads: ( => current thread )
  0x04ec9c00 JavaThread "AWT-EventQueue-0" [_thread_blocked, id=2472, stack(0x05c70000,0x05cc0000)]
  0x04ebbc00 JavaThread "AWT-Windows" daemon [_thread_in_native, id=1016, stack(0x05000000,0x05050000)]
  0x04ebb400 JavaThread "AWT-Shutdown" [_thread_blocked, id=8148, stack(0x050a0000,0x050f0000)]
  0x04eb4000 JavaThread "Java2D Disposer" daemon [_thread_blocked, id=4408, stack(0x04ce0000,0x04d30000)]
  0x02842000 JavaThread "Service Thread" daemon [_thread_blocked, id=8100, stack(0x04fb0000,0x05000000)]
  0x0283d800 JavaThread "C1 CompilerThread0" daemon [_thread_blocked, id=6668, stack(0x04d40000,0x04d90000)]
  0x0283c400 JavaThread "Attach Listener" daemon [_thread_blocked, id=4612, stack(0x04c50000,0x04ca0000)]
  0x02839000 JavaThread "Signal Dispatcher" daemon [_thread_blocked, id=7984, stack(0x04b30000,0x04b80000)]
  0x02817400 JavaThread "Finalizer" daemon [_thread_blocked, id=7216, stack(0x00430000,0x00480000)]
  0x02812400 JavaThread "Reference Handler" daemon [_thread_blocked, id=1576, stack(0x04a90000,0x04ae0000)]
=>0x0020b400 JavaThread "main" [_thread_in_native, id=6220, stack(0x01fa0000,0x01ff0000)]

Other Threads:
  0x02810800 VMThread [stack: 0x049a0000,0x049f0000] [id=7180]
  0x02843800 WatcherThread [stack: 0x04ae0000,0x04b30000] [id=300]

VM state:not at safepoint (normal execution)

VM Mutex/Monitor currently owned by a thread: None

Heap
 def new generation   total 78656K, used 18121K [0x24260000, 0x297b0000, 0x297b0000)
  eden space 69952K,  25% used [0x24260000, 0x25412580, 0x286b0000)
  from space 8704K,   0% used [0x286b0000, 0x286b0000, 0x28f30000)
  to   space 8704K,   0% used [0x28f30000, 0x28f30000, 0x297b0000)
 tenured generation   total 174784K, used 125492K [0x297b0000, 0x34260000, 0x34260000)
   the space 174784K,  71% used [0x297b0000, 0x3123d058, 0x3123d200, 0x34260000)
 compacting perm gen  total 12288K, used 2084K [0x34260000, 0x34e60000, 0x38260000)
   the space 12288K,  16% used [0x34260000, 0x344691b0, 0x34469200, 0x34e60000)
    ro space 10240K,  42% used [0x38260000, 0x386a0348, 0x386a0400, 0x38c60000)
    rw space 12288K,  54% used [0x38c60000, 0x392e06f0, 0x392e0800, 0x39860000)

Card table byte_map: [0x01ff0000,0x020a0000] byte_map_base: 0x01eced00

Polling page: 0x00180000

Code Cache  [0x02860000, 0x02998000, 0x04860000)
 total_blobs=591 nmethods=354 adapters=172 free_code_cache=31532Kb largest_free_block=32289216

Compilation events (10 events):
Event: 33.995 Thread 0x0283d800  345             java.nio.charset.CoderResult::isOverflow (14 bytes)
Event: 33.995 Thread 0x0283d800 nmethod 345 0x02994508 code [0x02994600, 0x02994690]
Event: 33.995 Thread 0x0283d800  346             java.nio.Buffer::flip (20 bytes)
Event: 33.995 Thread 0x0283d800 nmethod 346 0x029946c8 code [0x029947c0, 0x02994850]
Event: 33.995 Thread 0x0283d800  347             java.nio.Buffer::clear (20 bytes)
Event: 33.995 Thread 0x0283d800 nmethod 347 0x02994888 code [0x02994980, 0x02994a10]
Event: 33.995 Thread 0x0283d800  348             java.nio.Buffer::remaining (10 bytes)
Event: 33.995 Thread 0x0283d800 nmethod 348 0x02994a48 code [0x02994b40, 0x02994bc0]
Event: 33.996 Thread 0x0283d800  349             java.nio.CharBuffer::<init> (22 bytes)
Event: 33.996 Thread 0x0283d800 nmethod 349 0x02994c08 code [0x02994d00, 0x02994dcc]

GC Heap History (10 events):
Event: 22.605 GC heap before
{Heap before GC invocations=13 (full 4):
 def new generation   total 34304K, used 34303K [0x24260000, 0x26790000, 0x297b0000)
  eden space 30528K, 100% used [0x24260000, 0x26030000, 0x26030000)
  from space 3776K,  99% used [0x263e0000, 0x2678ffe8, 0x26790000)
  to   space 3776K,   0% used [0x26030000, 0x26030000, 0x263e0000)
 tenured generation   total 76108K, used 72390K [0x297b0000, 0x2e203000, 0x34260000)
   the space 76108K,  95% used [0x297b0000, 0x2de61aa8, 0x2de61c00, 0x2e203000)
 compacting perm gen  total 12288K, used 2083K [0x34260000, 0x34e60000, 0x38260000)
   the space 12288K,  16% used [0x34260000, 0x34468d58, 0x34468e00, 0x34e60000)
    ro space 10240K,  42% used [0x38260000, 0x386a0348, 0x386a0400, 0x38c60000)
    rw space 12288K,  54% used [0x38c60000, 0x392e06f0, 0x392e0800, 0x39860000)
Event: 23.042 GC heap after
Heap after GC invocations=14 (full 5):
 def new generation   total 51328K, used 0K [0x24260000, 0x27a10000, 0x297b0000)
  eden space 45632K,   0% used [0x24260000, 0x24260000, 0x26ef0000)
  from space 5696K,   0% used [0x26ef0000, 0x26ef0000, 0x27480000)
  to   space 5696K,   0% used [0x27480000, 0x27480000, 0x27a10000)
 tenured generation   total 113992K, used 68394K [0x297b0000, 0x30702000, 0x34260000)
   the space 113992K,  59% used [0x297b0000, 0x2da7a918, 0x2da7aa00, 0x30702000)
 compacting perm gen  total 12288K, used 2083K [0x34260000, 0x34e60000, 0x38260000)
   the space 12288K,  16% used [0x34260000, 0x34468d58, 0x34468e00, 0x34e60000)
    ro space 10240K,  42% used [0x38260000, 0x386a0348, 0x386a0400, 0x38c60000)
    rw space 12288K,  54% used [0x38c60000, 0x392e06f0, 0x392e0800, 0x39860000)
}
Event: 24.535 GC heap before
{Heap before GC invocations=14 (full 5):
 def new generation   total 51328K, used 45632K [0x24260000, 0x27a10000, 0x297b0000)
  eden space 45632K, 100% used [0x24260000, 0x26ef0000, 0x26ef0000)
  from space 5696K,   0% used [0x26ef0000, 0x26ef0000, 0x27480000)
  to   space 5696K,   0% used [0x27480000, 0x27480000, 0x27a10000)
 tenured generation   total 113992K, used 68394K [0x297b0000, 0x30702000, 0x34260000)
   the space 113992K,  59% used [0x297b0000, 0x2da7a918, 0x2da7aa00, 0x30702000)
 compacting perm gen  total 12288K, used 2083K [0x34260000, 0x34e60000, 0x38260000)
   the space 12288K,  16% used [0x34260000, 0x34468d58, 0x34468e00, 0x34e60000)
    ro space 10240K,  42% used [0x38260000, 0x386a0348, 0x386a0400, 0x38c60000)
    rw space 12288K,  54% used [0x38c60000, 0x392e06f0, 0x392e0800, 0x39860000)
Event: 24.741 GC heap after
Heap after GC invocations=15 (full 5):
 def new generation   total 51328K, used 5695K [0x24260000, 0x27a10000, 0x297b0000)
  eden space 45632K,   0% used [0x24260000, 0x24260000, 0x26ef0000)
  from space 5696K,  99% used [0x27480000, 0x27a0fff8, 0x27a10000)
  to   space 5696K,   0% used [0x26ef0000, 0x26ef0000, 0x27480000)
 tenured generation   total 113992K, used 108313K [0x297b0000, 0x30702000, 0x34260000)
   the space 113992K,  95% used [0x297b0000, 0x301766b8, 0x30176800, 0x30702000)
 compacting perm gen  total 12288K, used 2083K [0x34260000, 0x34e60000, 0x38260000)
   the space 12288K,  16% used [0x34260000, 0x34468d58, 0x34468e00, 0x34e60000)
    ro space 10240K,  42% used [0x38260000, 0x386a0348, 0x386a0400, 0x38c60000)
    rw space 12288K,  54% used [0x38c60000, 0x392e06f0, 0x392e0800, 0x39860000)
}
Event: 26.483 GC heap before
{Heap before GC invocations=15 (full 5):
 def new generation   total 51328K, used 51327K [0x24260000, 0x27a10000, 0x297b0000)
  eden space 45632K, 100% used [0x24260000, 0x26ef0000, 0x26ef0000)
  from space 5696K,  99% used [0x27480000, 0x27a0fff8, 0x27a10000)
  to   space 5696K,   0% used [0x26ef0000, 0x26ef0000, 0x27480000)
 tenured generation   total 113992K, used 108313K [0x297b0000, 0x30702000, 0x34260000)
   the space 113992K,  95% used [0x297b0000, 0x301766b8, 0x30176800, 0x30702000)
 compacting perm gen  total 12288K, used 2084K [0x34260000, 0x34e60000, 0x38260000)
   the space 12288K,  16% used [0x34260000, 0x34469190, 0x34469200, 0x34e60000)
    ro space 10240K,  42% used [0x38260000, 0x386a0348, 0x386a0400, 0x38c60000)
    rw space 12288K,  54% used [0x38c60000, 0x392e06f0, 0x392e0800, 0x39860000)
Event: 27.045 GC heap after
Heap after GC invocations=16 (full 6):
 def new generation   total 70016K, used 0K [0x24260000, 0x28e50000, 0x297b0000)
  eden space 62272K,   0% used [0x24260000, 0x24260000, 0x27f30000)
  from space 7744K,   0% used [0x27f30000, 0x27f30000, 0x286c0000)
  to   space 7744K,   0% used [0x286c0000, 0x286c0000, 0x28e50000)
 tenured generation   total 155424K, used 93253K [0x297b0000, 0x32f78000, 0x34260000)
   the space 155424K,  59% used [0x297b0000, 0x2f2c1500, 0x2f2c1600, 0x32f78000)
 compacting perm gen  total 12288K, used 2084K [0x34260000, 0x34e60000, 0x38260000)
   the space 12288K,  16% used [0x34260000, 0x34469190, 0x34469200, 0x34e60000)
    ro space 10240K,  42% used [0x38260000, 0x386a0348, 0x386a0400, 0x38c60000)
    rw space 12288K,  54% used [0x38c60000, 0x392e06f0, 0x392e0800, 0x39860000)
}
Event: 29.660 GC heap before
{Heap before GC invocations=16 (full 6):
 def new generation   total 70016K, used 62272K [0x24260000, 0x28e50000, 0x297b0000)
  eden space 62272K, 100% used [0x24260000, 0x27f30000, 0x27f30000)
  from space 7744K,   0% used [0x27f30000, 0x27f30000, 0x286c0000)
  to   space 7744K,   0% used [0x286c0000, 0x286c0000, 0x28e50000)
 tenured generation   total 155424K, used 93253K [0x297b0000, 0x32f78000, 0x34260000)
   the space 155424K,  59% used [0x297b0000, 0x2f2c1500, 0x2f2c1600, 0x32f78000)
 compacting perm gen  total 12288K, used 2084K [0x34260000, 0x34e60000, 0x38260000)
   the space 12288K,  16% used [0x34260000, 0x344691b0, 0x34469200, 0x34e60000)
    ro space 10240K,  42% used [0x38260000, 0x386a0348, 0x386a0400, 0x38c60000)
    rw space 12288K,  54% used [0x38c60000, 0x392e06f0, 0x392e0800, 0x39860000)
Event: 29.887 GC heap after
Heap after GC invocations=17 (full 6):
 def new generation   total 70016K, used 7744K [0x24260000, 0x28e50000, 0x297b0000)
  eden space 62272K,   0% used [0x24260000, 0x24260000, 0x27f30000)
  from space 7744K, 100% used [0x286c0000, 0x28e50000, 0x28e50000)
  to   space 7744K,   0% used [0x27f30000, 0x27f30000, 0x286c0000)
 tenured generation   total 155424K, used 147553K [0x297b0000, 0x32f78000, 0x34260000)
   the space 155424K,  94% used [0x297b0000, 0x327c8630, 0x327c8800, 0x32f78000)
 compacting perm gen  total 12288K, used 2084K [0x34260000, 0x34e60000, 0x38260000)
   the space 12288K,  16% used [0x34260000, 0x344691b0, 0x34469200, 0x34e60000)
    ro space 10240K,  42% used [0x38260000, 0x386a0348, 0x386a0400, 0x38c60000)
    rw space 12288K,  54% used [0x38c60000, 0x392e06f0, 0x392e0800, 0x39860000)
}
Event: 31.907 GC heap before
{Heap before GC invocations=17 (full 6):
 def new generation   total 70016K, used 70016K [0x24260000, 0x28e50000, 0x297b0000)
  eden space 62272K, 100% used [0x24260000, 0x27f30000, 0x27f30000)
  from space 7744K, 100% used [0x286c0000, 0x28e50000, 0x28e50000)
  to   space 7744K,   0% used [0x27f30000, 0x27f30000, 0x286c0000)
 tenured generation   total 155424K, used 147553K [0x297b0000, 0x32f78000, 0x34260000)
   the space 155424K,  94% used [0x297b0000, 0x327c8630, 0x327c8800, 0x32f78000)
 compacting perm gen  total 12288K, used 2084K [0x34260000, 0x34e60000, 0x38260000)
   the space 12288K,  16% used [0x34260000, 0x344691b0, 0x34469200, 0x34e60000)
    ro space 10240K,  42% used [0x38260000, 0x386a0348, 0x386a0400, 0x38c60000)
    rw space 12288K,  54% used [0x38c60000, 0x392e06f0, 0x392e0800, 0x39860000)
Event: 32.463 GC heap after
Heap after GC invocations=18 (full 7):
 def new generation   total 78656K, used 0K [0x24260000, 0x297b0000, 0x297b0000)
  eden space 69952K,   0% used [0x24260000, 0x24260000, 0x286b0000)
  from space 8704K,   0% used [0x286b0000, 0x286b0000, 0x28f30000)
  to   space 8704K,   0% used [0x28f30000, 0x28f30000, 0x297b0000)
 tenured generation   total 174784K, used 125492K [0x297b0000, 0x34260000, 0x34260000)
   the space 174784K,  71% used [0x297b0000, 0x3123d058, 0x3123d200, 0x34260000)
 compacting perm gen  total 12288K, used 2084K [0x34260000, 0x34e60000, 0x38260000)
   the space 12288K,  16% used [0x34260000, 0x344691b0, 0x34469200, 0x34e60000)
    ro space 10240K,  42% used [0x38260000, 0x386a0348, 0x386a0400, 0x38c60000)
    rw space 12288K,  54% used [0x38c60000, 0x392e06f0, 0x392e0800, 0x39860000)
}

Deoptimization events (0 events):
No events

Internal exceptions (10 events):
Event: 8.218 Thread 0x0020b400 Threw 0x242fd670 at C:\jdk7u1_32P\jdk7u9_3984_new\hotspot\src\share\vm\prims\jvm.cpp:1166
Event: 8.219 Thread 0x0020b400 Threw 0x24302f50 at C:\jdk7u1_32P\jdk7u9_3984_new\hotspot\src\share\vm\prims\jvm.cpp:1166
Event: 8.220 Thread 0x0020b400 Threw 0x24309b50 at C:\jdk7u1_32P\jdk7u9_3984_new\hotspot\src\share\vm\prims\jvm.cpp:1166
Event: 8.220 Thread 0x0020b400 Threw 0x2430f850 at C:\jdk7u1_32P\jdk7u9_3984_new\hotspot\src\share\vm\prims\jvm.cpp:1166
Event: 8.264 Thread 0x0020b400 Threw 0x24315778 at C:\jdk7u1_32P\jdk7u9_3984_new\hotspot\src\share\vm\prims\jvm.cpp:1166
Event: 18.004 Thread 0x0020b400 Threw 0x242aefb0 at C:\jdk7u1_32P\jdk7u9_3984_new\hotspot\src\share\vm\prims\jvm.cpp:1166
Event: 19.489 Thread 0x0020b400 Threw 0x2513d1f0 at C:\jdk7u1_32P\jdk7u9_3984_new\hotspot\src\share\vm\prims\jvm.cpp:1166
Event: 19.494 Thread 0x0020b400 Threw 0x25271c28 at C:\jdk7u1_32P\jdk7u9_3984_new\hotspot\src\share\vm\prims\jvm.cpp:1166
Event: 19.656 Thread 0x0020b400 Threw 0x2530e6d0 at C:\jdk7u1_32P\jdk7u9_3984_new\hotspot\src\share\vm\prims\jvm.cpp:1166
Event: 19.657 Thread 0x0020b400 Threw 0x25311e48 at C:\jdk7u1_32P\jdk7u9_3984_new\hotspot\src\share\vm\prims\jvm.cpp:1166

Events (10 events):
Event: 24.535 Executing VM operation: GenCollectForAllocation
Event: 24.741 Executing VM operation: GenCollectForAllocation done
Event: 25.316 loading class 0x3990b078
Event: 25.316 loading class 0x3990b078 done
Event: 26.483 Executing VM operation: GenCollectForAllocation
Event: 27.045 Executing VM operation: GenCollectForAllocation done
Event: 29.659 Executing VM operation: GenCollectForAllocation
Event: 29.887 Executing VM operation: GenCollectForAllocation done
Event: 31.907 Executing VM operation: GenCollectForAllocation
Event: 32.464 Executing VM operation: GenCollectForAllocation done


Dynamic libraries:
0x00380000 - 0x003af000 	C:\Program Files (x86)\Java\jre7\bin\javaw.exe
0x77390000 - 0x77510000 	C:\windows\SysWOW64\ntdll.dll
0x75a80000 - 0x75b90000 	C:\windows\syswow64\kernel32.dll
0x759d0000 - 0x75a17000 	C:\windows\syswow64\KERNELBASE.dll
0x75620000 - 0x756c0000 	C:\windows\syswow64\ADVAPI32.dll
0x74e90000 - 0x74f3c000 	C:\windows\syswow64\msvcrt.dll
0x74cb0000 - 0x74cc9000 	C:\windows\SysWOW64\sechost.dll
0x75b90000 - 0x75c80000 	C:\windows\syswow64\RPCRT4.dll
0x74a70000 - 0x74ad0000 	C:\windows\syswow64\SspiCli.dll
0x74a60000 - 0x74a6c000 	C:\windows\syswow64\CRYPTBASE.dll
0x75850000 - 0x75950000 	C:\windows\syswow64\USER32.dll
0x769b0000 - 0x76a40000 	C:\windows\syswow64\GDI32.dll
0x753a0000 - 0x753aa000 	C:\windows\syswow64\LPK.dll
0x75300000 - 0x7539d000 	C:\windows\syswow64\USP10.dll
0x71da0000 - 0x71f3e000 	C:\windows\WinSxS\x86_microsoft.windows.common-controls_6595b64144ccf1df_6.0.7601.17514_none_41e6975e2bd6f2b2\COMCTL32.dll
0x75c80000 - 0x75cd7000 	C:\windows\syswow64\SHLWAPI.dll
0x752a0000 - 0x75300000 	C:\windows\system32\IMM32.DLL
0x753c0000 - 0x7548c000 	C:\windows\syswow64\MSCTF.dll
0x71f40000 - 0x71f78000 	C:\windows\SysWOW64\nvinit.dll
0x68620000 - 0x686de000 	C:\Program Files (x86)\Java\jre7\bin\msvcr100.dll
0x66690000 - 0x669dd000 	C:\Program Files (x86)\Java\jre7\bin\client\jvm.dll
0x71aa0000 - 0x71aa7000 	C:\windows\system32\WSOCK32.dll
0x75810000 - 0x75845000 	C:\windows\syswow64\WS2_32.dll
0x74e80000 - 0x74e86000 	C:\windows\syswow64\NSI.dll
0x71ac0000 - 0x71af2000 	C:\windows\system32\WINMM.dll
0x77360000 - 0x77365000 	C:\windows\syswow64\PSAPI.DLL
0x747d0000 - 0x747dc000 	C:\Program Files (x86)\Java\jre7\bin\verify.dll
0x74710000 - 0x74730000 	C:\Program Files (x86)\Java\jre7\bin\java.dll
0x693f0000 - 0x69403000 	C:\Program Files (x86)\Java\jre7\bin\zip.dll
0x71910000 - 0x71979000 	C:\Windows\System32\msvcp100.dll
0x684f0000 - 0x68518000 	C:\opencv\build\common\tbb\ia32\vc10\tbb.dll
0x664a0000 - 0x6668d000 	C:\opencv\build\x86\vc10\bin\opencv_core242.dll
0x68480000 - 0x684f0000 	C:\Users\Ryu\AppData\Local\Temp\javacpp18681623732879\jniopencv_core.dll
0x66350000 - 0x66492000 	C:\Program Files (x86)\Java\jre7\bin\awt.dll
0x74df0000 - 0x74e7f000 	C:\windows\syswow64\OLEAUT32.dll
0x754c0000 - 0x7561c000 	C:\windows\syswow64\ole32.dll
0x6fd20000 - 0x6fd33000 	C:\windows\system32\DWMAPI.DLL
0x70850000 - 0x708d0000 	C:\windows\system32\uxtheme.dll
0x10000000 - 0x10039000 	C:\Program Files (x86)\Samsung\Easy Settings\WinCRT.dll
0x72030000 - 0x72081000 	C:\windows\system32\WINSPOOL.DRV
0x70c80000 - 0x70ccc000 	C:\windows\system32\apphelp.dll
0x73410000 - 0x73479000 	C:\windows\system32\IMKR12.IME
0x75ce0000 - 0x7692a000 	C:\windows\syswow64\SHELL32.dll
0x734f0000 - 0x7358b000 	C:\windows\WinSxS\x86_microsoft.vc80.crt_1fc8b3b9a1e18e3b_8.0.50727.6195_none_d09154e044272b9a\MSVCR80.dll
0x73590000 - 0x73617000 	C:\windows\WinSxS\x86_microsoft.vc80.crt_1fc8b3b9a1e18e3b_8.0.50727.6195_none_d09154e044272b9a\MSVCP80.dll
0x68050000 - 0x6807a000 	C:\Program Files (x86)\Java\jre7\bin\fontmanager.dll
0x76a40000 - 0x76ac3000 	C:\windows\syswow64\CLBCatQ.DLL
0x732b0000 - 0x7334a000 	C:\PROGRA~2\COMMON~1\MICROS~1\IME12\IMEKR\IMKRTIP.DLL
0x70700000 - 0x707a5000 	C:\PROGRA~2\COMMON~1\MICROS~1\IME12\SHARED\IMETIP.DLL
0x70380000 - 0x703a2000 	C:\PROGRA~2\COMMON~1\MICROS~1\IME12\IMEKR\IMKRAPI.DLL
0x714c0000 - 0x714c9000 	C:\windows\system32\VERSION.dll
0x703f0000 - 0x7041d000 	C:\PROGRA~2\COMMON~1\MICROS~1\IME12\SHARED\IMJKAPI.DLL
0x68b80000 - 0x68bbd000 	C:\ffmpeg\ffmpeg-20120720-git-85761ef-win32-shared\bin\avutil-51.dll
0x68600000 - 0x68616000 	C:\Users\Ryu\AppData\Local\Temp\javacpp18681623732879\jniavutil.dll
0x6a0c0000 - 0x6b5ae000 	C:\ffmpeg\ffmpeg-20120720-git-85761ef-win32-shared\bin\avcodec-54.dll
0x68000000 - 0x6804b000 	C:\Users\Ryu\AppData\Local\Temp\javacpp18681623732879\jniavcodec.dll
0x69900000 - 0x69bc2000 	C:\ffmpeg\ffmpeg-20120720-git-85761ef-win32-shared\bin\avformat-54.dll
0x67fe0000 - 0x67ff9000 	C:\windows\system32\AVIFIL32.DLL
0x68e30000 - 0x68e44000 	C:\windows\system32\MSACM32.dll
0x67fb0000 - 0x67fd1000 	C:\windows\system32\MSVFW32.dll
0x67ce0000 - 0x67d04000 	C:\Users\Ryu\AppData\Local\Temp\javacpp18681623732879\jniavformat.dll
0x049f0000 - 0x04a23000 	C:\ffmpeg\ffmpeg-20120720-git-85761ef-win32-shared\bin\postproc-52.dll
0x048c0000 - 0x048c9000 	C:\Users\Ryu\AppData\Local\Temp\javacpp18681623732879\jnipostproc.dll
0x707c0000 - 0x707e2000 	C:\ffmpeg\ffmpeg-20120720-git-85761ef-win32-shared\bin\swresample-0.dll
0x69880000 - 0x6988a000 	C:\Users\Ryu\AppData\Local\Temp\javacpp18681623732879\jniswresample.dll
0x05ae0000 - 0x05b3c000 	C:\ffmpeg\ffmpeg-20120720-git-85761ef-win32-shared\bin\swscale-2.dll
0x693e0000 - 0x693ed000 	C:\Users\Ryu\AppData\Local\Temp\javacpp18681623732879\jniswscale.dll
0x679c0000 - 0x679e4000 	C:\Users\Ryu\AppData\Local\Temp\javacpp18681623732879\jniavfilter.dll
0x624c0000 - 0x6261f000 	C:\ffmpeg\ffmpeg-20120720-git-85761ef-win32-shared\bin\avfilter-3.dll
0x6dd40000 - 0x6ddb0000 	C:\ffmpeg\ffmpeg-20120720-git-85761ef-win32-shared\bin\avdevice-54.dll
0x679a0000 - 0x679b3000 	C:\windows\system32\AVICAP32.DLL
0x67fa0000 - 0x67fa8000 	C:\Users\Ryu\AppData\Local\Temp\javacpp18681623732879\jniavdevice.dll
0x65d90000 - 0x65fda000 	C:\opencv\build\x86\vc10\bin\opencv_imgproc242.dll
0x67960000 - 0x67994000 	C:\Users\Ryu\AppData\Local\Temp\javacpp18681623732879\jniopencv_imgproc.dll
0x6ce30000 - 0x6cf1b000 	C:\windows\system32\dbghelp.dll

VM Arguments:
jvm_args: -Dfile.encoding=MS949 
java_command: kr.hs.sshs.JavaPTS.Main
Launcher Type: SUN_STANDARD

Environment Variables:
CLASSPATH=.
PATH=C:\ffmpeg\ffmpeg-20120720-git-85761ef-win32-shared\bin\;C:\Program Files\Common Files\Microsoft Shared\Windows Live;C:\Program Files (x86)\Common Files\Microsoft Shared\Windows Live;C:\Program Files (x86)\NVIDIA Corporation\PhysX\Common;C:\Program Files (x86)\Intel\iCLS Client\;C:\Program Files\Intel\iCLS Client\;C:\windows\system32;C:\windows;C:\windows\System32\Wbem;C:\windows\System32\WindowsPowerShell\v1.0\;C:\Program Files\Intel\Intel(R) Management Engine Components\DAL;C:\Program Files\Intel\Intel(R) Management Engine Components\IPT;C:\Program Files (x86)\Intel\Intel(R) Management Engine Components\DAL;C:\Program Files (x86)\Intel\Intel(R) Management Engine Components\IPT;C:\Program Files (x86)\Intel\OpenCL SDK\2.0\bin\x86;C:\Program Files (x86)\Intel\OpenCL SDK\2.0\bin\x64;C:\Program Files\Intel\WiFi\bin\;C:\Program Files\Common Files\Intel\WirelessCommon\;C:\Program Files (x86)\Windows Live\Shared;C:\Program Files (x86)\Microsoft SQL Server\100\Tools\Binn\;C:\Program Files\Microsoft SQL Server\100\Tools\Binn\;C:\Program Files\Microsoft SQL Server\100\DTS\Binn\;C:\Program Files (x86)\Java\jdk1.7.0_07\bin;C:\Program Files (x86)\ESTsoft\ALSee\x64
USERNAME=Ryu
OS=Windows_NT
PROCESSOR_IDENTIFIER=Intel64 Family 6 Model 58 Stepping 9, GenuineIntel



---------------  S Y S T E M  ---------------

OS: Windows 7 , 64 bit Build 7601 Service Pack 1

CPU:total 4 (2 cores per cpu, 2 threads per core) family 6 model 58 stepping 9, cmov, cx8, fxsr, mmx, sse, sse2, sse3, ssse3, sse4.1, sse4.2, popcnt, avx, ht, tsc, tscinvbit, tscinv

Memory: 4k page, physical 8283524k(5363552k free), swap 16565196k(13271904k free)

vm_info: Java HotSpot(TM) Client VM (23.5-b02) for windows-x86 JRE (1.7.0_09-b05), built on Sep 24 2012 22:01:33 by "java_re" with unknown MS VC++:1600

time: Sun Nov 25 13:11:03 2012
elapsed time: 34 seconds

