#
# A fatal error has been detected by the Java Runtime Environment:
#
#  EXCEPTION_UNCAUGHT_CXX_EXCEPTION (0xe06d7363) at pc=0x759dc41f, pid=7204, tid=1552
#
# JRE version: 7.0_09-b05
# Java VM: Java HotSpot(TM) Client VM (23.5-b02 mixed mode, sharing windows-x86 )
# Problematic frame:
# C  [KERNELBASE.dll+0xc41f]  RaiseException+0x58
#
# Failed to write core dump. Minidumps are not enabled by default on client versions of Windows
#
# If you would like to submit a bug report, please visit:
#   http://bugreport.sun.com/bugreport/crash.jsp
# The crash happened outside the Java Virtual Machine in native code.
# See problematic frame for where to report the bug.
#

---------------  T H R E A D  ---------------

Current thread (0x0026b400):  JavaThread "main" [_thread_in_native, id=1552, stack(0x01f10000,0x01f60000)]

siginfo: ExceptionCode=0xe06d7363, ExceptionInformation=0x19930520 0x01f4f290 0x669b2598 

Registers:
EAX=0x01f4f1ec, EBX=0x00000705, ECX=0x00000003, EDX=0x00000000
ESP=0x01f4f1ec, EBP=0x01f4f23c, ESI=0x01f5f354, EDI=0x67fd1ec6
EIP=0x759dc41f, EFLAGS=0x00000202

Top of Stack: (sp=0x01f4f1ec)
0x01f4f1ec:   e06d7363 00000001 00000000 759dc41f
0x01f4f1fc:   00000003 19930520 01f4f290 669b2598
0x01f4f20c:   00000000 04ef7130 01f4f2f4 01f4f200
0x01f4f21c:   01f4f2f4 0000002e 01f4f244 667f3b1e
0x01f4f22c:   04ef7130 04ef70f8 0000002e 01f5f354
0x01f4f23c:   01f4f274 67fe7819 e06d7363 00000001
0x01f4f24c:   00000003 01f4f268 e06d7363 00000001
0x01f4f25c:   00000000 00000000 00000003 19930520 

Instructions: (pc=0x759dc41f)
0x759dc3ff:   02 50 ff 75 14 8d 45 c4 50 e8 05 ad 02 00 83 c4
0x759dc40f:   0c eb 03 89 45 c0 8d 45 b0 50 ff 15 5c 11 9d 75
0x759dc41f:   c9 c2 10 00 cc cc cc cc cc 8b ff 55 8b ec 56 8b
0x759dc42f:   75 08 83 fe f4 72 18 83 fe f6 77 13 8d 45 08 50 


Register to memory mapping:

EAX=0x01f4f1ec is pointing into the stack for thread: 0x0026b400
EBX=0x00000705 is an unknown value
ECX=0x00000003 is an unknown value
EDX=0x00000000 is an unknown value
ESP=0x01f4f1ec is pointing into the stack for thread: 0x0026b400
EBP=0x01f4f23c is pointing into the stack for thread: 0x0026b400
ESI=0x01f5f354 is pointing into the stack for thread: 0x0026b400
EDI=0x67fd1ec6 is an unknown value


Stack: [0x01f10000,0x01f60000],  sp=0x01f4f1ec,  free space=252k
Native frames: (J=compiled Java code, j=interpreted, Vv=VM code, C=native code)
C  [KERNELBASE.dll+0xc41f]  RaiseException+0x58
C  [msvcr100.dll+0x27819]  CxxThrowException+0x45

Java frames: (J=compiled Java code, j=interpreted, Vv=VM code)
J  com.googlecode.javacv.cpp.opencv_core.cvSetReal2D(Lcom/googlecode/javacv/cpp/opencv_core$CvArr;IID)V
J  kr.hs.sshs.JavaPTS.Main.drawCandidate()V
J  kr.hs.sshs.JavaPTS.Main.process()V
j  kr.hs.sshs.JavaPTS.Main.main([Ljava/lang/String;)V+336
v  ~StubRoutines::call_stub

---------------  P R O C E S S  ---------------

Java Threads: ( => current thread )
  0x04fe1400 JavaThread "AWT-EventQueue-0" [_thread_blocked, id=7084, stack(0x054b0000,0x05500000)]
  0x04fd3400 JavaThread "AWT-Windows" daemon [_thread_in_native, id=2408, stack(0x05290000,0x052e0000)]
  0x04fd2c00 JavaThread "AWT-Shutdown" [_thread_blocked, id=6736, stack(0x052e0000,0x05330000)]
  0x04fcbc00 JavaThread "Java2D Disposer" daemon [_thread_blocked, id=1280, stack(0x051a0000,0x051f0000)]
  0x02702000 JavaThread "Service Thread" daemon [_thread_blocked, id=7568, stack(0x04e50000,0x04ea0000)]
  0x026fd400 JavaThread "C1 CompilerThread0" daemon [_thread_blocked, id=7704, stack(0x04c80000,0x04cd0000)]
  0x026fc400 JavaThread "Attach Listener" daemon [_thread_blocked, id=7392, stack(0x04ab0000,0x04b00000)]
  0x026f9000 JavaThread "Signal Dispatcher" daemon [_thread_blocked, id=1472, stack(0x04bd0000,0x04c20000)]
  0x026d3c00 JavaThread "Finalizer" daemon [_thread_blocked, id=7892, stack(0x048d0000,0x04920000)]
  0x026d2400 JavaThread "Reference Handler" daemon [_thread_blocked, id=7044, stack(0x04a10000,0x04a60000)]
=>0x0026b400 JavaThread "main" [_thread_in_native, id=1552, stack(0x01f10000,0x01f60000)]

Other Threads:
  0x026d0800 VMThread [stack: 0x01e90000,0x01ee0000] [id=3496]
  0x02704000 WatcherThread [stack: 0x050b0000,0x05100000] [id=8008]

VM state:not at safepoint (normal execution)

VM Mutex/Monitor currently owned by a thread: None

Heap
 def new generation   total 69632K, used 58992K [0x24260000, 0x28de0000, 0x297b0000)
  eden space 61952K,  82% used [0x24260000, 0x2747c178, 0x27ee0000)
  from space 7680K,  99% used [0x28660000, 0x28ddfff0, 0x28de0000)
  to   space 7680K,   0% used [0x27ee0000, 0x27ee0000, 0x28660000)
 tenured generation   total 154592K, used 146888K [0x297b0000, 0x32ea8000, 0x34260000)
   the space 154592K,  95% used [0x297b0000, 0x32722398, 0x32722400, 0x32ea8000)
 compacting perm gen  total 12288K, used 2084K [0x34260000, 0x34e60000, 0x38260000)
   the space 12288K,  16% used [0x34260000, 0x344691c0, 0x34469200, 0x34e60000)
    ro space 10240K,  42% used [0x38260000, 0x386a0348, 0x386a0400, 0x38c60000)
    rw space 12288K,  54% used [0x38c60000, 0x392e06f0, 0x392e0800, 0x39860000)

Card table byte_map: [0x047a0000,0x04850000] byte_map_base: 0x0467ed00

Polling page: 0x00180000

Code Cache  [0x027a0000, 0x028d8000, 0x047a0000)
 total_blobs=568 nmethods=331 adapters=172 free_code_cache=31549Kb largest_free_block=32306496

Compilation events (10 events):
Event: 31.337 Thread 0x026fd400  322             java.nio.charset.CoderResult::isOverflow (14 bytes)
Event: 31.337 Thread 0x026fd400 nmethod 322 0x028d0188 code [0x028d0280, 0x028d0310]
Event: 31.337 Thread 0x026fd400  323             java.nio.Buffer::remaining (10 bytes)
Event: 31.338 Thread 0x026fd400 nmethod 323 0x028d0348 code [0x028d0440, 0x028d04c0]
Event: 31.338 Thread 0x026fd400  324             java.nio.Buffer::flip (20 bytes)
Event: 31.338 Thread 0x026fd400 nmethod 324 0x028d0508 code [0x028d0600, 0x028d0690]
Event: 31.338 Thread 0x026fd400  325             java.nio.Buffer::clear (20 bytes)
Event: 31.338 Thread 0x026fd400 nmethod 325 0x028d06c8 code [0x028d07c0, 0x028d0850]
Event: 31.339 Thread 0x026fd400  326             java.nio.CharBuffer::<init> (22 bytes)
Event: 31.339 Thread 0x026fd400 nmethod 326 0x028d0888 code [0x028d0980, 0x028d0a4c]

GC Heap History (10 events):
Event: 21.990 GC heap before
{Heap before GC invocations=13 (full 4):
 def new generation   total 38528K, used 34304K [0x24260000, 0x26c20000, 0x297b0000)
  eden space 34304K, 100% used [0x24260000, 0x263e0000, 0x263e0000)
  from space 4224K,   0% used [0x263e0000, 0x263e0000, 0x26800000)
  to   space 4224K,   0% used [0x26800000, 0x26800000, 0x26c20000)
 tenured generation   total 85400K, used 51238K [0x297b0000, 0x2eb16000, 0x34260000)
   the space 85400K,  59% used [0x297b0000, 0x2c9b9ab0, 0x2c9b9c00, 0x2eb16000)
 compacting perm gen  total 12288K, used 2084K [0x34260000, 0x34e60000, 0x38260000)
   the space 12288K,  16% used [0x34260000, 0x34469130, 0x34469200, 0x34e60000)
    ro space 10240K,  42% used [0x38260000, 0x386a0348, 0x386a0400, 0x38c60000)
    rw space 12288K,  54% used [0x38c60000, 0x392e06f0, 0x392e0800, 0x39860000)
Event: 22.108 GC heap after
Heap after GC invocations=14 (full 4):
 def new generation   total 38528K, used 4223K [0x24260000, 0x26c20000, 0x297b0000)
  eden space 34304K,   0% used [0x24260000, 0x24260000, 0x263e0000)
  from space 4224K,  99% used [0x26800000, 0x26c1fff0, 0x26c20000)
  to   space 4224K,   0% used [0x263e0000, 0x263e0000, 0x26800000)
 tenured generation   total 85400K, used 81316K [0x297b0000, 0x2eb16000, 0x34260000)
   the space 85400K,  95% used [0x297b0000, 0x2e719028, 0x2e719200, 0x2eb16000)
 compacting perm gen  total 12288K, used 2084K [0x34260000, 0x34e60000, 0x38260000)
   the space 12288K,  16% used [0x34260000, 0x34469130, 0x34469200, 0x34e60000)
    ro space 10240K,  42% used [0x38260000, 0x386a0348, 0x386a0400, 0x38c60000)
    rw space 12288K,  54% used [0x38c60000, 0x392e06f0, 0x392e0800, 0x39860000)
}
Event: 23.278 GC heap before
{Heap before GC invocations=14 (full 4):
 def new generation   total 38528K, used 38527K [0x24260000, 0x26c20000, 0x297b0000)
  eden space 34304K, 100% used [0x24260000, 0x263e0000, 0x263e0000)
  from space 4224K,  99% used [0x26800000, 0x26c1fff0, 0x26c20000)
  to   space 4224K,   0% used [0x263e0000, 0x263e0000, 0x26800000)
 tenured generation   total 85400K, used 81316K [0x297b0000, 0x2eb16000, 0x34260000)
   the space 85400K,  95% used [0x297b0000, 0x2e719028, 0x2e719200, 0x2eb16000)
 compacting perm gen  total 12288K, used 2084K [0x34260000, 0x34e60000, 0x38260000)
   the space 12288K,  16% used [0x34260000, 0x34469140, 0x34469200, 0x34e60000)
    ro space 10240K,  42% used [0x38260000, 0x386a0348, 0x386a0400, 0x38c60000)
    rw space 12288K,  54% used [0x38c60000, 0x392e06f0, 0x392e0800, 0x39860000)
Event: 23.745 GC heap after
Heap after GC invocations=15 (full 5):
 def new generation   total 51840K, used 0K [0x24260000, 0x27a90000, 0x297b0000)
  eden space 46144K,   0% used [0x24260000, 0x24260000, 0x26f70000)
  from space 5696K,   0% used [0x26f70000, 0x26f70000, 0x27500000)
  to   space 5696K,   0% used [0x27500000, 0x27500000, 0x27a90000)
 tenured generation   total 114992K, used 68994K [0x297b0000, 0x307fc000, 0x34260000)
   the space 114992K,  59% used [0x297b0000, 0x2db10870, 0x2db10a00, 0x307fc000)
 compacting perm gen  total 12288K, used 2084K [0x34260000, 0x34e60000, 0x38260000)
   the space 12288K,  16% used [0x34260000, 0x34469140, 0x34469200, 0x34e60000)
    ro space 10240K,  42% used [0x38260000, 0x386a0348, 0x386a0400, 0x38c60000)
    rw space 12288K,  54% used [0x38c60000, 0x392e06f0, 0x392e0800, 0x39860000)
}
Event: 25.691 GC heap before
{Heap before GC invocations=15 (full 5):
 def new generation   total 51840K, used 46144K [0x24260000, 0x27a90000, 0x297b0000)
  eden space 46144K, 100% used [0x24260000, 0x26f70000, 0x26f70000)
  from space 5696K,   0% used [0x26f70000, 0x26f70000, 0x27500000)
  to   space 5696K,   0% used [0x27500000, 0x27500000, 0x27a90000)
 tenured generation   total 114992K, used 68994K [0x297b0000, 0x307fc000, 0x34260000)
   the space 114992K,  59% used [0x297b0000, 0x2db10870, 0x2db10a00, 0x307fc000)
 compacting perm gen  total 12288K, used 2084K [0x34260000, 0x34e60000, 0x38260000)
   the space 12288K,  16% used [0x34260000, 0x344691a0, 0x34469200, 0x34e60000)
    ro space 10240K,  42% used [0x38260000, 0x386a0348, 0x386a0400, 0x38c60000)
    rw space 12288K,  54% used [0x38c60000, 0x392e06f0, 0x392e0800, 0x39860000)
Event: 25.875 GC heap after
Heap after GC invocations=16 (full 5):
 def new generation   total 51840K, used 5695K [0x24260000, 0x27a90000, 0x297b0000)
  eden space 46144K,   0% used [0x24260000, 0x24260000, 0x26f70000)
  from space 5696K,  99% used [0x27500000, 0x27a8ffe8, 0x27a90000)
  to   space 5696K,   0% used [0x26f70000, 0x26f70000, 0x27500000)
 tenured generation   total 114992K, used 109260K [0x297b0000, 0x307fc000, 0x34260000)
   the space 114992K,  95% used [0x297b0000, 0x30263190, 0x30263200, 0x307fc000)
 compacting perm gen  total 12288K, used 2084K [0x34260000, 0x34e60000, 0x38260000)
   the space 12288K,  16% used [0x34260000, 0x344691a0, 0x34469200, 0x34e60000)
    ro space 10240K,  42% used [0x38260000, 0x386a0348, 0x386a0400, 0x38c60000)
    rw space 12288K,  54% used [0x38c60000, 0x392e06f0, 0x392e0800, 0x39860000)
}
Event: 27.185 GC heap before
{Heap before GC invocations=16 (full 5):
 def new generation   total 51840K, used 51839K [0x24260000, 0x27a90000, 0x297b0000)
  eden space 46144K, 100% used [0x24260000, 0x26f70000, 0x26f70000)
  from space 5696K,  99% used [0x27500000, 0x27a8ffe8, 0x27a90000)
  to   space 5696K,   0% used [0x26f70000, 0x26f70000, 0x27500000)
 tenured generation   total 114992K, used 109260K [0x297b0000, 0x307fc000, 0x34260000)
   the space 114992K,  95% used [0x297b0000, 0x30263190, 0x30263200, 0x307fc000)
 compacting perm gen  total 12288K, used 2084K [0x34260000, 0x34e60000, 0x38260000)
   the space 12288K,  16% used [0x34260000, 0x344691c0, 0x34469200, 0x34e60000)
    ro space 10240K,  42% used [0x38260000, 0x386a0348, 0x386a0400, 0x38c60000)
    rw space 12288K,  54% used [0x38c60000, 0x392e06f0, 0x392e0800, 0x39860000)
Event: 27.851 GC heap after
Heap after GC invocations=17 (full 6):
 def new generation   total 69632K, used 0K [0x24260000, 0x28de0000, 0x297b0000)
  eden space 61952K,   0% used [0x24260000, 0x24260000, 0x27ee0000)
  from space 7680K,   0% used [0x27ee0000, 0x27ee0000, 0x28660000)
  to   space 7680K,   0% used [0x28660000, 0x28660000, 0x28de0000)
 tenured generation   total 154592K, used 92754K [0x297b0000, 0x32ea8000, 0x34260000)
   the space 154592K,  59% used [0x297b0000, 0x2f244960, 0x2f244a00, 0x32ea8000)
 compacting perm gen  total 12288K, used 2084K [0x34260000, 0x34e60000, 0x38260000)
   the space 12288K,  16% used [0x34260000, 0x344691c0, 0x34469200, 0x34e60000)
    ro space 10240K,  42% used [0x38260000, 0x386a0348, 0x386a0400, 0x38c60000)
    rw space 12288K,  54% used [0x38c60000, 0x392e06f0, 0x392e0800, 0x39860000)
}
Event: 30.047 GC heap before
{Heap before GC invocations=17 (full 6):
 def new generation   total 69632K, used 61952K [0x24260000, 0x28de0000, 0x297b0000)
  eden space 61952K, 100% used [0x24260000, 0x27ee0000, 0x27ee0000)
  from space 7680K,   0% used [0x27ee0000, 0x27ee0000, 0x28660000)
  to   space 7680K,   0% used [0x28660000, 0x28660000, 0x28de0000)
 tenured generation   total 154592K, used 92754K [0x297b0000, 0x32ea8000, 0x34260000)
   the space 154592K,  59% used [0x297b0000, 0x2f244960, 0x2f244a00, 0x32ea8000)
 compacting perm gen  total 12288K, used 2084K [0x34260000, 0x34e60000, 0x38260000)
   the space 12288K,  16% used [0x34260000, 0x344691c0, 0x34469200, 0x34e60000)
    ro space 10240K,  42% used [0x38260000, 0x386a0348, 0x386a0400, 0x38c60000)
    rw space 12288K,  54% used [0x38c60000, 0x392e06f0, 0x392e0800, 0x39860000)
Event: 30.303 GC heap after
Heap after GC invocations=18 (full 6):
 def new generation   total 69632K, used 7679K [0x24260000, 0x28de0000, 0x297b0000)
  eden space 61952K,   0% used [0x24260000, 0x24260000, 0x27ee0000)
  from space 7680K,  99% used [0x28660000, 0x28ddfff0, 0x28de0000)
  to   space 7680K,   0% used [0x27ee0000, 0x27ee0000, 0x28660000)
 tenured generation   total 154592K, used 146888K [0x297b0000, 0x32ea8000, 0x34260000)
   the space 154592K,  95% used [0x297b0000, 0x32722398, 0x32722400, 0x32ea8000)
 compacting perm gen  total 12288K, used 2084K [0x34260000, 0x34e60000, 0x38260000)
   the space 12288K,  16% used [0x34260000, 0x344691c0, 0x34469200, 0x34e60000)
    ro space 10240K,  42% used [0x38260000, 0x386a0348, 0x386a0400, 0x38c60000)
    rw space 12288K,  54% used [0x38c60000, 0x392e06f0, 0x392e0800, 0x39860000)
}

Deoptimization events (0 events):
No events

Internal exceptions (10 events):
Event: 7.499 Thread 0x0026b400 Threw 0x242fd670 at C:\jdk7u1_32P\jdk7u9_3984_new\hotspot\src\share\vm\prims\jvm.cpp:1166
Event: 7.500 Thread 0x0026b400 Threw 0x24302f50 at C:\jdk7u1_32P\jdk7u9_3984_new\hotspot\src\share\vm\prims\jvm.cpp:1166
Event: 7.501 Thread 0x0026b400 Threw 0x24309b50 at C:\jdk7u1_32P\jdk7u9_3984_new\hotspot\src\share\vm\prims\jvm.cpp:1166
Event: 7.502 Thread 0x0026b400 Threw 0x2430f850 at C:\jdk7u1_32P\jdk7u9_3984_new\hotspot\src\share\vm\prims\jvm.cpp:1166
Event: 7.545 Thread 0x0026b400 Threw 0x24315778 at C:\jdk7u1_32P\jdk7u9_3984_new\hotspot\src\share\vm\prims\jvm.cpp:1166
Event: 17.854 Thread 0x0026b400 Threw 0x245a7198 at C:\jdk7u1_32P\jdk7u9_3984_new\hotspot\src\share\vm\prims\jvm.cpp:1166
Event: 19.445 Thread 0x0026b400 Threw 0x25839fa8 at C:\jdk7u1_32P\jdk7u9_3984_new\hotspot\src\share\vm\prims\jvm.cpp:1166
Event: 19.450 Thread 0x0026b400 Threw 0x2596e9c8 at C:\jdk7u1_32P\jdk7u9_3984_new\hotspot\src\share\vm\prims\jvm.cpp:1166
Event: 19.723 Thread 0x0026b400 Threw 0x243056a8 at C:\jdk7u1_32P\jdk7u9_3984_new\hotspot\src\share\vm\prims\jvm.cpp:1166
Event: 19.724 Thread 0x0026b400 Threw 0x24308e20 at C:\jdk7u1_32P\jdk7u9_3984_new\hotspot\src\share\vm\prims\jvm.cpp:1166

Events (10 events):
Event: 21.990 Executing VM operation: GenCollectForAllocation
Event: 22.108 Executing VM operation: GenCollectForAllocation done
Event: 23.278 Executing VM operation: GenCollectForAllocation
Event: 23.745 Executing VM operation: GenCollectForAllocation done
Event: 25.691 Executing VM operation: GenCollectForAllocation
Event: 25.875 Executing VM operation: GenCollectForAllocation done
Event: 27.185 Executing VM operation: GenCollectForAllocation
Event: 27.852 Executing VM operation: GenCollectForAllocation done
Event: 30.047 Executing VM operation: GenCollectForAllocation
Event: 30.303 Executing VM operation: GenCollectForAllocation done


Dynamic libraries:
0x00a40000 - 0x00a6f000 	C:\Program Files (x86)\Java\jre7\bin\javaw.exe
0x77390000 - 0x77510000 	C:\windows\SysWOW64\ntdll.dll
0x75a80000 - 0x75b90000 	C:\windows\syswow64\kernel32.dll
0x759d0000 - 0x75a17000 	C:\windows\syswow64\KERNELBASE.dll
0x75620000 - 0x756c0000 	C:\windows\syswow64\ADVAPI32.dll
0x74e90000 - 0x74f3c000 	C:\windows\syswow64\msvcrt.dll
0x74cb0000 - 0x74cc9000 	C:\windows\SysWOW64\sechost.dll
0x75b90000 - 0x75c80000 	C:\windows\syswow64\RPCRT4.dll
0x74a70000 - 0x74ad0000 	C:\windows\syswow64\SspiCli.dll
0x74a60000 - 0x74a6c000 	C:\windows\syswow64\CRYPTBASE.dll
0x75850000 - 0x75950000 	C:\windows\syswow64\USER32.dll
0x769b0000 - 0x76a40000 	C:\windows\syswow64\GDI32.dll
0x753a0000 - 0x753aa000 	C:\windows\syswow64\LPK.dll
0x75300000 - 0x7539d000 	C:\windows\syswow64\USP10.dll
0x71da0000 - 0x71f3e000 	C:\windows\WinSxS\x86_microsoft.windows.common-controls_6595b64144ccf1df_6.0.7601.17514_none_41e6975e2bd6f2b2\COMCTL32.dll
0x75c80000 - 0x75cd7000 	C:\windows\syswow64\SHLWAPI.dll
0x752a0000 - 0x75300000 	C:\windows\system32\IMM32.DLL
0x753c0000 - 0x7548c000 	C:\windows\syswow64\MSCTF.dll
0x71f40000 - 0x71f78000 	C:\windows\SysWOW64\nvinit.dll
0x67fc0000 - 0x6807e000 	C:\Program Files (x86)\Java\jre7\bin\msvcr100.dll
0x66340000 - 0x6668d000 	C:\Program Files (x86)\Java\jre7\bin\client\jvm.dll
0x71aa0000 - 0x71aa7000 	C:\windows\system32\WSOCK32.dll
0x75810000 - 0x75845000 	C:\windows\syswow64\WS2_32.dll
0x74e80000 - 0x74e86000 	C:\windows\syswow64\NSI.dll
0x71ac0000 - 0x71af2000 	C:\windows\system32\WINMM.dll
0x77360000 - 0x77365000 	C:\windows\syswow64\PSAPI.DLL
0x74720000 - 0x7472c000 	C:\Program Files (x86)\Java\jre7\bin\verify.dll
0x693f0000 - 0x69410000 	C:\Program Files (x86)\Java\jre7\bin\java.dll
0x686c0000 - 0x686d3000 	C:\Program Files (x86)\Java\jre7\bin\zip.dll
0x71910000 - 0x71979000 	C:\Windows\System32\msvcp100.dll
0x68690000 - 0x686b8000 	C:\opencv\build\common\tbb\ia32\vc10\tbb.dll
0x667f0000 - 0x669dd000 	C:\opencv\build\x86\vc10\bin\opencv_core242.dll
0x68620000 - 0x68690000 	C:\Users\Ryu\AppData\Local\Temp\javacpp18624325103645\jniopencv_core.dll
0x666a0000 - 0x667e2000 	C:\Program Files (x86)\Java\jre7\bin\awt.dll
0x74df0000 - 0x74e7f000 	C:\windows\syswow64\OLEAUT32.dll
0x754c0000 - 0x7561c000 	C:\windows\syswow64\ole32.dll
0x6fd20000 - 0x6fd33000 	C:\windows\system32\DWMAPI.DLL
0x70850000 - 0x708d0000 	C:\windows\system32\uxtheme.dll
0x10000000 - 0x10039000 	C:\Program Files (x86)\Samsung\Easy Settings\WinCRT.dll
0x72030000 - 0x72081000 	C:\windows\system32\WINSPOOL.DRV
0x70c80000 - 0x70ccc000 	C:\windows\system32\apphelp.dll
0x73410000 - 0x73479000 	C:\windows\system32\IMKR12.IME
0x75ce0000 - 0x7692a000 	C:\windows\syswow64\SHELL32.dll
0x734f0000 - 0x7358b000 	C:\windows\WinSxS\x86_microsoft.vc80.crt_1fc8b3b9a1e18e3b_8.0.50727.6195_none_d09154e044272b9a\MSVCR80.dll
0x73590000 - 0x73617000 	C:\windows\WinSxS\x86_microsoft.vc80.crt_1fc8b3b9a1e18e3b_8.0.50727.6195_none_d09154e044272b9a\MSVCP80.dll
0x684f0000 - 0x6851a000 	C:\Program Files (x86)\Java\jre7\bin\fontmanager.dll
0x76a40000 - 0x76ac3000 	C:\windows\syswow64\CLBCatQ.DLL
0x732b0000 - 0x7334a000 	C:\PROGRA~2\COMMON~1\MICROS~1\IME12\IMEKR\IMKRTIP.DLL
0x70700000 - 0x707a5000 	C:\PROGRA~2\COMMON~1\MICROS~1\IME12\SHARED\IMETIP.DLL
0x70380000 - 0x703a2000 	C:\PROGRA~2\COMMON~1\MICROS~1\IME12\IMEKR\IMKRAPI.DLL
0x714c0000 - 0x714c9000 	C:\windows\system32\VERSION.dll
0x703f0000 - 0x7041d000 	C:\PROGRA~2\COMMON~1\MICROS~1\IME12\SHARED\IMJKAPI.DLL
0x68b80000 - 0x68bbd000 	C:\ffmpeg\ffmpeg-20120720-git-85761ef-win32-shared\bin\avutil-51.dll
0x68600000 - 0x68616000 	C:\Users\Ryu\AppData\Local\Temp\javacpp18624325103645\jniavutil.dll
0x6a0c0000 - 0x6b5ae000 	C:\ffmpeg\ffmpeg-20120720-git-85761ef-win32-shared\bin\avcodec-54.dll
0x684a0000 - 0x684eb000 	C:\Users\Ryu\AppData\Local\Temp\javacpp18624325103645\jniavcodec.dll
0x69900000 - 0x69bc2000 	C:\ffmpeg\ffmpeg-20120720-git-85761ef-win32-shared\bin\avformat-54.dll
0x68480000 - 0x68499000 	C:\windows\system32\AVIFIL32.DLL
0x68e30000 - 0x68e44000 	C:\windows\system32\MSACM32.dll
0x67ce0000 - 0x67d01000 	C:\windows\system32\MSVFW32.dll
0x679c0000 - 0x679e4000 	C:\Users\Ryu\AppData\Local\Temp\javacpp18624325103645\jniavformat.dll
0x02720000 - 0x02753000 	C:\ffmpeg\ffmpeg-20120720-git-85761ef-win32-shared\bin\postproc-52.dll
0x747d0000 - 0x747d9000 	C:\Users\Ryu\AppData\Local\Temp\javacpp18624325103645\jnipostproc.dll
0x707c0000 - 0x707e2000 	C:\ffmpeg\ffmpeg-20120720-git-85761ef-win32-shared\bin\swresample-0.dll
0x74710000 - 0x7471a000 	C:\Users\Ryu\AppData\Local\Temp\javacpp18624325103645\jniswresample.dll
0x04b00000 - 0x04b5c000 	C:\ffmpeg\ffmpeg-20120720-git-85761ef-win32-shared\bin\swscale-2.dll
0x01f80000 - 0x01f8d000 	C:\Users\Ryu\AppData\Local\Temp\javacpp18624325103645\jniswscale.dll
0x67990000 - 0x679b4000 	C:\Users\Ryu\AppData\Local\Temp\javacpp18624325103645\jniavfilter.dll
0x624c0000 - 0x6261f000 	C:\ffmpeg\ffmpeg-20120720-git-85761ef-win32-shared\bin\avfilter-3.dll
0x6dd40000 - 0x6ddb0000 	C:\ffmpeg\ffmpeg-20120720-git-85761ef-win32-shared\bin\avdevice-54.dll
0x67fa0000 - 0x67fb3000 	C:\windows\system32\AVICAP32.DLL
0x69880000 - 0x69888000 	C:\Users\Ryu\AppData\Local\Temp\javacpp18624325103645\jniavdevice.dll
0x65fe0000 - 0x6622a000 	C:\opencv\build\x86\vc10\bin\opencv_imgproc242.dll
0x67950000 - 0x67984000 	C:\Users\Ryu\AppData\Local\Temp\javacpp18624325103645\jniopencv_imgproc.dll
0x6ce30000 - 0x6cf1b000 	C:\windows\system32\dbghelp.dll

VM Arguments:
jvm_args: -Dfile.encoding=MS949 
java_command: kr.hs.sshs.JavaPTS.Main
Launcher Type: SUN_STANDARD

Environment Variables:
CLASSPATH=.
PATH=C:\ffmpeg\ffmpeg-20120720-git-85761ef-win32-shared\bin\;C:\Program Files\Common Files\Microsoft Shared\Windows Live;C:\Program Files (x86)\Common Files\Microsoft Shared\Windows Live;C:\Program Files (x86)\NVIDIA Corporation\PhysX\Common;C:\Program Files (x86)\Intel\iCLS Client\;C:\Program Files\Intel\iCLS Client\;C:\windows\system32;C:\windows;C:\windows\System32\Wbem;C:\windows\System32\WindowsPowerShell\v1.0\;C:\Program Files\Intel\Intel(R) Management Engine Components\DAL;C:\Program Files\Intel\Intel(R) Management Engine Components\IPT;C:\Program Files (x86)\Intel\Intel(R) Management Engine Components\DAL;C:\Program Files (x86)\Intel\Intel(R) Management Engine Components\IPT;C:\Program Files (x86)\Intel\OpenCL SDK\2.0\bin\x86;C:\Program Files (x86)\Intel\OpenCL SDK\2.0\bin\x64;C:\Program Files\Intel\WiFi\bin\;C:\Program Files\Common Files\Intel\WirelessCommon\;C:\Program Files (x86)\Windows Live\Shared;C:\Program Files (x86)\Microsoft SQL Server\100\Tools\Binn\;C:\Program Files\Microsoft SQL Server\100\Tools\Binn\;C:\Program Files\Microsoft SQL Server\100\DTS\Binn\;C:\Program Files (x86)\Java\jdk1.7.0_07\bin;C:\Program Files (x86)\ESTsoft\ALSee\x64
USERNAME=Ryu
OS=Windows_NT
PROCESSOR_IDENTIFIER=Intel64 Family 6 Model 58 Stepping 9, GenuineIntel



---------------  S Y S T E M  ---------------

OS: Windows 7 , 64 bit Build 7601 Service Pack 1

CPU:total 4 (2 cores per cpu, 2 threads per core) family 6 model 58 stepping 9, cmov, cx8, fxsr, mmx, sse, sse2, sse3, ssse3, sse4.1, sse4.2, popcnt, avx, ht, tsc, tscinvbit, tscinv

Memory: 4k page, physical 8283524k(5330908k free), swap 16565196k(13266796k free)

vm_info: Java HotSpot(TM) Client VM (23.5-b02) for windows-x86 JRE (1.7.0_09-b05), built on Sep 24 2012 22:01:33 by "java_re" with unknown MS VC++:1600

time: Sun Nov 25 13:10:03 2012
elapsed time: 31 seconds

