#
# A fatal error has been detected by the Java Runtime Environment:
#
#  EXCEPTION_UNCAUGHT_CXX_EXCEPTION (0xe06d7363) at pc=0x759dc41f, pid=7456, tid=840
#
# JRE version: 7.0_09-b05
# Java VM: Java HotSpot(TM) Client VM (23.5-b02 mixed mode, sharing windows-x86 )
# Problematic frame:
# C  [KERNELBASE.dll+0xc41f]  RaiseException+0x58
#
# Failed to write core dump. Minidumps are not enabled by default on client versions of Windows
#
# If you would like to submit a bug report, please visit:
#   http://bugreport.sun.com/bugreport/crash.jsp
# The crash happened outside the Java Virtual Machine in native code.
# See problematic frame for where to report the bug.
#

---------------  T H R E A D  ---------------

Current thread (0x026ab400):  JavaThread "main" [_thread_in_native, id=840, stack(0x00cc0000,0x00d10000)]

siginfo: ExceptionCode=0xe06d7363, ExceptionInformation=0x19930520 0x00cff1f0 0x66662598 

Registers:
EAX=0x00cff14c, EBX=0x00000705, ECX=0x00000003, EDX=0x00000000
ESP=0x00cff14c, EBP=0x00cff19c, ESI=0x00d0f2b4, EDI=0x68631ec6
EIP=0x759dc41f, EFLAGS=0x00000202

Top of Stack: (sp=0x00cff14c)
0x00cff14c:   e06d7363 00000001 00000000 759dc41f
0x00cff15c:   00000003 19930520 00cff1f0 66662598
0x00cff16c:   00000000 04d86578 00cff254 00cff160
0x00cff17c:   00cff254 0000002e 00cff1a4 664a3b1e
0x00cff18c:   04d86578 04d86540 0000002e 00d0f2b4
0x00cff19c:   00cff1d4 68647819 e06d7363 00000001
0x00cff1ac:   00000003 00cff1c8 e06d7363 00000001
0x00cff1bc:   00000000 00000000 00000003 19930520 

Instructions: (pc=0x759dc41f)
0x759dc3ff:   02 50 ff 75 14 8d 45 c4 50 e8 05 ad 02 00 83 c4
0x759dc40f:   0c eb 03 89 45 c0 8d 45 b0 50 ff 15 5c 11 9d 75
0x759dc41f:   c9 c2 10 00 cc cc cc cc cc 8b ff 55 8b ec 56 8b
0x759dc42f:   75 08 83 fe f4 72 18 83 fe f6 77 13 8d 45 08 50 


Register to memory mapping:

EAX=0x00cff14c is pointing into the stack for thread: 0x026ab400
EBX=0x00000705 is an unknown value
ECX=0x00000003 is an unknown value
EDX=0x00000000 is an unknown value
ESP=0x00cff14c is pointing into the stack for thread: 0x026ab400
EBP=0x00cff19c is pointing into the stack for thread: 0x026ab400
ESI=0x00d0f2b4 is pointing into the stack for thread: 0x026ab400
EDI=0x68631ec6 is an unknown value


Stack: [0x00cc0000,0x00d10000],  sp=0x00cff14c,  free space=252k
Native frames: (J=compiled Java code, j=interpreted, Vv=VM code, C=native code)
C  [KERNELBASE.dll+0xc41f]  RaiseException+0x58
C  [msvcr100.dll+0x27819]  CxxThrowException+0x45

Java frames: (J=compiled Java code, j=interpreted, Vv=VM code)
J  com.googlecode.javacv.cpp.opencv_core.cvSetReal2D(Lcom/googlecode/javacv/cpp/opencv_core$CvArr;IID)V
J  kr.hs.sshs.JavaPTS.Main.drawCandidate()V
J  kr.hs.sshs.JavaPTS.Main.process()V
j  kr.hs.sshs.JavaPTS.Main.main([Ljava/lang/String;)V+336
v  ~StubRoutines::call_stub

---------------  P R O C E S S  ---------------

Java Threads: ( => current thread )
  0x04d1a400 JavaThread "AWT-EventQueue-0" [_thread_blocked, id=6232, stack(0x05b90000,0x05be0000)]
  0x04d19c00 JavaThread "AWT-Windows" daemon [_thread_in_native, id=7488, stack(0x051a0000,0x051f0000)]
  0x04d19800 JavaThread "AWT-Shutdown" [_thread_blocked, id=7512, stack(0x050e0000,0x05130000)]
  0x04d19000 JavaThread "Java2D Disposer" daemon [_thread_blocked, id=6692, stack(0x04ac0000,0x04b10000)]
  0x025d2000 JavaThread "Service Thread" daemon [_thread_blocked, id=6388, stack(0x04950000,0x049a0000)]
  0x025cd800 JavaThread "C1 CompilerThread0" daemon [_thread_blocked, id=3324, stack(0x02830000,0x02880000)]
  0x025cc000 JavaThread "Attach Listener" daemon [_thread_blocked, id=6384, stack(0x04b70000,0x04bc0000)]
  0x025c9000 JavaThread "Signal Dispatcher" daemon [_thread_blocked, id=1492, stack(0x04bc0000,0x04c10000)]
  0x025a3c00 JavaThread "Finalizer" daemon [_thread_blocked, id=8136, stack(0x04b10000,0x04b60000)]
  0x025a2400 JavaThread "Reference Handler" daemon [_thread_blocked, id=7728, stack(0x02780000,0x027d0000)]
=>0x026ab400 JavaThread "main" [_thread_in_native, id=840, stack(0x00cc0000,0x00d10000)]

Other Threads:
  0x025a0800 VMThread [stack: 0x026e0000,0x02730000] [id=7692]
  0x04d20c00 WatcherThread [stack: 0x05000000,0x05050000] [id=5920]

VM state:not at safepoint (normal execution)

VM Mutex/Monitor currently owned by a thread: None

Heap
 def new generation   total 78656K, used 16949K [0x24260000, 0x297b0000, 0x297b0000)
  eden space 69952K,  24% used [0x24260000, 0x252ed7c8, 0x286b0000)
  from space 8704K,   0% used [0x286b0000, 0x286b0000, 0x28f30000)
  to   space 8704K,   0% used [0x28f30000, 0x28f30000, 0x297b0000)
 tenured generation   total 174784K, used 126679K [0x297b0000, 0x34260000, 0x34260000)
   the space 174784K,  72% used [0x297b0000, 0x31365f80, 0x31366000, 0x34260000)
 compacting perm gen  total 12288K, used 2083K [0x34260000, 0x34e60000, 0x38260000)
   the space 12288K,  16% used [0x34260000, 0x34468de8, 0x34468e00, 0x34e60000)
    ro space 10240K,  42% used [0x38260000, 0x386a0348, 0x386a0400, 0x38c60000)
    rw space 12288K,  54% used [0x38c60000, 0x392e06f0, 0x392e0800, 0x39860000)

Card table byte_map: [0x025f0000,0x026a0000] byte_map_base: 0x024ced00

Polling page: 0x001c0000

Code Cache  [0x028d0000, 0x02a00000, 0x048d0000)
 total_blobs=559 nmethods=322 adapters=172 free_code_cache=31565Kb largest_free_block=32323200

Compilation events (10 events):
Event: 67.035 Thread 0x025cd800  313             java.nio.Buffer::remaining (10 bytes)
Event: 67.035 Thread 0x025cd800 nmethod 313 0x029fc048 code [0x029fc140, 0x029fc1c0]
Event: 67.035 Thread 0x025cd800  314             java.nio.Buffer::flip (20 bytes)
Event: 67.035 Thread 0x025cd800 nmethod 314 0x029fc208 code [0x029fc300, 0x029fc390]
Event: 67.035 Thread 0x025cd800  315             java.nio.Buffer::clear (20 bytes)
Event: 67.035 Thread 0x025cd800 nmethod 315 0x029fc3c8 code [0x029fc4c0, 0x029fc550]
Event: 67.035 Thread 0x025cd800  316             java.io.OutputStream::flush (1 bytes)
Event: 67.035 Thread 0x025cd800 nmethod 316 0x029fc588 code [0x029fc680, 0x029fc700]
Event: 67.035 Thread 0x025cd800  317             java.nio.CharBuffer::<init> (22 bytes)
Event: 67.035 Thread 0x025cd800 nmethod 317 0x029fc748 code [0x029fc840, 0x029fc90c]

GC Heap History (10 events):
Event: 42.953 GC heap before
{Heap before GC invocations=13 (full 4):
 def new generation   total 34240K, used 34239K [0x24260000, 0x26780000, 0x297b0000)
  eden space 30464K, 100% used [0x24260000, 0x26020000, 0x26020000)
  from space 3776K,  99% used [0x263d0000, 0x2677ffe8, 0x26780000)
  to   space 3776K,   0% used [0x26020000, 0x26020000, 0x263d0000)
 tenured generation   total 75908K, used 72215K [0x297b0000, 0x2e1d1000, 0x34260000)
   the space 75908K,  95% used [0x297b0000, 0x2de35d30, 0x2de35e00, 0x2e1d1000)
 compacting perm gen  total 12288K, used 2083K [0x34260000, 0x34e60000, 0x38260000)
   the space 12288K,  16% used [0x34260000, 0x34468d68, 0x34468e00, 0x34e60000)
    ro space 10240K,  42% used [0x38260000, 0x386a0348, 0x386a0400, 0x38c60000)
    rw space 12288K,  54% used [0x38c60000, 0x392e06f0, 0x392e0800, 0x39860000)
Event: 43.375 GC heap after
Heap after GC invocations=14 (full 5):
 def new generation   total 51328K, used 0K [0x24260000, 0x27a10000, 0x297b0000)
  eden space 45632K,   0% used [0x24260000, 0x24260000, 0x26ef0000)
  from space 5696K,   0% used [0x26ef0000, 0x26ef0000, 0x27480000)
  to   space 5696K,   0% used [0x27480000, 0x27480000, 0x27a10000)
 tenured generation   total 113976K, used 68383K [0x297b0000, 0x306fe000, 0x34260000)
   the space 113976K,  59% used [0x297b0000, 0x2da77d40, 0x2da77e00, 0x306fe000)
 compacting perm gen  total 12288K, used 2083K [0x34260000, 0x34e60000, 0x38260000)
   the space 12288K,  16% used [0x34260000, 0x34468d68, 0x34468e00, 0x34e60000)
    ro space 10240K,  42% used [0x38260000, 0x386a0348, 0x386a0400, 0x38c60000)
    rw space 12288K,  54% used [0x38c60000, 0x392e06f0, 0x392e0800, 0x39860000)
}
Event: 44.563 GC heap before
{Heap before GC invocations=14 (full 5):
 def new generation   total 51328K, used 45632K [0x24260000, 0x27a10000, 0x297b0000)
  eden space 45632K, 100% used [0x24260000, 0x26ef0000, 0x26ef0000)
  from space 5696K,   0% used [0x26ef0000, 0x26ef0000, 0x27480000)
  to   space 5696K,   0% used [0x27480000, 0x27480000, 0x27a10000)
 tenured generation   total 113976K, used 68383K [0x297b0000, 0x306fe000, 0x34260000)
   the space 113976K,  59% used [0x297b0000, 0x2da77d40, 0x2da77e00, 0x306fe000)
 compacting perm gen  total 12288K, used 2083K [0x34260000, 0x34e60000, 0x38260000)
   the space 12288K,  16% used [0x34260000, 0x34468d68, 0x34468e00, 0x34e60000)
    ro space 10240K,  42% used [0x38260000, 0x386a0348, 0x386a0400, 0x38c60000)
    rw space 12288K,  54% used [0x38c60000, 0x392e06f0, 0x392e0800, 0x39860000)
Event: 44.712 GC heap after
Heap after GC invocations=15 (full 5):
 def new generation   total 51328K, used 5695K [0x24260000, 0x27a10000, 0x297b0000)
  eden space 45632K,   0% used [0x24260000, 0x24260000, 0x26ef0000)
  from space 5696K,  99% used [0x27480000, 0x27a0fff8, 0x27a10000)
  to   space 5696K,   0% used [0x26ef0000, 0x26ef0000, 0x27480000)
 tenured generation   total 113976K, used 108310K [0x297b0000, 0x306fe000, 0x34260000)
   the space 113976K,  95% used [0x297b0000, 0x301759b0, 0x30175a00, 0x306fe000)
 compacting perm gen  total 12288K, used 2083K [0x34260000, 0x34e60000, 0x38260000)
   the space 12288K,  16% used [0x34260000, 0x34468d68, 0x34468e00, 0x34e60000)
    ro space 10240K,  42% used [0x38260000, 0x386a0348, 0x386a0400, 0x38c60000)
    rw space 12288K,  54% used [0x38c60000, 0x392e06f0, 0x392e0800, 0x39860000)
}
Event: 52.844 GC heap before
{Heap before GC invocations=15 (full 5):
 def new generation   total 51328K, used 51327K [0x24260000, 0x27a10000, 0x297b0000)
  eden space 45632K, 100% used [0x24260000, 0x26ef0000, 0x26ef0000)
  from space 5696K,  99% used [0x27480000, 0x27a0fff8, 0x27a10000)
  to   space 5696K,   0% used [0x26ef0000, 0x26ef0000, 0x27480000)
 tenured generation   total 113976K, used 108310K [0x297b0000, 0x306fe000, 0x34260000)
   the space 113976K,  95% used [0x297b0000, 0x301759b0, 0x30175a00, 0x306fe000)
 compacting perm gen  total 12288K, used 2083K [0x34260000, 0x34e60000, 0x38260000)
   the space 12288K,  16% used [0x34260000, 0x34468dc8, 0x34468e00, 0x34e60000)
    ro space 10240K,  42% used [0x38260000, 0x386a0348, 0x386a0400, 0x38c60000)
    rw space 12288K,  54% used [0x38c60000, 0x392e06f0, 0x392e0800, 0x39860000)
Event: 53.522 GC heap after
Heap after GC invocations=16 (full 6):
 def new generation   total 70144K, used 0K [0x24260000, 0x28e70000, 0x297b0000)
  eden space 62400K,   0% used [0x24260000, 0x24260000, 0x27f50000)
  from space 7744K,   0% used [0x27f50000, 0x27f50000, 0x286e0000)
  to   space 7744K,   0% used [0x286e0000, 0x286e0000, 0x28e70000)
 tenured generation   total 155752K, used 93450K [0x297b0000, 0x32fca000, 0x34260000)
   the space 155752K,  59% used [0x297b0000, 0x2f2f2bc8, 0x2f2f2c00, 0x32fca000)
 compacting perm gen  total 12288K, used 2083K [0x34260000, 0x34e60000, 0x38260000)
   the space 12288K,  16% used [0x34260000, 0x34468dc8, 0x34468e00, 0x34e60000)
    ro space 10240K,  42% used [0x38260000, 0x386a0348, 0x386a0400, 0x38c60000)
    rw space 12288K,  54% used [0x38c60000, 0x392e06f0, 0x392e0800, 0x39860000)
}
Event: 56.000 GC heap before
{Heap before GC invocations=16 (full 6):
 def new generation   total 70144K, used 62400K [0x24260000, 0x28e70000, 0x297b0000)
  eden space 62400K, 100% used [0x24260000, 0x27f50000, 0x27f50000)
  from space 7744K,   0% used [0x27f50000, 0x27f50000, 0x286e0000)
  to   space 7744K,   0% used [0x286e0000, 0x286e0000, 0x28e70000)
 tenured generation   total 155752K, used 93450K [0x297b0000, 0x32fca000, 0x34260000)
   the space 155752K,  59% used [0x297b0000, 0x2f2f2bc8, 0x2f2f2c00, 0x32fca000)
 compacting perm gen  total 12288K, used 2083K [0x34260000, 0x34e60000, 0x38260000)
   the space 12288K,  16% used [0x34260000, 0x34468de8, 0x34468e00, 0x34e60000)
    ro space 10240K,  42% used [0x38260000, 0x386a0348, 0x386a0400, 0x38c60000)
    rw space 12288K,  54% used [0x38c60000, 0x392e06f0, 0x392e0800, 0x39860000)
Event: 56.226 GC heap after
Heap after GC invocations=17 (full 6):
 def new generation   total 70144K, used 7744K [0x24260000, 0x28e70000, 0x297b0000)
  eden space 62400K,   0% used [0x24260000, 0x24260000, 0x27f50000)
  from space 7744K, 100% used [0x286e0000, 0x28e70000, 0x28e70000)
  to   space 7744K,   0% used [0x27f50000, 0x27f50000, 0x286e0000)
 tenured generation   total 155752K, used 147958K [0x297b0000, 0x32fca000, 0x34260000)
   the space 155752K,  94% used [0x297b0000, 0x3282da70, 0x3282dc00, 0x32fca000)
 compacting perm gen  total 12288K, used 2083K [0x34260000, 0x34e60000, 0x38260000)
   the space 12288K,  16% used [0x34260000, 0x34468de8, 0x34468e00, 0x34e60000)
    ro space 10240K,  42% used [0x38260000, 0x386a0348, 0x386a0400, 0x38c60000)
    rw space 12288K,  54% used [0x38c60000, 0x392e06f0, 0x392e0800, 0x39860000)
}
Event: 64.671 GC heap before
{Heap before GC invocations=17 (full 6):
 def new generation   total 70144K, used 70144K [0x24260000, 0x28e70000, 0x297b0000)
  eden space 62400K, 100% used [0x24260000, 0x27f50000, 0x27f50000)
  from space 7744K, 100% used [0x286e0000, 0x28e70000, 0x28e70000)
  to   space 7744K,   0% used [0x27f50000, 0x27f50000, 0x286e0000)
 tenured generation   total 155752K, used 147958K [0x297b0000, 0x32fca000, 0x34260000)
   the space 155752K,  94% used [0x297b0000, 0x3282da70, 0x3282dc00, 0x32fca000)
 compacting perm gen  total 12288K, used 2083K [0x34260000, 0x34e60000, 0x38260000)
   the space 12288K,  16% used [0x34260000, 0x34468de8, 0x34468e00, 0x34e60000)
    ro space 10240K,  42% used [0x38260000, 0x386a0348, 0x386a0400, 0x38c60000)
    rw space 12288K,  54% used [0x38c60000, 0x392e06f0, 0x392e0800, 0x39860000)
Event: 65.331 GC heap after
Heap after GC invocations=18 (full 7):
 def new generation   total 78656K, used 0K [0x24260000, 0x297b0000, 0x297b0000)
  eden space 69952K,   0% used [0x24260000, 0x24260000, 0x286b0000)
  from space 8704K,   0% used [0x286b0000, 0x286b0000, 0x28f30000)
  to   space 8704K,   0% used [0x28f30000, 0x28f30000, 0x297b0000)
 tenured generation   total 174784K, used 126679K [0x297b0000, 0x34260000, 0x34260000)
   the space 174784K,  72% used [0x297b0000, 0x31365f80, 0x31366000, 0x34260000)
 compacting perm gen  total 12288K, used 2083K [0x34260000, 0x34e60000, 0x38260000)
   the space 12288K,  16% used [0x34260000, 0x34468de8, 0x34468e00, 0x34e60000)
    ro space 10240K,  42% used [0x38260000, 0x386a0348, 0x386a0400, 0x38c60000)
    rw space 12288K,  54% used [0x38c60000, 0x392e06f0, 0x392e0800, 0x39860000)
}

Deoptimization events (0 events):
No events

Internal exceptions (10 events):
Event: 6.805 Thread 0x026ab400 Threw 0x242fd670 at C:\jdk7u1_32P\jdk7u9_3984_new\hotspot\src\share\vm\prims\jvm.cpp:1166
Event: 6.805 Thread 0x026ab400 Threw 0x24302f50 at C:\jdk7u1_32P\jdk7u9_3984_new\hotspot\src\share\vm\prims\jvm.cpp:1166
Event: 6.806 Thread 0x026ab400 Threw 0x24309b50 at C:\jdk7u1_32P\jdk7u9_3984_new\hotspot\src\share\vm\prims\jvm.cpp:1166
Event: 6.807 Thread 0x026ab400 Threw 0x2430f850 at C:\jdk7u1_32P\jdk7u9_3984_new\hotspot\src\share\vm\prims\jvm.cpp:1166
Event: 6.850 Thread 0x026ab400 Threw 0x24315778 at C:\jdk7u1_32P\jdk7u9_3984_new\hotspot\src\share\vm\prims\jvm.cpp:1166
Event: 32.853 Thread 0x026ab400 Threw 0x242aefb0 at C:\jdk7u1_32P\jdk7u9_3984_new\hotspot\src\share\vm\prims\jvm.cpp:1166
Event: 34.410 Thread 0x026ab400 Threw 0x2515c910 at C:\jdk7u1_32P\jdk7u9_3984_new\hotspot\src\share\vm\prims\jvm.cpp:1166
Event: 34.416 Thread 0x026ab400 Threw 0x25290be0 at C:\jdk7u1_32P\jdk7u9_3984_new\hotspot\src\share\vm\prims\jvm.cpp:1166
Event: 34.612 Thread 0x026ab400 Threw 0x2532d3d0 at C:\jdk7u1_32P\jdk7u9_3984_new\hotspot\src\share\vm\prims\jvm.cpp:1166
Event: 34.614 Thread 0x026ab400 Threw 0x25330b48 at C:\jdk7u1_32P\jdk7u9_3984_new\hotspot\src\share\vm\prims\jvm.cpp:1166

Events (10 events):
Event: 42.953 Executing VM operation: GenCollectForAllocation
Event: 43.375 Executing VM operation: GenCollectForAllocation done
Event: 44.563 Executing VM operation: GenCollectForAllocation
Event: 44.713 Executing VM operation: GenCollectForAllocation done
Event: 52.844 Executing VM operation: GenCollectForAllocation
Event: 53.522 Executing VM operation: GenCollectForAllocation done
Event: 56.000 Executing VM operation: GenCollectForAllocation
Event: 56.226 Executing VM operation: GenCollectForAllocation done
Event: 64.671 Executing VM operation: GenCollectForAllocation
Event: 65.331 Executing VM operation: GenCollectForAllocation done


Dynamic libraries:
0x00d10000 - 0x00d3f000 	C:\Program Files (x86)\Java\jre7\bin\javaw.exe
0x77390000 - 0x77510000 	C:\windows\SysWOW64\ntdll.dll
0x75a80000 - 0x75b90000 	C:\windows\syswow64\kernel32.dll
0x759d0000 - 0x75a17000 	C:\windows\syswow64\KERNELBASE.dll
0x75620000 - 0x756c0000 	C:\windows\syswow64\ADVAPI32.dll
0x74e90000 - 0x74f3c000 	C:\windows\syswow64\msvcrt.dll
0x74cb0000 - 0x74cc9000 	C:\windows\SysWOW64\sechost.dll
0x75b90000 - 0x75c80000 	C:\windows\syswow64\RPCRT4.dll
0x74a70000 - 0x74ad0000 	C:\windows\syswow64\SspiCli.dll
0x74a60000 - 0x74a6c000 	C:\windows\syswow64\CRYPTBASE.dll
0x75850000 - 0x75950000 	C:\windows\syswow64\USER32.dll
0x769b0000 - 0x76a40000 	C:\windows\syswow64\GDI32.dll
0x753a0000 - 0x753aa000 	C:\windows\syswow64\LPK.dll
0x75300000 - 0x7539d000 	C:\windows\syswow64\USP10.dll
0x71da0000 - 0x71f3e000 	C:\windows\WinSxS\x86_microsoft.windows.common-controls_6595b64144ccf1df_6.0.7601.17514_none_41e6975e2bd6f2b2\COMCTL32.dll
0x75c80000 - 0x75cd7000 	C:\windows\syswow64\SHLWAPI.dll
0x752a0000 - 0x75300000 	C:\windows\system32\IMM32.DLL
0x753c0000 - 0x7548c000 	C:\windows\syswow64\MSCTF.dll
0x71f40000 - 0x71f78000 	C:\windows\SysWOW64\nvinit.dll
0x68620000 - 0x686de000 	C:\Program Files (x86)\Java\jre7\bin\msvcr100.dll
0x66690000 - 0x669dd000 	C:\Program Files (x86)\Java\jre7\bin\client\jvm.dll
0x71aa0000 - 0x71aa7000 	C:\windows\system32\WSOCK32.dll
0x75810000 - 0x75845000 	C:\windows\syswow64\WS2_32.dll
0x74e80000 - 0x74e86000 	C:\windows\syswow64\NSI.dll
0x71ac0000 - 0x71af2000 	C:\windows\system32\WINMM.dll
0x77360000 - 0x77365000 	C:\windows\syswow64\PSAPI.DLL
0x747d0000 - 0x747dc000 	C:\Program Files (x86)\Java\jre7\bin\verify.dll
0x74710000 - 0x74730000 	C:\Program Files (x86)\Java\jre7\bin\java.dll
0x693f0000 - 0x69403000 	C:\Program Files (x86)\Java\jre7\bin\zip.dll
0x71910000 - 0x71979000 	C:\Windows\System32\msvcp100.dll
0x68050000 - 0x68078000 	C:\opencv\build\common\tbb\ia32\vc10\tbb.dll
0x664a0000 - 0x6668d000 	C:\opencv\build\x86\vc10\bin\opencv_core242.dll
0x67fe0000 - 0x68050000 	C:\Users\Ryu\AppData\Local\Temp\javacpp19052000511096\jniopencv_core.dll
0x66350000 - 0x66492000 	C:\Program Files (x86)\Java\jre7\bin\awt.dll
0x74df0000 - 0x74e7f000 	C:\windows\syswow64\OLEAUT32.dll
0x754c0000 - 0x7561c000 	C:\windows\syswow64\ole32.dll
0x6fd20000 - 0x6fd33000 	C:\windows\system32\DWMAPI.DLL
0x70850000 - 0x708d0000 	C:\windows\system32\uxtheme.dll
0x10000000 - 0x10039000 	C:\Program Files (x86)\Samsung\Easy Settings\WinCRT.dll
0x72030000 - 0x72081000 	C:\windows\system32\WINSPOOL.DRV
0x70c80000 - 0x70ccc000 	C:\windows\system32\apphelp.dll
0x73410000 - 0x73479000 	C:\windows\system32\IMKR12.IME
0x75ce0000 - 0x7692a000 	C:\windows\syswow64\SHELL32.dll
0x734f0000 - 0x7358b000 	C:\windows\WinSxS\x86_microsoft.vc80.crt_1fc8b3b9a1e18e3b_8.0.50727.6195_none_d09154e044272b9a\MSVCR80.dll
0x73590000 - 0x73617000 	C:\windows\WinSxS\x86_microsoft.vc80.crt_1fc8b3b9a1e18e3b_8.0.50727.6195_none_d09154e044272b9a\MSVCP80.dll
0x67fb0000 - 0x67fda000 	C:\Program Files (x86)\Java\jre7\bin\fontmanager.dll
0x76a40000 - 0x76ac3000 	C:\windows\syswow64\CLBCatQ.DLL
0x732b0000 - 0x7334a000 	C:\PROGRA~2\COMMON~1\MICROS~1\IME12\IMEKR\IMKRTIP.DLL
0x70700000 - 0x707a5000 	C:\PROGRA~2\COMMON~1\MICROS~1\IME12\SHARED\IMETIP.DLL
0x70380000 - 0x703a2000 	C:\PROGRA~2\COMMON~1\MICROS~1\IME12\IMEKR\IMKRAPI.DLL
0x714c0000 - 0x714c9000 	C:\windows\system32\VERSION.dll
0x703f0000 - 0x7041d000 	C:\PROGRA~2\COMMON~1\MICROS~1\IME12\SHARED\IMJKAPI.DLL
0x68b80000 - 0x68bbd000 	C:\ffmpeg\ffmpeg-20120720-git-85761ef-win32-shared\bin\avutil-51.dll
0x68600000 - 0x68616000 	C:\Users\Ryu\AppData\Local\Temp\javacpp19052000511096\jniavutil.dll
0x6a0c0000 - 0x6b5ae000 	C:\ffmpeg\ffmpeg-20120720-git-85761ef-win32-shared\bin\avcodec-54.dll
0x679a0000 - 0x679eb000 	C:\Users\Ryu\AppData\Local\Temp\javacpp19052000511096\jniavcodec.dll
0x69900000 - 0x69bc2000 	C:\ffmpeg\ffmpeg-20120720-git-85761ef-win32-shared\bin\avformat-54.dll
0x67cf0000 - 0x67d09000 	C:\windows\system32\AVIFIL32.DLL
0x68e30000 - 0x68e44000 	C:\windows\system32\MSACM32.dll
0x67970000 - 0x67991000 	C:\windows\system32\MSVFW32.dll
0x67850000 - 0x67874000 	C:\Users\Ryu\AppData\Local\Temp\javacpp19052000511096\jniavformat.dll
0x04c10000 - 0x04c43000 	C:\ffmpeg\ffmpeg-20120720-git-85761ef-win32-shared\bin\postproc-52.dll
0x048e0000 - 0x048e9000 	C:\Users\Ryu\AppData\Local\Temp\javacpp19052000511096\jnipostproc.dll
0x707c0000 - 0x707e2000 	C:\ffmpeg\ffmpeg-20120720-git-85761ef-win32-shared\bin\swresample-0.dll
0x69880000 - 0x6988a000 	C:\Users\Ryu\AppData\Local\Temp\javacpp19052000511096\jniswresample.dll
0x05130000 - 0x0518c000 	C:\ffmpeg\ffmpeg-20120720-git-85761ef-win32-shared\bin\swscale-2.dll
0x693e0000 - 0x693ed000 	C:\Users\Ryu\AppData\Local\Temp\javacpp19052000511096\jniswscale.dll
0x67820000 - 0x67844000 	C:\Users\Ryu\AppData\Local\Temp\javacpp19052000511096\jniavfilter.dll
0x624c0000 - 0x6261f000 	C:\ffmpeg\ffmpeg-20120720-git-85761ef-win32-shared\bin\avfilter-3.dll
0x6dd40000 - 0x6ddb0000 	C:\ffmpeg\ffmpeg-20120720-git-85761ef-win32-shared\bin\avdevice-54.dll
0x67cd0000 - 0x67ce3000 	C:\windows\system32\AVICAP32.DLL
0x67fa0000 - 0x67fa8000 	C:\Users\Ryu\AppData\Local\Temp\javacpp19052000511096\jniavdevice.dll
0x65fe0000 - 0x6622a000 	C:\opencv\build\x86\vc10\bin\opencv_imgproc242.dll
0x677e0000 - 0x67814000 	C:\Users\Ryu\AppData\Local\Temp\javacpp19052000511096\jniopencv_imgproc.dll
0x6ce30000 - 0x6cf1b000 	C:\windows\system32\dbghelp.dll

VM Arguments:
jvm_args: -Dfile.encoding=MS949 
java_command: kr.hs.sshs.JavaPTS.Main
Launcher Type: SUN_STANDARD

Environment Variables:
CLASSPATH=.
PATH=C:\ffmpeg\ffmpeg-20120720-git-85761ef-win32-shared\bin\;C:\Program Files\Common Files\Microsoft Shared\Windows Live;C:\Program Files (x86)\Common Files\Microsoft Shared\Windows Live;C:\Program Files (x86)\NVIDIA Corporation\PhysX\Common;C:\Program Files (x86)\Intel\iCLS Client\;C:\Program Files\Intel\iCLS Client\;C:\windows\system32;C:\windows;C:\windows\System32\Wbem;C:\windows\System32\WindowsPowerShell\v1.0\;C:\Program Files\Intel\Intel(R) Management Engine Components\DAL;C:\Program Files\Intel\Intel(R) Management Engine Components\IPT;C:\Program Files (x86)\Intel\Intel(R) Management Engine Components\DAL;C:\Program Files (x86)\Intel\Intel(R) Management Engine Components\IPT;C:\Program Files (x86)\Intel\OpenCL SDK\2.0\bin\x86;C:\Program Files (x86)\Intel\OpenCL SDK\2.0\bin\x64;C:\Program Files\Intel\WiFi\bin\;C:\Program Files\Common Files\Intel\WirelessCommon\;C:\Program Files (x86)\Windows Live\Shared;C:\Program Files (x86)\Microsoft SQL Server\100\Tools\Binn\;C:\Program Files\Microsoft SQL Server\100\Tools\Binn\;C:\Program Files\Microsoft SQL Server\100\DTS\Binn\;C:\Program Files (x86)\Java\jdk1.7.0_07\bin;C:\Program Files (x86)\ESTsoft\ALSee\x64
USERNAME=Ryu
OS=Windows_NT
PROCESSOR_IDENTIFIER=Intel64 Family 6 Model 58 Stepping 9, GenuineIntel



---------------  S Y S T E M  ---------------

OS: Windows 7 , 64 bit Build 7601 Service Pack 1

CPU:total 4 (2 cores per cpu, 2 threads per core) family 6 model 58 stepping 9, cmov, cx8, fxsr, mmx, sse, sse2, sse3, ssse3, sse4.1, sse4.2, popcnt, avx, ht, tsc, tscinvbit, tscinv

Memory: 4k page, physical 8283524k(5366056k free), swap 16565196k(13284176k free)

vm_info: Java HotSpot(TM) Client VM (23.5-b02) for windows-x86 JRE (1.7.0_09-b05), built on Sep 24 2012 22:01:33 by "java_re" with unknown MS VC++:1600

time: Sun Nov 25 13:17:47 2012
elapsed time: 67 seconds

