#
# A fatal error has been detected by the Java Runtime Environment:
#
#  EXCEPTION_UNCAUGHT_CXX_EXCEPTION (0xe06d7363) at pc=0x75bdc41f, pid=3916, tid=6796
#
# JRE version: 7.0_09-b05
# Java VM: Java HotSpot(TM) Client VM (23.5-b02 mixed mode, sharing windows-x86 )
# Problematic frame:
# C  [KERNELBASE.dll+0xc41f]  RaiseException+0x58
#
# Failed to write core dump. Minidumps are not enabled by default on client versions of Windows
#
# If you would like to submit a bug report, please visit:
#   http://bugreport.sun.com/bugreport/crash.jsp
# The crash happened outside the Java Virtual Machine in native code.
# See problematic frame for where to report the bug.
#

---------------  T H R E A D  ---------------

Current thread (0x0014b400):  JavaThread "main" [_thread_in_native, id=6796, stack(0x00c50000,0x00ca0000)]

siginfo: ExceptionCode=0xe06d7363, ExceptionInformation=0x19930520 0x00c8f5ec 0x64f62598 

Registers:
EAX=0x00c8f548, EBX=0x000001ef, ECX=0x00000003, EDX=0x00000000
ESP=0x00c8f548, EBP=0x00c8f598, ESI=0x00c9f69c, EDI=0x6b8d1ec6
EIP=0x75bdc41f, EFLAGS=0x00000216

Top of Stack: (sp=0x00c8f548)
0x00c8f548:   e06d7363 00000001 00000000 75bdc41f
0x00c8f558:   00000003 19930520 00c8f5ec 64f62598
0x00c8f568:   00000000 090d8378 00c8f650 00c8f55c
0x00c8f578:   00c8f650 0000002d 00c8f5a0 64da3b1e
0x00c8f588:   090d8378 090d8340 0000002d 00c9f69c
0x00c8f598:   00c8f5d0 6b8e7819 e06d7363 00000001
0x00c8f5a8:   00000003 00c8f5c4 e06d7363 00000001
0x00c8f5b8:   00000000 00000000 00000003 19930520 

Instructions: (pc=0x75bdc41f)
0x75bdc3ff:   02 50 ff 75 14 8d 45 c4 50 e8 05 ad 02 00 83 c4
0x75bdc40f:   0c eb 03 89 45 c0 8d 45 b0 50 ff 15 5c 11 bd 75
0x75bdc41f:   c9 c2 10 00 cc cc cc cc cc 8b ff 55 8b ec 56 8b
0x75bdc42f:   75 08 83 fe f4 72 18 83 fe f6 77 13 8d 45 08 50 


Register to memory mapping:

EAX=0x00c8f548 is pointing into the stack for thread: 0x0014b400
EBX=0x000001ef is an unknown value
ECX=0x00000003 is an unknown value
EDX=0x00000000 is an unknown value
ESP=0x00c8f548 is pointing into the stack for thread: 0x0014b400
EBP=0x00c8f598 is pointing into the stack for thread: 0x0014b400
ESI=0x00c9f69c is pointing into the stack for thread: 0x0014b400
EDI=0x6b8d1ec6 is an unknown value


Stack: [0x00c50000,0x00ca0000],  sp=0x00c8f548,  free space=253k
Native frames: (J=compiled Java code, j=interpreted, Vv=VM code, C=native code)
C  [KERNELBASE.dll+0xc41f]  RaiseException+0x58
C  [msvcr100.dll+0x27819]  CxxThrowException+0x45

Java frames: (J=compiled Java code, j=interpreted, Vv=VM code)
j  com.googlecode.javacv.cpp.opencv_core.cvCopy(Lcom/googlecode/javacv/cpp/opencv_core$CvArr;Lcom/googlecode/javacv/cpp/opencv_core$CvArr;Lcom/googlecode/javacv/cpp/opencv_core$CvArr;)V+0
j  com.googlecode.javacv.cpp.opencv_core.cvCopy(Lcom/googlecode/javacv/cpp/opencv_core$CvArr;Lcom/googlecode/javacv/cpp/opencv_core$CvArr;)V+3
j  kr.hs.sshs.JavaPTS.Main.main([Ljava/lang/String;)V+266
v  ~StubRoutines::call_stub

---------------  P R O C E S S  ---------------

Java Threads: ( => current thread )
  0x04a68000 JavaThread "AWT-EventQueue-0" [_thread_blocked, id=3392, stack(0x05a10000,0x05a60000)]
  0x04a5a800 JavaThread "AWT-Windows" daemon [_thread_in_native, id=608, stack(0x04eb0000,0x04f00000)]
  0x04a5a000 JavaThread "AWT-Shutdown" [_thread_blocked, id=420, stack(0x04d40000,0x04d90000)]
  0x04a57c00 JavaThread "Java2D Disposer" daemon [_thread_blocked, id=1204, stack(0x04c90000,0x04ce0000)]
  0x00de2000 JavaThread "Service Thread" daemon [_thread_blocked, id=1248, stack(0x01150000,0x011a0000)]
  0x00ddd800 JavaThread "C1 CompilerThread0" daemon [_thread_blocked, id=6960, stack(0x048d0000,0x04920000)]
  0x00ddc000 JavaThread "Attach Listener" daemon [_thread_blocked, id=8040, stack(0x00f90000,0x00fe0000)]
  0x00dd9000 JavaThread "Signal Dispatcher" daemon [_thread_blocked, id=7500, stack(0x01280000,0x012d0000)]
  0x00db7400 JavaThread "Finalizer" daemon [_thread_blocked, id=5240, stack(0x01230000,0x01280000)]
  0x00db2400 JavaThread "Reference Handler" daemon [_thread_blocked, id=6076, stack(0x010c0000,0x01110000)]
=>0x0014b400 JavaThread "main" [_thread_in_native, id=6796, stack(0x00c50000,0x00ca0000)]

Other Threads:
  0x00db0800 VMThread [stack: 0x00fe0000,0x01030000] [id=7324]
  0x04930c00 WatcherThread [stack: 0x012e0000,0x01330000] [id=8152]

VM state:not at safepoint (normal execution)

VM Mutex/Monitor currently owned by a thread: None

Heap
 def new generation   total 12096K, used 9124K [0x24260000, 0x24f80000, 0x297b0000)
  eden space 10752K,  72% used [0x24260000, 0x249f9328, 0x24ce0000)
  from space 1344K, 100% used [0x24e30000, 0x24f80000, 0x24f80000)
  to   space 1344K,   0% used [0x24ce0000, 0x24ce0000, 0x24e30000)
 tenured generation   total 26780K, used 23478K [0x297b0000, 0x2b1d7000, 0x34260000)
   the space 26780K,  87% used [0x297b0000, 0x2ae9d890, 0x2ae9da00, 0x2b1d7000)
 compacting perm gen  total 12288K, used 2074K [0x34260000, 0x34e60000, 0x38260000)
   the space 12288K,  16% used [0x34260000, 0x34466840, 0x34466a00, 0x34e60000)
    ro space 10240K,  42% used [0x38260000, 0x386a0348, 0x386a0400, 0x38c60000)
    rw space 12288K,  54% used [0x38c60000, 0x392e06f0, 0x392e0800, 0x39860000)

Card table byte_map: [0x00e00000,0x00eb0000] byte_map_base: 0x00cded00

Polling page: 0x00170000

Code Cache  [0x027f0000, 0x02980000, 0x047f0000)
 total_blobs=844 nmethods=607 adapters=172 free_code_cache=31169Kb largest_free_block=31917568

Compilation events (10 events):
Event: 233.636 Thread 0x00ddd800  597             java.awt.image.ComponentSampleModel::<init> (163 bytes)
Event: 233.637 Thread 0x00ddd800 nmethod 597 0x0297d208 code [0x0297d370, 0x0297d778]
Event: 234.022 Thread 0x00ddd800  598             javax.swing.SortingFocusTraversalPolicy::getFirstComponent (213 bytes)
Event: 234.025 Thread 0x00ddd800 nmethod 598 0x0297dac8 code [0x0297dd30, 0x0297e558]
Event: 234.693 Thread 0x00ddd800  599             java.util.Collections::sort (53 bytes)
Event: 234.694 Thread 0x00ddd800 nmethod 599 0x0297ef08 code [0x0297f050, 0x0297f1ac]
Event: 243.438 Thread 0x00ddd800  600             java.util.ArrayList::toArray (12 bytes)
Event: 243.438 Thread 0x00ddd800 nmethod 600 0x0297f348 code [0x0297f450, 0x0297f4fc]
Event: 244.228 Thread 0x00ddd800  601             java.util.ArrayList::addAll (54 bytes)
Event: 244.228 Thread 0x00ddd800 nmethod 601 0x0297f588 code [0x0297f6b0, 0x0297f8c4]

GC Heap History (10 events):
Event: 243.832 GC heap before
{Heap before GC invocations=283 (full 109):
 def new generation   total 12096K, used 10752K [0x24260000, 0x24f80000, 0x297b0000)
  eden space 10752K, 100% used [0x24260000, 0x24ce0000, 0x24ce0000)
  from space 1344K,   0% used [0x24ce0000, 0x24ce0000, 0x24e30000)
  to   space 1344K,   0% used [0x24e30000, 0x24e30000, 0x24f80000)
 tenured generation   total 26780K, used 13524K [0x297b0000, 0x2b1d7000, 0x34260000)
   the space 26780K,  50% used [0x297b0000, 0x2a4e5328, 0x2a4e5400, 0x2b1d7000)
 compacting perm gen  total 12288K, used 2074K [0x34260000, 0x34e60000, 0x38260000)
   the space 12288K,  16% used [0x34260000, 0x34466820, 0x34466a00, 0x34e60000)
    ro space 10240K,  42% used [0x38260000, 0x386a0348, 0x386a0400, 0x38c60000)
    rw space 12288K,  54% used [0x38c60000, 0x392e06f0, 0x392e0800, 0x39860000)
Event: 243.837 GC heap after
Heap after GC invocations=284 (full 109):
 def new generation   total 12096K, used 1344K [0x24260000, 0x24f80000, 0x297b0000)
  eden space 10752K,   0% used [0x24260000, 0x24260000, 0x24ce0000)
  from space 1344K, 100% used [0x24e30000, 0x24f80000, 0x24f80000)
  to   space 1344K,   0% used [0x24ce0000, 0x24ce0000, 0x24e30000)
 tenured generation   total 26780K, used 20346K [0x297b0000, 0x2b1d7000, 0x34260000)
   the space 26780K,  75% used [0x297b0000, 0x2ab8e980, 0x2ab8ea00, 0x2b1d7000)
 compacting perm gen  total 12288K, used 2074K [0x34260000, 0x34e60000, 0x38260000)
   the space 12288K,  16% used [0x34260000, 0x34466820, 0x34466a00, 0x34e60000)
    ro space 10240K,  42% used [0x38260000, 0x386a0348, 0x386a0400, 0x38c60000)
    rw space 12288K,  54% used [0x38c60000, 0x392e06f0, 0x392e0800, 0x39860000)
}
Event: 244.095 GC heap before
{Heap before GC invocations=284 (full 109):
 def new generation   total 12096K, used 12096K [0x24260000, 0x24f80000, 0x297b0000)
  eden space 10752K, 100% used [0x24260000, 0x24ce0000, 0x24ce0000)
  from space 1344K, 100% used [0x24e30000, 0x24f80000, 0x24f80000)
  to   space 1344K,   0% used [0x24ce0000, 0x24ce0000, 0x24e30000)
 tenured generation   total 26780K, used 20346K [0x297b0000, 0x2b1d7000, 0x34260000)
   the space 26780K,  75% used [0x297b0000, 0x2ab8e980, 0x2ab8ea00, 0x2b1d7000)
 compacting perm gen  total 12288K, used 2074K [0x34260000, 0x34e60000, 0x38260000)
   the space 12288K,  16% used [0x34260000, 0x34466820, 0x34466a00, 0x34e60000)
    ro space 10240K,  42% used [0x38260000, 0x386a0348, 0x386a0400, 0x38c60000)
    rw space 12288K,  54% used [0x38c60000, 0x392e06f0, 0x392e0800, 0x39860000)
Event: 244.132 GC heap after
Heap after GC invocations=285 (full 110):
 def new generation   total 12096K, used 0K [0x24260000, 0x24f80000, 0x297b0000)
  eden space 10752K,   0% used [0x24260000, 0x24260000, 0x24ce0000)
  from space 1344K,   0% used [0x24ce0000, 0x24ce0000, 0x24e30000)
  to   space 1344K,   0% used [0x24e30000, 0x24e30000, 0x24f80000)
 tenured generation   total 26780K, used 14129K [0x297b0000, 0x2b1d7000, 0x34260000)
   the space 26780K,  52% used [0x297b0000, 0x2a57c5b0, 0x2a57c600, 0x2b1d7000)
 compacting perm gen  total 12288K, used 2074K [0x34260000, 0x34e60000, 0x38260000)
   the space 12288K,  16% used [0x34260000, 0x34466820, 0x34466a00, 0x34e60000)
    ro space 10240K,  42% used [0x38260000, 0x386a0348, 0x386a0400, 0x38c60000)
    rw space 12288K,  54% used [0x38c60000, 0x392e06f0, 0x392e0800, 0x39860000)
}
Event: 244.638 GC heap before
{Heap before GC invocations=285 (full 110):
 def new generation   total 12096K, used 10752K [0x24260000, 0x24f80000, 0x297b0000)
  eden space 10752K, 100% used [0x24260000, 0x24ce0000, 0x24ce0000)
  from space 1344K,   0% used [0x24ce0000, 0x24ce0000, 0x24e30000)
  to   space 1344K,   0% used [0x24e30000, 0x24e30000, 0x24f80000)
 tenured generation   total 26780K, used 14129K [0x297b0000, 0x2b1d7000, 0x34260000)
   the space 26780K,  52% used [0x297b0000, 0x2a57c5b0, 0x2a57c600, 0x2b1d7000)
 compacting perm gen  total 12288K, used 2074K [0x34260000, 0x34e60000, 0x38260000)
   the space 12288K,  16% used [0x34260000, 0x34466820, 0x34466a00, 0x34e60000)
    ro space 10240K,  42% used [0x38260000, 0x386a0348, 0x386a0400, 0x38c60000)
    rw space 12288K,  54% used [0x38c60000, 0x392e06f0, 0x392e0800, 0x39860000)
Event: 244.643 GC heap after
Heap after GC invocations=286 (full 110):
 def new generation   total 12096K, used 1344K [0x24260000, 0x24f80000, 0x297b0000)
  eden space 10752K,   0% used [0x24260000, 0x24260000, 0x24ce0000)
  from space 1344K, 100% used [0x24e30000, 0x24f80000, 0x24f80000)
  to   space 1344K,   0% used [0x24ce0000, 0x24ce0000, 0x24e30000)
 tenured generation   total 26780K, used 22131K [0x297b0000, 0x2b1d7000, 0x34260000)
   the space 26780K,  82% used [0x297b0000, 0x2ad4cd60, 0x2ad4ce00, 0x2b1d7000)
 compacting perm gen  total 12288K, used 2074K [0x34260000, 0x34e60000, 0x38260000)
   the space 12288K,  16% used [0x34260000, 0x34466820, 0x34466a00, 0x34e60000)
    ro space 10240K,  42% used [0x38260000, 0x386a0348, 0x386a0400, 0x38c60000)
    rw space 12288K,  54% used [0x38c60000, 0x392e06f0, 0x392e0800, 0x39860000)
}
Event: 245.200 GC heap before
{Heap before GC invocations=286 (full 110):
 def new generation   total 12096K, used 12096K [0x24260000, 0x24f80000, 0x297b0000)
  eden space 10752K, 100% used [0x24260000, 0x24ce0000, 0x24ce0000)
  from space 1344K, 100% used [0x24e30000, 0x24f80000, 0x24f80000)
  to   space 1344K,   0% used [0x24ce0000, 0x24ce0000, 0x24e30000)
 tenured generation   total 26780K, used 22131K [0x297b0000, 0x2b1d7000, 0x34260000)
   the space 26780K,  82% used [0x297b0000, 0x2ad4cd60, 0x2ad4ce00, 0x2b1d7000)
 compacting perm gen  total 12288K, used 2074K [0x34260000, 0x34e60000, 0x38260000)
   the space 12288K,  16% used [0x34260000, 0x34466820, 0x34466a00, 0x34e60000)
    ro space 10240K,  42% used [0x38260000, 0x386a0348, 0x386a0400, 0x38c60000)
    rw space 12288K,  54% used [0x38c60000, 0x392e06f0, 0x392e0800, 0x39860000)
Event: 245.242 GC heap after
Heap after GC invocations=287 (full 111):
 def new generation   total 12096K, used 0K [0x24260000, 0x24f80000, 0x297b0000)
  eden space 10752K,   0% used [0x24260000, 0x24260000, 0x24ce0000)
  from space 1344K,   0% used [0x24ce0000, 0x24ce0000, 0x24e30000)
  to   space 1344K,   0% used [0x24e30000, 0x24e30000, 0x24f80000)
 tenured generation   total 26780K, used 15512K [0x297b0000, 0x2b1d7000, 0x34260000)
   the space 26780K,  57% used [0x297b0000, 0x2a6d60a0, 0x2a6d6200, 0x2b1d7000)
 compacting perm gen  total 12288K, used 2074K [0x34260000, 0x34e60000, 0x38260000)
   the space 12288K,  16% used [0x34260000, 0x34466820, 0x34466a00, 0x34e60000)
    ro space 10240K,  42% used [0x38260000, 0x386a0348, 0x386a0400, 0x38c60000)
    rw space 12288K,  54% used [0x38c60000, 0x392e06f0, 0x392e0800, 0x39860000)
}
Event: 245.992 GC heap before
{Heap before GC invocations=287 (full 111):
 def new generation   total 12096K, used 10752K [0x24260000, 0x24f80000, 0x297b0000)
  eden space 10752K, 100% used [0x24260000, 0x24ce0000, 0x24ce0000)
  from space 1344K,   0% used [0x24ce0000, 0x24ce0000, 0x24e30000)
  to   space 1344K,   0% used [0x24e30000, 0x24e30000, 0x24f80000)
 tenured generation   total 26780K, used 15512K [0x297b0000, 0x2b1d7000, 0x34260000)
   the space 26780K,  57% used [0x297b0000, 0x2a6d60a0, 0x2a6d6200, 0x2b1d7000)
 compacting perm gen  total 12288K, used 2074K [0x34260000, 0x34e60000, 0x38260000)
   the space 12288K,  16% used [0x34260000, 0x34466820, 0x34466a00, 0x34e60000)
    ro space 10240K,  42% used [0x38260000, 0x386a0348, 0x386a0400, 0x38c60000)
    rw space 12288K,  54% used [0x38c60000, 0x392e06f0, 0x392e0800, 0x39860000)
Event: 245.998 GC heap after
Heap after GC invocations=288 (full 111):
 def new generation   total 12096K, used 1344K [0x24260000, 0x24f80000, 0x297b0000)
  eden space 10752K,   0% used [0x24260000, 0x24260000, 0x24ce0000)
  from space 1344K, 100% used [0x24e30000, 0x24f80000, 0x24f80000)
  to   space 1344K,   0% used [0x24ce0000, 0x24ce0000, 0x24e30000)
 tenured generation   total 26780K, used 23478K [0x297b0000, 0x2b1d7000, 0x34260000)
   the space 26780K,  87% used [0x297b0000, 0x2ae9d890, 0x2ae9da00, 0x2b1d7000)
 compacting perm gen  total 12288K, used 2074K [0x34260000, 0x34e60000, 0x38260000)
   the space 12288K,  16% used [0x34260000, 0x34466820, 0x34466a00, 0x34e60000)
    ro space 10240K,  42% used [0x38260000, 0x386a0348, 0x386a0400, 0x38c60000)
    rw space 12288K,  54% used [0x38c60000, 0x392e06f0, 0x392e0800, 0x39860000)
}

Deoptimization events (0 events):
No events

Internal exceptions (10 events):
Event: 6.747 Thread 0x0014b400 Threw 0x242fd6c0 at C:\jdk7u1_32P\jdk7u9_3984_new\hotspot\src\share\vm\prims\jvm.cpp:1166
Event: 6.747 Thread 0x0014b400 Threw 0x24302fa0 at C:\jdk7u1_32P\jdk7u9_3984_new\hotspot\src\share\vm\prims\jvm.cpp:1166
Event: 6.748 Thread 0x0014b400 Threw 0x24309ba0 at C:\jdk7u1_32P\jdk7u9_3984_new\hotspot\src\share\vm\prims\jvm.cpp:1166
Event: 6.749 Thread 0x0014b400 Threw 0x2430f8a0 at C:\jdk7u1_32P\jdk7u9_3984_new\hotspot\src\share\vm\prims\jvm.cpp:1166
Event: 6.793 Thread 0x0014b400 Threw 0x24446040 at C:\jdk7u1_32P\jdk7u9_3984_new\hotspot\src\share\vm\prims\jvm.cpp:1166
Event: 24.404 Thread 0x0014b400 Threw 0x24827f70 at C:\jdk7u1_32P\jdk7u9_3984_new\hotspot\src\share\vm\prims\jvm.cpp:1166
Event: 24.498 Thread 0x0014b400 Threw 0x2467cdf8 at C:\jdk7u1_32P\jdk7u9_3984_new\hotspot\src\share\vm\prims\jvm.cpp:1166
Event: 24.533 Thread 0x0014b400 Threw 0x24271460 at C:\jdk7u1_32P\jdk7u9_3984_new\hotspot\src\share\vm\prims\jvm.cpp:1166
Event: 24.580 Thread 0x0014b400 Threw 0x242ee448 at C:\jdk7u1_32P\jdk7u9_3984_new\hotspot\src\share\vm\prims\jvm.cpp:1166
Event: 24.582 Thread 0x0014b400 Threw 0x242f1d78 at C:\jdk7u1_32P\jdk7u9_3984_new\hotspot\src\share\vm\prims\jvm.cpp:1166

Events (10 events):
Event: 244.095 Executing VM operation: GenCollectForAllocation
Event: 244.132 Executing VM operation: GenCollectForAllocation done
Event: 244.638 Executing VM operation: GenCollectForAllocation
Event: 244.643 Executing VM operation: GenCollectForAllocation done
Event: 245.200 Executing VM operation: GenCollectForAllocation
Event: 245.242 Executing VM operation: GenCollectForAllocation done
Event: 245.992 Executing VM operation: GenCollectForAllocation
Event: 245.998 Executing VM operation: GenCollectForAllocation done
Event: 248.671 Executing VM operation: BulkRevokeBias
Event: 248.671 Executing VM operation: BulkRevokeBias done


Dynamic libraries:
0x013c0000 - 0x013ef000 	C:\Program Files (x86)\Java\jre7\bin\javaw.exe
0x77d80000 - 0x77f00000 	C:\windows\SysWOW64\ntdll.dll
0x76510000 - 0x76620000 	C:\windows\syswow64\kernel32.dll
0x75bd0000 - 0x75c17000 	C:\windows\syswow64\KERNELBASE.dll
0x76470000 - 0x76510000 	C:\windows\syswow64\ADVAPI32.dll
0x75d30000 - 0x75ddc000 	C:\windows\syswow64\msvcrt.dll
0x75690000 - 0x756a9000 	C:\windows\SysWOW64\sechost.dll
0x75c40000 - 0x75d30000 	C:\windows\syswow64\RPCRT4.dll
0x75460000 - 0x754c0000 	C:\windows\syswow64\SspiCli.dll
0x75450000 - 0x7545c000 	C:\windows\syswow64\CRYPTBASE.dll
0x75fd0000 - 0x760d0000 	C:\windows\syswow64\USER32.dll
0x77350000 - 0x773e0000 	C:\windows\syswow64\GDI32.dll
0x77d50000 - 0x77d5a000 	C:\windows\syswow64\LPK.dll
0x754c0000 - 0x7555d000 	C:\windows\syswow64\USP10.dll
0x72790000 - 0x7292e000 	C:\windows\WinSxS\x86_microsoft.windows.common-controls_6595b64144ccf1df_6.0.7601.17514_none_41e6975e2bd6f2b2\COMCTL32.dll
0x77460000 - 0x774b7000 	C:\windows\syswow64\SHLWAPI.dll
0x75b70000 - 0x75bd0000 	C:\windows\system32\IMM32.DLL
0x77280000 - 0x7734c000 	C:\windows\syswow64\MSCTF.dll
0x72930000 - 0x72968000 	C:\windows\SysWOW64\nvinit.dll
0x6b8c0000 - 0x6b97e000 	C:\Program Files (x86)\Java\jre7\bin\msvcr100.dll
0x61bb0000 - 0x61efd000 	C:\Program Files (x86)\Java\jre7\bin\client\jvm.dll
0x724a0000 - 0x724a7000 	C:\windows\system32\WSOCK32.dll
0x756b0000 - 0x756e5000 	C:\windows\syswow64\WS2_32.dll
0x75680000 - 0x75686000 	C:\windows\syswow64\NSI.dll
0x724b0000 - 0x724e2000 	C:\windows\system32\WINMM.dll
0x76620000 - 0x76625000 	C:\windows\syswow64\PSAPI.DLL
0x73970000 - 0x7397c000 	C:\Program Files (x86)\Java\jre7\bin\verify.dll
0x6bb20000 - 0x6bb40000 	C:\Program Files (x86)\Java\jre7\bin\java.dll
0x6b8a0000 - 0x6b8b3000 	C:\Program Files (x86)\Java\jre7\bin\zip.dll
0x722f0000 - 0x72359000 	C:\Windows\System32\msvcp100.dll
0x6b5f0000 - 0x6b618000 	C:\opencv\build\common\tbb\ia32\vc10\tbb.dll
0x64da0000 - 0x64f8d000 	C:\opencv\build\x86\vc10\bin\opencv_core242.dll
0x6b4f0000 - 0x6b560000 	C:\Users\Ryu\AppData\Local\Temp\javacpp30210707626643\jniopencv_core.dll
0x67530000 - 0x67672000 	C:\Program Files (x86)\Java\jre7\bin\awt.dll
0x75f00000 - 0x75f8f000 	C:\windows\syswow64\OLEAUT32.dll
0x75a10000 - 0x75b6c000 	C:\windows\syswow64\ole32.dll
0x70810000 - 0x70823000 	C:\windows\system32\DWMAPI.DLL
0x711f0000 - 0x71270000 	C:\windows\system32\uxtheme.dll
0x10000000 - 0x10039000 	C:\Program Files (x86)\Samsung\Easy Settings\WinCRT.dll
0x72a20000 - 0x72a71000 	C:\windows\system32\WINSPOOL.DRV
0x71650000 - 0x7169c000 	C:\windows\system32\apphelp.dll
0x70980000 - 0x709e9000 	C:\windows\system32\IMKR12.IME
0x76630000 - 0x7727a000 	C:\windows\syswow64\SHELL32.dll
0x70a60000 - 0x70afb000 	C:\windows\WinSxS\x86_microsoft.vc80.crt_1fc8b3b9a1e18e3b_8.0.50727.6195_none_d09154e044272b9a\MSVCR80.dll
0x70b00000 - 0x70b87000 	C:\windows\WinSxS\x86_microsoft.vc80.crt_1fc8b3b9a1e18e3b_8.0.50727.6195_none_d09154e044272b9a\MSVCP80.dll
0x6b5c0000 - 0x6b5ea000 	C:\Program Files (x86)\Java\jre7\bin\fontmanager.dll
0x758c0000 - 0x75943000 	C:\windows\syswow64\CLBCatQ.DLL
0x73d30000 - 0x73dca000 	C:\PROGRA~2\COMMON~1\MICROS~1\IME12\IMEKR\IMKRTIP.DLL
0x73c40000 - 0x73ce5000 	C:\PROGRA~2\COMMON~1\MICROS~1\IME12\SHARED\IMETIP.DLL
0x73610000 - 0x73632000 	C:\PROGRA~2\COMMON~1\MICROS~1\IME12\IMEKR\IMKRAPI.DLL
0x71ca0000 - 0x71ca9000 	C:\windows\system32\VERSION.dll
0x735e0000 - 0x7360d000 	C:\PROGRA~2\COMMON~1\MICROS~1\IME12\SHARED\IMJKAPI.DLL
0x68b80000 - 0x68bbd000 	C:\ffmpeg\ffmpeg-20120720-git-85761ef-win32-shared\bin\avutil-51.dll
0x6b4d0000 - 0x6b4e6000 	C:\Users\Ryu\AppData\Local\Temp\javacpp30210707626643\jniavutil.dll
0x06390000 - 0x0787e000 	C:\ffmpeg\ffmpeg-20120720-git-85761ef-win32-shared\bin\avcodec-54.dll
0x6ad80000 - 0x6adcb000 	C:\Users\Ryu\AppData\Local\Temp\javacpp30210707626643\jniavcodec.dll
0x69900000 - 0x69bc2000 	C:\ffmpeg\ffmpeg-20120720-git-85761ef-win32-shared\bin\avformat-54.dll
0x6b480000 - 0x6b499000 	C:\windows\system32\AVIFIL32.DLL
0x73990000 - 0x739a4000 	C:\windows\system32\MSACM32.dll
0x011f0000 - 0x01211000 	C:\windows\system32\MSVFW32.dll
0x68340000 - 0x68364000 	C:\Users\Ryu\AppData\Local\Temp\javacpp30210707626643\jniavformat.dll
0x6afc0000 - 0x6aff3000 	C:\ffmpeg\ffmpeg-20120720-git-85761ef-win32-shared\bin\postproc-52.dll
0x73980000 - 0x73989000 	C:\Users\Ryu\AppData\Local\Temp\javacpp30210707626643\jnipostproc.dll
0x707c0000 - 0x707e2000 	C:\ffmpeg\ffmpeg-20120720-git-85761ef-win32-shared\bin\swresample-0.dll
0x6bbe0000 - 0x6bbea000 	C:\Users\Ryu\AppData\Local\Temp\javacpp30210707626643\jniswresample.dll
0x6ab00000 - 0x6ab5c000 	C:\ffmpeg\ffmpeg-20120720-git-85761ef-win32-shared\bin\swscale-2.dll
0x6b890000 - 0x6b89d000 	C:\Users\Ryu\AppData\Local\Temp\javacpp30210707626643\jniswscale.dll
0x68310000 - 0x68334000 	C:\Users\Ryu\AppData\Local\Temp\javacpp30210707626643\jniavfilter.dll
0x624c0000 - 0x6261f000 	C:\ffmpeg\ffmpeg-20120720-git-85761ef-win32-shared\bin\avfilter-3.dll
0x6dd40000 - 0x6ddb0000 	C:\ffmpeg\ffmpeg-20120720-git-85761ef-win32-shared\bin\avdevice-54.dll
0x69e80000 - 0x69e93000 	C:\windows\system32\AVICAP32.DLL
0x6b4c0000 - 0x6b4c8000 	C:\Users\Ryu\AppData\Local\Temp\javacpp30210707626643\jniavdevice.dll
0x64b50000 - 0x64d9a000 	C:\opencv\build\x86\vc10\bin\opencv_imgproc242.dll
0x682d0000 - 0x68304000 	C:\Users\Ryu\AppData\Local\Temp\javacpp30210707626643\jniopencv_imgproc.dll
0x6be30000 - 0x6bf1b000 	C:\windows\system32\dbghelp.dll

VM Arguments:
jvm_args: -Dfile.encoding=UTF-8 
java_command: kr.hs.sshs.JavaPTS.Main
Launcher Type: SUN_STANDARD

Environment Variables:
CLASSPATH=.
PATH=C:\ffmpeg\ffmpeg-20120720-git-85761ef-win32-shared\bin\;C:\Program Files\Common Files\Microsoft Shared\Windows Live;C:\Program Files (x86)\Common Files\Microsoft Shared\Windows Live;C:\Program Files (x86)\NVIDIA Corporation\PhysX\Common;C:\Program Files (x86)\Intel\iCLS Client\;C:\Program Files\Intel\iCLS Client\;C:\windows\system32;C:\windows;C:\windows\System32\Wbem;C:\windows\System32\WindowsPowerShell\v1.0\;C:\Program Files\Intel\Intel(R) Management Engine Components\DAL;C:\Program Files\Intel\Intel(R) Management Engine Components\IPT;C:\Program Files (x86)\Intel\Intel(R) Management Engine Components\DAL;C:\Program Files (x86)\Intel\Intel(R) Management Engine Components\IPT;C:\Program Files (x86)\Intel\OpenCL SDK\2.0\bin\x86;C:\Program Files (x86)\Intel\OpenCL SDK\2.0\bin\x64;C:\Program Files\Intel\WiFi\bin\;C:\Program Files\Common Files\Intel\WirelessCommon\;C:\Program Files (x86)\Windows Live\Shared;C:\Program Files (x86)\Microsoft SQL Server\100\Tools\Binn\;C:\Program Files\Microsoft SQL Server\100\Tools\Binn\;C:\Program Files\Microsoft SQL Server\100\DTS\Binn\;C:\Program Files (x86)\Java\jdk1.7.0_07\bin
USERNAME=Ryu
OS=Windows_NT
PROCESSOR_IDENTIFIER=Intel64 Family 6 Model 58 Stepping 9, GenuineIntel



---------------  S Y S T E M  ---------------

OS: Windows 7 , 64 bit Build 7601 Service Pack 1

CPU:total 4 (2 cores per cpu, 2 threads per core) family 6 model 58 stepping 9, cmov, cx8, fxsr, mmx, sse, sse2, sse3, ssse3, sse4.1, sse4.2, popcnt, avx, ht, tsc, tscinvbit, tscinv

Memory: 4k page, physical 8283524k(4355312k free), swap 16565196k(12236076k free)

vm_info: Java HotSpot(TM) Client VM (23.5-b02) for windows-x86 JRE (1.7.0_09-b05), built on Sep 24 2012 22:01:33 by "java_re" with unknown MS VC++:1600

time: Sun Dec 02 17:19:55 2012
elapsed time: 249 seconds

